Iter	 Iter_time	 Master	 Subprob	 Full_Test	 argmax	Iter_acc	 Master_acc	 Subprob_acc	 Full_Test_acc	 argmax_acc
1	 0.001081	 0.000671	 0.000291	 0.000000	 0.000080	0.001081	 0.000671	 0.000291	 0.000000	 0.000080
2	 0.005016	 0.004711	 0.000210	 0.000000	 0.000059	0.006097	 0.005382	 0.000501	 0.000000	 0.000139
3	 0.004758	 0.004566	 0.000066	 0.000000	 0.000081	0.010855	 0.009948	 0.000567	 0.000000	 0.000220
4	 0.004628	 0.004515	 0.000050	 0.000000	 0.000026	0.015483	 0.014463	 0.000617	 0.000000	 0.000246
5	 0.004361	 0.003926	 0.000167	 0.000000	 0.000227	0.019844	 0.018389	 0.000784	 0.000000	 0.000473
6	 0.003964	 0.003836	 0.000067	 0.000000	 0.000023	0.023808	 0.022225	 0.000851	 0.000000	 0.000496
7	 0.005113	 0.005008	 0.000050	 0.000000	 0.000023	0.028921	 0.027233	 0.000901	 0.000000	 0.000519
8	 0.004868	 0.004734	 0.000080	 0.000000	 0.000027	0.033789	 0.031967	 0.000981	 0.000000	 0.000546
9	 0.006038	 0.005839	 0.000114	 0.000000	 0.000047	0.039827	 0.037806	 0.001095	 0.000000	 0.000593
10	 0.005540	 0.005430	 0.000044	 0.000000	 0.000030	0.045367	 0.043236	 0.001139	 0.000000	 0.000623
11	 0.005607	 0.005464	 0.000070	 0.000000	 0.000042	0.050974	 0.048700	 0.001209	 0.000000	 0.000665
12	 0.005124	 0.005040	 0.000033	 0.000000	 0.000026	0.056098	 0.053740	 0.001242	 0.000000	 0.000691
13	 0.005435	 0.005298	 0.000068	 0.000000	 0.000037	0.061533	 0.059038	 0.001310	 0.000000	 0.000728
14	 0.006395	 0.006255	 0.000064	 0.000000	 0.000033	0.067928	 0.065293	 0.001374	 0.000000	 0.000761
15	 0.005556	 0.005406	 0.000065	 0.000000	 0.000047	0.073484	 0.070699	 0.001439	 0.000000	 0.000808
16	 0.005741	 0.005649	 0.000038	 0.000000	 0.000025	0.079225	 0.076348	 0.001477	 0.000000	 0.000833
17	 0.006009	 0.005879	 0.000058	 0.000000	 0.000038	0.085234	 0.082227	 0.001535	 0.000000	 0.000871
18	 0.005959	 0.005772	 0.000054	 0.000000	 0.000039	0.091193	 0.087999	 0.001589	 0.000000	 0.000910
19	 0.006091	 0.005926	 0.000078	 0.000000	 0.000028	0.097284	 0.093925	 0.001667	 0.000000	 0.000938
20	 0.006517	 0.006396	 0.000058	 0.000000	 0.000021	0.103801	 0.100321	 0.001725	 0.000000	 0.000959
21	 0.006206	 0.006079	 0.000061	 0.000000	 0.000033	0.110007	 0.106400	 0.001786	 0.000000	 0.000992
22	 0.005417	 0.005335	 0.000041	 0.000000	 0.000018	0.115424	 0.111735	 0.001827	 0.000000	 0.001010
23	 0.005129	 0.005012	 0.000049	 0.000000	 0.000028	0.120553	 0.116747	 0.001876	 0.000000	 0.001038
24	 0.005467	 0.005360	 0.000053	 0.000000	 0.000026	0.126020	 0.122107	 0.001929	 0.000000	 0.001064
25	 0.005804	 0.005626	 0.000078	 0.000000	 0.000046	0.131824	 0.127733	 0.002007	 0.000000	 0.001110
26	 0.006290	 0.006155	 0.000067	 0.000000	 0.000033	0.138114	 0.133888	 0.002074	 0.000000	 0.001143
27	 0.005862	 0.005725	 0.000062	 0.000000	 0.000044	0.143976	 0.139613	 0.002136	 0.000000	 0.001187
28	 0.005495	 0.005419	 0.000032	 0.000000	 0.000015	0.149471	 0.145032	 0.002168	 0.000000	 0.001202
29	 0.005108	 0.004999	 0.000050	 0.000000	 0.000034	0.154579	 0.150031	 0.002218	 0.000000	 0.001236
30	 0.005912	 0.005822	 0.000047	 0.000000	 0.000016	0.160491	 0.155853	 0.002265	 0.000000	 0.001252
31	 0.006237	 0.005980	 0.000141	 0.000000	 0.000055	0.166728	 0.161833	 0.002406	 0.000000	 0.001307
32	 0.006283	 0.006115	 0.000083	 0.000000	 0.000030	0.173011	 0.167948	 0.002489	 0.000000	 0.001337
33	 0.005621	 0.005528	 0.000035	 0.000000	 0.000022	0.178632	 0.173476	 0.002524	 0.000000	 0.001359
34	 0.005857	 0.005768	 0.000032	 0.000000	 0.000021	0.184489	 0.179244	 0.002556	 0.000000	 0.001380
35	 0.006000	 0.005909	 0.000030	 0.000000	 0.000018	0.190489	 0.185153	 0.002586	 0.000000	 0.001398
36	 0.006539	 0.006369	 0.000078	 0.000000	 0.000033	0.197028	 0.191522	 0.002664	 0.000000	 0.001431
37	 0.006524	 0.006381	 0.000055	 0.000000	 0.000029	0.203552	 0.197903	 0.002719	 0.000000	 0.001460
38	 0.006447	 0.006270	 0.000086	 0.000000	 0.000031	0.209999	 0.204173	 0.002805	 0.000000	 0.001491
39	 0.006601	 0.006494	 0.000037	 0.000000	 0.000026	0.216600	 0.210667	 0.002842	 0.000000	 0.001517
40	 0.006422	 0.006302	 0.000053	 0.000000	 0.000022	0.223022	 0.216969	 0.002895	 0.000000	 0.001539
41	 0.006017	 0.005814	 0.000103	 0.000000	 0.000034	0.229039	 0.222783	 0.002998	 0.000000	 0.001573
42	 0.005650	 0.005481	 0.000068	 0.000000	 0.000044	0.234689	 0.228264	 0.003066	 0.000000	 0.001617
43	 0.006852	 0.006716	 0.000041	 0.000000	 0.000035	0.241541	 0.234980	 0.003107	 0.000000	 0.001652
44	 0.006370	 0.006255	 0.000041	 0.000000	 0.000039	0.247911	 0.241235	 0.003148	 0.000000	 0.001691
45	 0.005886	 0.005724	 0.000072	 0.000000	 0.000049	0.253797	 0.246959	 0.003220	 0.000000	 0.001740
46	 0.006074	 0.005963	 0.000049	 0.000000	 0.000025	0.259871	 0.252922	 0.003269	 0.000000	 0.001765
47	 0.006089	 0.005963	 0.000056	 0.000000	 0.000036	0.265960	 0.258885	 0.003325	 0.000000	 0.001801
48	 0.005921	 0.005822	 0.000037	 0.000000	 0.000024	0.271881	 0.264707	 0.003362	 0.000000	 0.001825
49	 0.005867	 0.005731	 0.000074	 0.000000	 0.000032	0.277748	 0.270438	 0.003436	 0.000000	 0.001857
50	 0.005734	 0.005632	 0.000041	 0.000000	 0.000019	0.283482	 0.276070	 0.003477	 0.000000	 0.001876
51	 0.005900	 0.005774	 0.000049	 0.000000	 0.000030	0.289382	 0.281844	 0.003526	 0.000000	 0.001906
52	 0.006609	 0.006366	 0.000125	 0.000000	 0.000070	0.295991	 0.288210	 0.003651	 0.000000	 0.001976
53	 0.005519	 0.005420	 0.000044	 0.000000	 0.000023	0.301510	 0.293630	 0.003695	 0.000000	 0.001999
54	 0.006194	 0.005969	 0.000108	 0.000000	 0.000070	0.307704	 0.299599	 0.003803	 0.000000	 0.002069
55	 0.005950	 0.005855	 0.000037	 0.000000	 0.000023	0.313654	 0.305454	 0.003840	 0.000000	 0.002092
56	 0.006361	 0.006220	 0.000058	 0.000000	 0.000045	0.320015	 0.311674	 0.003898	 0.000000	 0.002137
57	 0.004974	 0.004899	 0.000028	 0.000000	 0.000020	0.324989	 0.316573	 0.003926	 0.000000	 0.002157
58	 0.005700	 0.005574	 0.000053	 0.000000	 0.000045	0.330689	 0.322147	 0.003979	 0.000000	 0.002202
59	 0.005432	 0.005347	 0.000039	 0.000000	 0.000019	0.336121	 0.327494	 0.004018	 0.000000	 0.002221
60	 0.005418	 0.005279	 0.000057	 0.000000	 0.000046	0.341539	 0.332773	 0.004075	 0.000000	 0.002267
61	 0.005377	 0.005253	 0.000054	 0.000000	 0.000030	0.346916	 0.338026	 0.004129	 0.000000	 0.002297
62	 0.005905	 0.005723	 0.000082	 0.000000	 0.000049	0.352821	 0.343749	 0.004211	 0.000000	 0.002346
63	 0.005408	 0.005289	 0.000059	 0.000000	 0.000026	0.358229	 0.349038	 0.004270	 0.000000	 0.002372
64	 0.005512	 0.005375	 0.000062	 0.000000	 0.000039	0.363741	 0.354413	 0.004332	 0.000000	 0.002411
65	 0.004068	 0.003970	 0.000049	 0.000000	 0.000021	0.367809	 0.358383	 0.004381	 0.000000	 0.002432
66	 0.005003	 0.004851	 0.000080	 0.000000	 0.000045	0.372812	 0.363234	 0.004461	 0.000000	 0.002477
67	 0.004385	 0.004312	 0.000029	 0.000000	 0.000018	0.377197	 0.367546	 0.004490	 0.000000	 0.002495
68	 0.005095	 0.004982	 0.000048	 0.000000	 0.000036	0.382292	 0.372528	 0.004538	 0.000000	 0.002531
69	 0.005644	 0.005567	 0.000031	 0.000000	 0.000020	0.387936	 0.378095	 0.004569	 0.000000	 0.002551
70	 0.004866	 0.004742	 0.000056	 0.000000	 0.000035	0.392802	 0.382837	 0.004625	 0.000000	 0.002586
71	 0.004207	 0.004130	 0.000031	 0.000000	 0.000022	0.397009	 0.386967	 0.004656	 0.000000	 0.002608
72	 0.004490	 0.004353	 0.000071	 0.000000	 0.000037	0.401499	 0.391320	 0.004727	 0.000000	 0.002645
73	 0.004387	 0.004314	 0.000036	 0.000000	 0.000017	0.405886	 0.395634	 0.004763	 0.000000	 0.002662
74	 0.004638	 0.004520	 0.000051	 0.000000	 0.000037	0.410524	 0.400154	 0.004814	 0.000000	 0.002699
75	 0.004290	 0.004224	 0.000027	 0.000000	 0.000018	0.414814	 0.404378	 0.004841	 0.000000	 0.002717
76	 0.004269	 0.004159	 0.000047	 0.000000	 0.000036	0.419083	 0.408537	 0.004888	 0.000000	 0.002753
77	 0.005213	 0.005149	 0.000025	 0.000000	 0.000016	0.424296	 0.413686	 0.004913	 0.000000	 0.002769
78	 0.004800	 0.004692	 0.000047	 0.000000	 0.000032	0.429096	 0.418378	 0.004960	 0.000000	 0.002801
79	 0.004499	 0.004428	 0.000027	 0.000000	 0.000018	0.433595	 0.422806	 0.004987	 0.000000	 0.002819
80	 0.005161	 0.005050	 0.000048	 0.000000	 0.000038	0.438756	 0.427856	 0.005035	 0.000000	 0.002857
81	 0.004781	 0.004711	 0.000026	 0.000000	 0.000017	0.443537	 0.432567	 0.005061	 0.000000	 0.002874
82	 0.005156	 0.005046	 0.000047	 0.000000	 0.000036	0.448693	 0.437613	 0.005108	 0.000000	 0.002910
83	 0.003977	 0.003890	 0.000043	 0.000000	 0.000020	0.452670	 0.441503	 0.005151	 0.000000	 0.002930
84	 0.004371	 0.004242	 0.000059	 0.000000	 0.000044	0.457041	 0.445745	 0.005210	 0.000000	 0.002974
85	 0.004833	 0.004767	 0.000024	 0.000000	 0.000019	0.461874	 0.450512	 0.005234	 0.000000	 0.002993
86	 0.004576	 0.004465	 0.000047	 0.000000	 0.000036	0.466450	 0.454977	 0.005281	 0.000000	 0.003029
87	 0.004943	 0.004870	 0.000024	 0.000000	 0.000025	0.471393	 0.459847	 0.005305	 0.000000	 0.003054
88	 0.004987	 0.004866	 0.000048	 0.000000	 0.000044	0.476380	 0.464713	 0.005353	 0.000000	 0.003098
89	 0.004320	 0.004241	 0.000026	 0.000000	 0.000027	0.480700	 0.468954	 0.005379	 0.000000	 0.003125
90	 0.005390	 0.005254	 0.000050	 0.000000	 0.000045	0.486090	 0.474208	 0.005429	 0.000000	 0.003170
91	 0.005802	 0.005703	 0.000045	 0.000000	 0.000027	0.491892	 0.479911	 0.005474	 0.000000	 0.003197
92	 0.005095	 0.004894	 0.000112	 0.000000	 0.000052	0.496987	 0.484805	 0.005586	 0.000000	 0.003249
93	 0.005178	 0.005107	 0.000029	 0.000000	 0.000020	0.502165	 0.489912	 0.005615	 0.000000	 0.003269
94	 0.004937	 0.004805	 0.000069	 0.000000	 0.000036	0.507102	 0.494717	 0.005684	 0.000000	 0.003305
95	 0.005172	 0.005082	 0.000038	 0.000000	 0.000019	0.512274	 0.499799	 0.005722	 0.000000	 0.003324
96	 0.005554	 0.005474	 0.000034	 0.000000	 0.000021	0.517828	 0.505273	 0.005756	 0.000000	 0.003345
97	 0.005336	 0.005134	 0.000096	 0.000000	 0.000049	0.523164	 0.510407	 0.005852	 0.000000	 0.003394
98	 0.004889	 0.004800	 0.000044	 0.000000	 0.000023	0.528053	 0.515207	 0.005896	 0.000000	 0.003417
99	 0.005406	 0.005274	 0.000058	 0.000000	 0.000039	0.533459	 0.520481	 0.005954	 0.000000	 0.003456
100	 0.005793	 0.005695	 0.000030	 0.000000	 0.000030	0.539252	 0.526176	 0.005984	 0.000000	 0.003486
101	 0.005608	 0.005501	 0.000037	 0.000000	 0.000034	0.544860	 0.531677	 0.006021	 0.000000	 0.003520
102	 0.005596	 0.005464	 0.000053	 0.000000	 0.000046	0.550456	 0.537141	 0.006074	 0.000000	 0.003566
103	 0.004734	 0.004662	 0.000028	 0.000000	 0.000020	0.555190	 0.541803	 0.006102	 0.000000	 0.003586
104	 0.004668	 0.004547	 0.000050	 0.000000	 0.000045	0.559858	 0.546350	 0.006152	 0.000000	 0.003631
105	 0.005008	 0.004936	 0.000029	 0.000000	 0.000021	0.564866	 0.551286	 0.006181	 0.000000	 0.003652
106	 0.005886	 0.005765	 0.000047	 0.000000	 0.000044	0.570752	 0.557051	 0.006228	 0.000000	 0.003696
107	 0.005766	 0.005671	 0.000037	 0.000000	 0.000027	0.576518	 0.562722	 0.006265	 0.000000	 0.003723
108	 0.004839	 0.004708	 0.000052	 0.000000	 0.000049	0.581357	 0.567430	 0.006317	 0.000000	 0.003772
109	 0.005032	 0.004959	 0.000028	 0.000000	 0.000021	0.586389	 0.572389	 0.006345	 0.000000	 0.003793
110	 0.004591	 0.004468	 0.000049	 0.000000	 0.000044	0.590980	 0.576857	 0.006394	 0.000000	 0.003837
111	 0.004668	 0.004595	 0.000028	 0.000000	 0.000021	0.595648	 0.581452	 0.006422	 0.000000	 0.003858
112	 0.004163	 0.004041	 0.000051	 0.000000	 0.000047	0.599811	 0.585493	 0.006473	 0.000000	 0.003905
113	 0.004794	 0.004724	 0.000027	 0.000000	 0.000019	0.604605	 0.590217	 0.006500	 0.000000	 0.003924
114	 0.004401	 0.004279	 0.000049	 0.000000	 0.000045	0.609006	 0.594496	 0.006549	 0.000000	 0.003969
115	 0.004774	 0.004686	 0.000047	 0.000000	 0.000020	0.613780	 0.599182	 0.006596	 0.000000	 0.003989
116	 0.005040	 0.004915	 0.000060	 0.000000	 0.000039	0.618820	 0.604097	 0.006656	 0.000000	 0.004028
117	 0.004541	 0.004455	 0.000028	 0.000000	 0.000022	0.623361	 0.608552	 0.006684	 0.000000	 0.004050
118	 0.005299	 0.005227	 0.000028	 0.000000	 0.000020	0.628660	 0.613779	 0.006712	 0.000000	 0.004070
119	 0.005633	 0.005506	 0.000054	 0.000000	 0.000041	0.634293	 0.619285	 0.006766	 0.000000	 0.004111
120	 0.005222	 0.005119	 0.000037	 0.000000	 0.000036	0.639515	 0.624404	 0.006803	 0.000000	 0.004147
121	 0.005902	 0.005737	 0.000079	 0.000000	 0.000042	0.645417	 0.630141	 0.006882	 0.000000	 0.004189
122	 0.005856	 0.005724	 0.000058	 0.000000	 0.000038	0.651273	 0.635865	 0.006940	 0.000000	 0.004227
123	 0.005028	 0.004853	 0.000078	 0.000000	 0.000061	0.656301	 0.640718	 0.007018	 0.000000	 0.004288
124	 0.006058	 0.005968	 0.000032	 0.000000	 0.000030	0.662359	 0.646686	 0.007050	 0.000000	 0.004318
125	 0.006428	 0.006218	 0.000084	 0.000000	 0.000077	0.668787	 0.652904	 0.007134	 0.000000	 0.004395
126	 0.005494	 0.005398	 0.000039	 0.000000	 0.000023	0.674281	 0.658302	 0.007173	 0.000000	 0.004418
127	 0.005481	 0.005333	 0.000055	 0.000000	 0.000057	0.679762	 0.663635	 0.007228	 0.000000	 0.004475
128	 0.006265	 0.006152	 0.000043	 0.000000	 0.000035	0.686027	 0.669787	 0.007271	 0.000000	 0.004510
129	 0.005923	 0.005722	 0.000106	 0.000000	 0.000056	0.691950	 0.675509	 0.007377	 0.000000	 0.004566
130	 0.005907	 0.005795	 0.000053	 0.000000	 0.000030	0.697857	 0.681304	 0.007430	 0.000000	 0.004596
131	 0.006749	 0.006574	 0.000089	 0.000000	 0.000050	0.704606	 0.687878	 0.007519	 0.000000	 0.004646
132	 0.005132	 0.005048	 0.000028	 0.000000	 0.000019	0.709738	 0.692926	 0.007547	 0.000000	 0.004665
133	 0.005443	 0.005349	 0.000033	 0.000000	 0.000022	0.715181	 0.698275	 0.007580	 0.000000	 0.004687
134	 0.004973	 0.004870	 0.000036	 0.000000	 0.000038	0.720154	 0.703145	 0.007616	 0.000000	 0.004725
135	 0.005146	 0.005002	 0.000057	 0.000000	 0.000051	0.725300	 0.708147	 0.007673	 0.000000	 0.004776
136	 0.006209	 0.006114	 0.000038	 0.000000	 0.000022	0.731509	 0.714261	 0.007711	 0.000000	 0.004798
137	 0.005715	 0.005574	 0.000062	 0.000000	 0.000045	0.737224	 0.719835	 0.007773	 0.000000	 0.004843
138	 0.006579	 0.006446	 0.000059	 0.000000	 0.000028	0.743803	 0.726281	 0.007832	 0.000000	 0.004871
139	 0.006706	 0.006607	 0.000047	 0.000000	 0.000024	0.750509	 0.732888	 0.007879	 0.000000	 0.004895
140	 0.006474	 0.006316	 0.000074	 0.000000	 0.000048	0.756983	 0.739204	 0.007953	 0.000000	 0.004943
141	 0.006236	 0.006070	 0.000068	 0.000000	 0.000043	0.763219	 0.745274	 0.008021	 0.000000	 0.004986
142	 0.006394	 0.006226	 0.000076	 0.000000	 0.000051	0.769613	 0.751500	 0.008097	 0.000000	 0.005037
143	 0.006912	 0.006709	 0.000082	 0.000000	 0.000082	0.776525	 0.758209	 0.008179	 0.000000	 0.005119
144	 0.005743	 0.005642	 0.000048	 0.000000	 0.000022	0.782268	 0.763851	 0.008227	 0.000000	 0.005141
145	 0.005801	 0.005639	 0.000081	 0.000000	 0.000046	0.788069	 0.769490	 0.008308	 0.000000	 0.005187
146	 0.006763	 0.006642	 0.000046	 0.000000	 0.000036	0.794832	 0.776132	 0.008354	 0.000000	 0.005223
147	 0.005891	 0.005708	 0.000094	 0.000000	 0.000052	0.800723	 0.781840	 0.008448	 0.000000	 0.005275
148	 0.006594	 0.006480	 0.000057	 0.000000	 0.000024	0.807317	 0.788320	 0.008505	 0.000000	 0.005299
149	 0.005833	 0.005661	 0.000086	 0.000000	 0.000046	0.813150	 0.793981	 0.008591	 0.000000	 0.005345
150	 0.006135	 0.006007	 0.000041	 0.000000	 0.000035	0.819285	 0.799988	 0.008632	 0.000000	 0.005380
151	 0.006933	 0.006780	 0.000065	 0.000000	 0.000046	0.826218	 0.806768	 0.008697	 0.000000	 0.005426
152	 0.005792	 0.005690	 0.000039	 0.000000	 0.000030	0.832010	 0.812458	 0.008736	 0.000000	 0.005456
153	 0.005314	 0.005176	 0.000056	 0.000000	 0.000044	0.837324	 0.817634	 0.008792	 0.000000	 0.005500
154	 0.005322	 0.005223	 0.000039	 0.000000	 0.000033	0.842646	 0.822857	 0.008831	 0.000000	 0.005533
155	 0.005418	 0.005276	 0.000055	 0.000000	 0.000054	0.848064	 0.828133	 0.008886	 0.000000	 0.005587
156	 0.005138	 0.005022	 0.000047	 0.000000	 0.000040	0.853202	 0.833155	 0.008933	 0.000000	 0.005627
157	 0.004892	 0.004754	 0.000054	 0.000000	 0.000051	0.858094	 0.837909	 0.008987	 0.000000	 0.005678
158	 0.005423	 0.005297	 0.000050	 0.000000	 0.000032	0.863517	 0.843206	 0.009037	 0.000000	 0.005710
159	 0.005849	 0.005678	 0.000077	 0.000000	 0.000060	0.869366	 0.848884	 0.009114	 0.000000	 0.005770
160	 0.005772	 0.005619	 0.000064	 0.000000	 0.000051	0.875138	 0.854503	 0.009178	 0.000000	 0.005821
161	 0.005109	 0.005003	 0.000036	 0.000000	 0.000036	0.880247	 0.859506	 0.009214	 0.000000	 0.005857
162	 0.004824	 0.004681	 0.000058	 0.000000	 0.000053	0.885071	 0.864187	 0.009272	 0.000000	 0.005910
163	 0.004912	 0.004818	 0.000048	 0.000000	 0.000020	0.889983	 0.869005	 0.009320	 0.000000	 0.005930
164	 0.005058	 0.004921	 0.000067	 0.000000	 0.000041	0.895041	 0.873926	 0.009387	 0.000000	 0.005971
165	 0.004823	 0.004734	 0.000029	 0.000000	 0.000020	0.899864	 0.878660	 0.009416	 0.000000	 0.005991
166	 0.005830	 0.005719	 0.000053	 0.000000	 0.000023	0.905694	 0.884379	 0.009469	 0.000000	 0.006014
167	 0.005323	 0.005142	 0.000089	 0.000000	 0.000055	0.911017	 0.889521	 0.009558	 0.000000	 0.006069
168	 0.004636	 0.004529	 0.000048	 0.000000	 0.000031	0.915653	 0.894050	 0.009606	 0.000000	 0.006100
169	 0.005302	 0.005166	 0.000055	 0.000000	 0.000050	0.920955	 0.899216	 0.009661	 0.000000	 0.006150
170	 0.004773	 0.004670	 0.000047	 0.000000	 0.000033	0.925728	 0.903886	 0.009708	 0.000000	 0.006183
171	 0.005073	 0.004930	 0.000066	 0.000000	 0.000050	0.930801	 0.908816	 0.009774	 0.000000	 0.006233
172	 0.005991	 0.005897	 0.000028	 0.000000	 0.000023	0.936792	 0.914713	 0.009802	 0.000000	 0.006256
173	 0.005462	 0.005293	 0.000098	 0.000000	 0.000025	0.942254	 0.920006	 0.009900	 0.000000	 0.006281
174	 0.004657	 0.004396	 0.000135	 0.000000	 0.000087	0.946911	 0.924402	 0.010035	 0.000000	 0.006368
175	 0.004676	 0.004568	 0.000051	 0.000000	 0.000030	0.951587	 0.928970	 0.010086	 0.000000	 0.006398
176	 0.004634	 0.004482	 0.000072	 0.000000	 0.000052	0.956221	 0.933452	 0.010158	 0.000000	 0.006450
177	 0.004420	 0.004332	 0.000031	 0.000000	 0.000030	0.960641	 0.937784	 0.010189	 0.000000	 0.006480
178	 0.004657	 0.004529	 0.000050	 0.000000	 0.000048	0.965298	 0.942313	 0.010239	 0.000000	 0.006528
179	 0.004774	 0.004697	 0.000026	 0.000000	 0.000027	0.970072	 0.947010	 0.010265	 0.000000	 0.006555
180	 0.004743	 0.004613	 0.000051	 0.000000	 0.000051	0.974815	 0.951623	 0.010316	 0.000000	 0.006606
181	 0.004125	 0.004037	 0.000032	 0.000000	 0.000032	0.978940	 0.955660	 0.010348	 0.000000	 0.006638
182	 0.004559	 0.004436	 0.000045	 0.000000	 0.000047	0.983499	 0.960096	 0.010393	 0.000000	 0.006685
183	 0.005346	 0.005248	 0.000047	 0.000000	 0.000028	0.988845	 0.965344	 0.010440	 0.000000	 0.006713
184	 0.005003	 0.004832	 0.000066	 0.000000	 0.000051	0.993848	 0.970176	 0.010506	 0.000000	 0.006764
185	 0.005624	 0.005495	 0.000052	 0.000000	 0.000035	0.999472	 0.975671	 0.010558	 0.000000	 0.006799
186	 0.004938	 0.004785	 0.000063	 0.000000	 0.000037	1.004410	 0.980456	 0.010621	 0.000000	 0.006836
187	 0.004366	 0.004262	 0.000034	 0.000000	 0.000033	1.008776	 0.984718	 0.010655	 0.000000	 0.006869
188	 0.004494	 0.004384	 0.000035	 0.000000	 0.000034	1.013270	 0.989102	 0.010690	 0.000000	 0.006903
189	 0.004467	 0.004375	 0.000029	 0.000000	 0.000029	1.017737	 0.993477	 0.010719	 0.000000	 0.006932
190	 0.005360	 0.005280	 0.000028	 0.000000	 0.000021	1.023097	 0.998757	 0.010747	 0.000000	 0.006953
191	 0.005919	 0.005823	 0.000032	 0.000000	 0.000023	1.029016	 1.004580	 0.010779	 0.000000	 0.006976
192	 0.006181	 0.006062	 0.000055	 0.000000	 0.000028	1.035197	 1.010642	 0.010834	 0.000000	 0.007004
193	 0.005186	 0.005008	 0.000083	 0.000000	 0.000063	1.040383	 1.015650	 0.010917	 0.000000	 0.007067
194	 0.004939	 0.004832	 0.000040	 0.000000	 0.000028	1.045322	 1.020482	 0.010957	 0.000000	 0.007095
195	 0.005207	 0.005093	 0.000038	 0.000000	 0.000035	1.050529	 1.025575	 0.010995	 0.000000	 0.007130
196	 0.006123	 0.006006	 0.000038	 0.000000	 0.000036	1.056652	 1.031581	 0.011033	 0.000000	 0.007166
197	 0.006803	 0.006644	 0.000044	 0.000000	 0.000054	1.063455	 1.038225	 0.011077	 0.000000	 0.007220
198	 0.005519	 0.005401	 0.000060	 0.000000	 0.000029	1.068974	 1.043626	 0.011137	 0.000000	 0.007249
199	 0.005546	 0.005355	 0.000077	 0.000000	 0.000055	1.074520	 1.048981	 0.011214	 0.000000	 0.007304
200	 0.006676	 0.006483	 0.000089	 0.000000	 0.000056	1.081196	 1.055464	 0.011303	 0.000000	 0.007360
201	 0.006288	 0.006006	 0.000145	 0.000000	 0.000080	1.087484	 1.061470	 0.011448	 0.000000	 0.007440
202	 0.006103	 0.005958	 0.000058	 0.000000	 0.000038	1.093587	 1.067428	 0.011506	 0.000000	 0.007478
203	 0.005466	 0.005350	 0.000046	 0.000000	 0.000032	1.099053	 1.072778	 0.011552	 0.000000	 0.007510
204	 0.004573	 0.004481	 0.000037	 0.000000	 0.000030	1.103626	 1.077259	 0.011589	 0.000000	 0.007540
205	 0.006721	 0.006572	 0.000055	 0.000000	 0.000064	1.110347	 1.083831	 0.011644	 0.000000	 0.007604
206	 0.005584	 0.005472	 0.000040	 0.000000	 0.000040	1.115931	 1.089303	 0.011684	 0.000000	 0.007644
207	 0.004967	 0.004824	 0.000055	 0.000000	 0.000053	1.120898	 1.094127	 0.011739	 0.000000	 0.007697
208	 0.005149	 0.005019	 0.000052	 0.000000	 0.000035	1.126047	 1.099146	 0.011791	 0.000000	 0.007732
209	 0.004914	 0.004824	 0.000036	 0.000000	 0.000030	1.130961	 1.103970	 0.011827	 0.000000	 0.007762
210	 0.005023	 0.004889	 0.000052	 0.000000	 0.000051	1.135984	 1.108859	 0.011879	 0.000000	 0.007813
211	 0.006116	 0.005989	 0.000040	 0.000000	 0.000047	1.142100	 1.114848	 0.011919	 0.000000	 0.007860
212	 0.004627	 0.004438	 0.000084	 0.000000	 0.000057	1.146727	 1.119286	 0.012003	 0.000000	 0.007917
213	 0.004632	 0.004531	 0.000039	 0.000000	 0.000029	1.151359	 1.123817	 0.012042	 0.000000	 0.007946
214	 0.004459	 0.004362	 0.000034	 0.000000	 0.000042	1.155818	 1.128179	 0.012076	 0.000000	 0.007988
215	 0.004831	 0.004698	 0.000057	 0.000000	 0.000049	1.160649	 1.132877	 0.012133	 0.000000	 0.008037
216	 0.005808	 0.005714	 0.000029	 0.000000	 0.000029	1.166457	 1.138591	 0.012162	 0.000000	 0.008066
217	 0.005727	 0.005616	 0.000056	 0.000000	 0.000026	1.172184	 1.144207	 0.012218	 0.000000	 0.008092
218	 0.004419	 0.004271	 0.000073	 0.000000	 0.000043	1.176603	 1.148478	 0.012291	 0.000000	 0.008135
219	 0.004697	 0.004618	 0.000027	 0.000000	 0.000020	1.181300	 1.153096	 0.012318	 0.000000	 0.008155
220	 0.004598	 0.004514	 0.000027	 0.000000	 0.000022	1.185898	 1.157610	 0.012345	 0.000000	 0.008177
221	 0.004616	 0.004520	 0.000042	 0.000000	 0.000021	1.190514	 1.162130	 0.012387	 0.000000	 0.008198
222	 0.005632	 0.005546	 0.000035	 0.000000	 0.000021	1.196146	 1.167676	 0.012422	 0.000000	 0.008219
223	 0.005862	 0.005700	 0.000080	 0.000000	 0.000045	1.202008	 1.173376	 0.012502	 0.000000	 0.008264
224	 0.005299	 0.005218	 0.000030	 0.000000	 0.000023	1.207307	 1.178594	 0.012532	 0.000000	 0.008287
225	 0.004571	 0.004412	 0.000075	 0.000000	 0.000043	1.211878	 1.183006	 0.012607	 0.000000	 0.008330
226	 0.004434	 0.004353	 0.000028	 0.000000	 0.000031	1.216312	 1.187359	 0.012635	 0.000000	 0.008361
227	 0.004648	 0.004514	 0.000047	 0.000000	 0.000051	1.220960	 1.191873	 0.012682	 0.000000	 0.008412
228	 0.005452	 0.005373	 0.000027	 0.000000	 0.000028	1.226412	 1.197246	 0.012709	 0.000000	 0.008440
229	 0.005598	 0.005435	 0.000058	 0.000000	 0.000054	1.232010	 1.202681	 0.012767	 0.000000	 0.008494
230	 0.004723	 0.004608	 0.000036	 0.000000	 0.000035	1.236733	 1.207289	 0.012803	 0.000000	 0.008529
231	 0.004326	 0.004210	 0.000051	 0.000000	 0.000031	1.241059	 1.211499	 0.012854	 0.000000	 0.008560
232	 0.004481	 0.004382	 0.000037	 0.000000	 0.000024	1.245540	 1.215881	 0.012891	 0.000000	 0.008584
233	 0.004808	 0.004721	 0.000033	 0.000000	 0.000023	1.250348	 1.220602	 0.012924	 0.000000	 0.008607
234	 0.006372	 0.006276	 0.000039	 0.000000	 0.000021	1.256720	 1.226878	 0.012963	 0.000000	 0.008628
235	 0.004339	 0.004140	 0.000108	 0.000000	 0.000028	1.261059	 1.231018	 0.013071	 0.000000	 0.008656
236	 0.004246	 0.004159	 0.000034	 0.000000	 0.000022	1.265305	 1.235177	 0.013105	 0.000000	 0.008678
237	 0.004404	 0.004322	 0.000029	 0.000000	 0.000022	1.269709	 1.239499	 0.013134	 0.000000	 0.008700
238	 0.004360	 0.004281	 0.000026	 0.000000	 0.000021	1.274069	 1.243780	 0.013160	 0.000000	 0.008721
239	 0.004580	 0.004496	 0.000027	 0.000000	 0.000022	1.278649	 1.248276	 0.013187	 0.000000	 0.008743
240	 0.005435	 0.005350	 0.000027	 0.000000	 0.000021	1.284084	 1.253626	 0.013214	 0.000000	 0.008764
241	 0.005476	 0.005363	 0.000043	 0.000000	 0.000027	1.289560	 1.258989	 0.013257	 0.000000	 0.008791
242	 0.004418	 0.004335	 0.000033	 0.000000	 0.000024	1.293978	 1.263324	 0.013290	 0.000000	 0.008815
243	 0.004630	 0.004495	 0.000051	 0.000000	 0.000053	1.298608	 1.267819	 0.013341	 0.000000	 0.008868
244	 0.004832	 0.004754	 0.000028	 0.000000	 0.000028	1.303440	 1.272573	 0.013369	 0.000000	 0.008896
245	 0.004236	 0.004111	 0.000050	 0.000000	 0.000050	1.307676	 1.276684	 0.013419	 0.000000	 0.008946
246	 0.005896	 0.005793	 0.000027	 0.000000	 0.000046	1.313572	 1.282477	 0.013446	 0.000000	 0.008992
247	 0.005751	 0.005565	 0.000084	 0.000000	 0.000063	1.319323	 1.288042	 0.013530	 0.000000	 0.009055
248	 0.004745	 0.004642	 0.000032	 0.000000	 0.000045	1.324068	 1.292684	 0.013562	 0.000000	 0.009100
249	 0.004865	 0.004741	 0.000046	 0.000000	 0.000051	1.328933	 1.297425	 0.013608	 0.000000	 0.009151
250	 0.004927	 0.004848	 0.000027	 0.000000	 0.000028	1.333860	 1.302273	 0.013635	 0.000000	 0.009179
251	 0.004880	 0.004749	 0.000053	 0.000000	 0.000050	1.338740	 1.307022	 0.013688	 0.000000	 0.009229
252	 0.005019	 0.004938	 0.000027	 0.000000	 0.000029	1.343759	 1.311960	 0.013715	 0.000000	 0.009258
253	 0.004551	 0.004424	 0.000051	 0.000000	 0.000049	1.348310	 1.316384	 0.013766	 0.000000	 0.009307
254	 0.005657	 0.005544	 0.000044	 0.000000	 0.000027	1.353967	 1.321928	 0.013810	 0.000000	 0.009334
255	 0.005986	 0.005838	 0.000068	 0.000000	 0.000036	1.359953	 1.327766	 0.013878	 0.000000	 0.009370
256	 0.005017	 0.004875	 0.000039	 0.000000	 0.000052	1.364970	 1.332641	 0.013917	 0.000000	 0.009422
257	 0.006081	 0.005973	 0.000030	 0.000000	 0.000030	1.371051	 1.338614	 0.013947	 0.000000	 0.009452
258	 0.005567	 0.005464	 0.000036	 0.000000	 0.000028	1.376618	 1.344078	 0.013983	 0.000000	 0.009480
259	 0.004310	 0.004223	 0.000028	 0.000000	 0.000024	1.380928	 1.348301	 0.014011	 0.000000	 0.009504
260	 0.004633	 0.004357	 0.000047	 0.000172	 0.000024	1.385561	 1.352658	 0.014058	 0.000172	 0.009528
261	 0.005088	 0.004741	 0.000064	 0.000191	 0.000055	1.390649	 1.357399	 0.014122	 0.000363	 0.009583
262	 0.005216	 0.004931	 0.000039	 0.000166	 0.000031	1.395865	 1.362330	 0.014161	 0.000529	 0.009614
263	 0.006493	 0.006089	 0.000090	 0.000186	 0.000057	1.402358	 1.368419	 0.014251	 0.000715	 0.009671
264	 0.005025	 0.004705	 0.000037	 0.000198	 0.000038	1.407383	 1.373124	 0.014288	 0.000913	 0.009709
265	 0.004756	 0.004394	 0.000028	 0.000262	 0.000031	1.412139	 1.377518	 0.014316	 0.001175	 0.009740
266	 0.004638	 0.004349	 0.000028	 0.000198	 0.000024	1.416777	 1.381867	 0.014344	 0.001373	 0.009764
267	 0.004354	 0.004163	 0.000028	 0.000103	 0.000024	1.421131	 1.386030	 0.014372	 0.001476	 0.009788
268	 0.006177	 0.005858	 0.000048	 0.000198	 0.000023	1.427308	 1.391888	 0.014420	 0.001674	 0.009811
269	 0.005184	 0.004835	 0.000097	 0.000171	 0.000030	1.432492	 1.396723	 0.014517	 0.001845	 0.009841
270	 0.004726	 0.004315	 0.000057	 0.000268	 0.000049	1.437218	 1.401038	 0.014574	 0.002113	 0.009890
271	 0.004343	 0.004095	 0.000029	 0.000156	 0.000034	1.441561	 1.405133	 0.014603	 0.002269	 0.009924
272	 0.004638	 0.004272	 0.000071	 0.000204	 0.000057	1.446199	 1.409405	 0.014674	 0.002473	 0.009981
273	 0.004925	 0.004421	 0.000038	 0.000403	 0.000032	1.451124	 1.413826	 0.014712	 0.002876	 0.010013
274	 0.006470	 0.005990	 0.000103	 0.000246	 0.000062	1.457594	 1.419816	 0.014815	 0.003122	 0.010075
275	 0.005011	 0.004489	 0.000043	 0.000400	 0.000039	1.462605	 1.424305	 0.014858	 0.003522	 0.010114
276	 0.005706	 0.005009	 0.000050	 0.000551	 0.000055	1.468311	 1.429314	 0.014908	 0.004073	 0.010169
277	 0.004794	 0.004491	 0.000029	 0.000211	 0.000032	1.473105	 1.433805	 0.014937	 0.004284	 0.010201
278	 0.005470	 0.005148	 0.000048	 0.000175	 0.000053	1.478575	 1.438953	 0.014985	 0.004459	 0.010254
279	 0.006546	 0.006218	 0.000077	 0.000177	 0.000034	1.485121	 1.445171	 0.015062	 0.004636	 0.010288
280	 0.004789	 0.004368	 0.000070	 0.000218	 0.000064	1.489910	 1.449539	 0.015132	 0.004854	 0.010352
281	 0.004769	 0.004399	 0.000046	 0.000254	 0.000031	1.494679	 1.453938	 0.015178	 0.005108	 0.010383
282	 0.004787	 0.004429	 0.000037	 0.000248	 0.000032	1.499466	 1.458367	 0.015215	 0.005356	 0.010415
283	 0.004903	 0.004595	 0.000032	 0.000215	 0.000025	1.504369	 1.462962	 0.015247	 0.005571	 0.010440
284	 0.005933	 0.005666	 0.000028	 0.000179	 0.000025	1.510302	 1.468628	 0.015275	 0.005750	 0.010465
285	 0.006282	 0.005712	 0.000069	 0.000368	 0.000084	1.516584	 1.474340	 0.015344	 0.006118	 0.010549
286	 0.004728	 0.004454	 0.000060	 0.000149	 0.000026	1.521312	 1.478794	 0.015404	 0.006267	 0.010575
287	 0.004588	 0.004272	 0.000061	 0.000175	 0.000044	1.525900	 1.483066	 0.015465	 0.006442	 0.010619
288	 0.004478	 0.004228	 0.000033	 0.000145	 0.000032	1.530378	 1.487294	 0.015498	 0.006587	 0.010651
289	 0.004949	 0.004577	 0.000027	 0.000287	 0.000030	1.535327	 1.491871	 0.015525	 0.006874	 0.010681
290	 0.006617	 0.006296	 0.000103	 0.000111	 0.000056	1.541944	 1.498167	 0.015628	 0.006985	 0.010737
291	 0.004620	 0.004364	 0.000057	 0.000116	 0.000039	1.546564	 1.502531	 0.015685	 0.007101	 0.010776
292	 0.004824	 0.004516	 0.000067	 0.000149	 0.000054	1.551388	 1.507047	 0.015752	 0.007250	 0.010830
293	 0.005006	 0.004729	 0.000037	 0.000177	 0.000024	1.556394	 1.511776	 0.015789	 0.007427	 0.010854
294	 0.004765	 0.004322	 0.000031	 0.000361	 0.000023	1.561159	 1.516098	 0.015820	 0.007788	 0.010877
295	 0.006660	 0.005962	 0.000070	 0.000512	 0.000054	1.567819	 1.522060	 0.015890	 0.008300	 0.010931
296	 0.005280	 0.004755	 0.000123	 0.000277	 0.000059	1.573099	 1.526815	 0.016013	 0.008577	 0.010990
297	 0.004867	 0.004319	 0.000036	 0.000438	 0.000035	1.577966	 1.531134	 0.016049	 0.009015	 0.011025
298	 0.004937	 0.004550	 0.000028	 0.000296	 0.000031	1.582903	 1.535684	 0.016077	 0.009311	 0.011056
299	 0.004751	 0.004425	 0.000049	 0.000185	 0.000055	1.587654	 1.540109	 0.016126	 0.009496	 0.011111
300	 0.006005	 0.005693	 0.000048	 0.000193	 0.000035	1.593659	 1.545802	 0.016174	 0.009689	 0.011146
301	 0.006113	 0.005411	 0.000093	 0.000476	 0.000084	1.599772	 1.551213	 0.016267	 0.010165	 0.011230
302	 0.004875	 0.004362	 0.000034	 0.000408	 0.000035	1.604647	 1.555575	 0.016301	 0.010573	 0.011265
303	 0.004990	 0.004509	 0.000050	 0.000338	 0.000055	1.609637	 1.560084	 0.016351	 0.010911	 0.011320
304	 0.004992	 0.004483	 0.000029	 0.000418	 0.000031	1.614629	 1.564567	 0.016380	 0.011329	 0.011351
305	 0.005871	 0.005461	 0.000048	 0.000271	 0.000055	1.620500	 1.570028	 0.016428	 0.011600	 0.011406
306	 0.005940	 0.005673	 0.000043	 0.000130	 0.000053	1.626440	 1.575701	 0.016471	 0.011730	 0.011459
307	 0.004937	 0.004545	 0.000057	 0.000235	 0.000058	1.631377	 1.580246	 0.016528	 0.011965	 0.011517
308	 0.004793	 0.004334	 0.000048	 0.000349	 0.000032	1.636170	 1.584580	 0.016576	 0.012314	 0.011549
309	 0.005548	 0.005115	 0.000059	 0.000285	 0.000056	1.641718	 1.589695	 0.016635	 0.012599	 0.011605
310	 0.006036	 0.005409	 0.000028	 0.000538	 0.000032	1.647754	 1.595104	 0.016663	 0.013137	 0.011637
311	 0.006149	 0.005458	 0.000095	 0.000474	 0.000071	1.653903	 1.600562	 0.016758	 0.013611	 0.011708
312	 0.005322	 0.004542	 0.000052	 0.000659	 0.000037	1.659225	 1.605104	 0.016810	 0.014270	 0.011745
313	 0.005429	 0.004556	 0.000074	 0.000706	 0.000056	1.664654	 1.609660	 0.016884	 0.014976	 0.011801
314	 0.005437	 0.004901	 0.000030	 0.000388	 0.000041	1.670091	 1.614561	 0.016914	 0.015364	 0.011842
315	 0.006016	 0.005570	 0.000040	 0.000332	 0.000031	1.676107	 1.620131	 0.016954	 0.015696	 0.011873
316	 0.005941	 0.005461	 0.000075	 0.000312	 0.000040	1.682048	 1.625592	 0.017029	 0.016008	 0.011913
317	 0.004732	 0.004380	 0.000034	 0.000241	 0.000035	1.686780	 1.629972	 0.017063	 0.016249	 0.011948
318	 0.005022	 0.004682	 0.000030	 0.000238	 0.000033	1.691802	 1.634654	 0.017093	 0.016487	 0.011981
319	 0.004584	 0.004333	 0.000029	 0.000162	 0.000023	1.696386	 1.638987	 0.017122	 0.016649	 0.012004
320	 0.005012	 0.004644	 0.000029	 0.000275	 0.000025	1.701398	 1.643631	 0.017151	 0.016924	 0.012029
321	 0.006259	 0.005944	 0.000030	 0.000201	 0.000034	1.707657	 1.649575	 0.017181	 0.017125	 0.012063
322	 0.005305	 0.004627	 0.000061	 0.000525	 0.000040	1.712962	 1.654202	 0.017242	 0.017650	 0.012103
323	 0.004799	 0.004453	 0.000031	 0.000239	 0.000032	1.717761	 1.658655	 0.017273	 0.017889	 0.012135
324	 0.005123	 0.004694	 0.000040	 0.000326	 0.000030	1.722884	 1.663349	 0.017313	 0.018215	 0.012165
325	 0.004720	 0.004286	 0.000051	 0.000285	 0.000055	1.727604	 1.667635	 0.017364	 0.018500	 0.012220
326	 0.006273	 0.006043	 0.000039	 0.000123	 0.000032	1.733877	 1.673678	 0.017403	 0.018623	 0.012252
327	 0.005319	 0.004596	 0.000156	 0.000407	 0.000093	1.739196	 1.678274	 0.017559	 0.019030	 0.012345
328	 0.004921	 0.004371	 0.000039	 0.000444	 0.000035	1.744117	 1.682645	 0.017598	 0.019474	 0.012380
329	 0.005297	 0.005021	 0.000052	 0.000126	 0.000054	1.749414	 1.687666	 0.017650	 0.019600	 0.012434
330	 0.005086	 0.004581	 0.000029	 0.000377	 0.000066	1.754500	 1.692247	 0.017679	 0.019977	 0.012500
331	 0.007360	 0.006732	 0.000059	 0.000461	 0.000057	1.761860	 1.698979	 0.017738	 0.020438	 0.012557
332	 0.005771	 0.005430	 0.000040	 0.000212	 0.000047	1.767631	 1.704409	 0.017778	 0.020650	 0.012604
333	 0.005327	 0.004714	 0.000053	 0.000456	 0.000057	1.772958	 1.709123	 0.017831	 0.021106	 0.012661
334	 0.004617	 0.004356	 0.000028	 0.000169	 0.000034	1.777575	 1.713479	 0.017859	 0.021275	 0.012695
335	 0.004857	 0.004499	 0.000049	 0.000211	 0.000054	1.782432	 1.717978	 0.017908	 0.021486	 0.012749
336	 0.007203	 0.006506	 0.000034	 0.000594	 0.000033	1.789635	 1.724484	 0.017942	 0.022080	 0.012782
337	 0.004751	 0.004239	 0.000094	 0.000299	 0.000061	1.794386	 1.728723	 0.018036	 0.022379	 0.012843
338	 0.005073	 0.004801	 0.000039	 0.000155	 0.000032	1.799459	 1.733524	 0.018075	 0.022534	 0.012875
339	 0.004663	 0.004101	 0.000030	 0.000463	 0.000030	1.804122	 1.737625	 0.018105	 0.022997	 0.012905
340	 0.004710	 0.004405	 0.000026	 0.000210	 0.000030	1.808832	 1.742030	 0.018131	 0.023207	 0.012935
341	 0.006218	 0.005728	 0.000040	 0.000383	 0.000031	1.815050	 1.747758	 0.018171	 0.023590	 0.012966
342	 0.005535	 0.005185	 0.000062	 0.000177	 0.000054	1.820585	 1.752943	 0.018233	 0.023767	 0.013020
343	 0.004789	 0.004345	 0.000053	 0.000305	 0.000036	1.825374	 1.757288	 0.018286	 0.024072	 0.013056
344	 0.004829	 0.004315	 0.000032	 0.000412	 0.000030	1.830203	 1.761603	 0.018318	 0.024484	 0.013086
345	 0.004422	 0.004088	 0.000029	 0.000236	 0.000031	1.834625	 1.765691	 0.018347	 0.024720	 0.013117
346	 0.006579	 0.006131	 0.000030	 0.000346	 0.000033	1.841204	 1.771822	 0.018377	 0.025066	 0.013150
347	 0.006736	 0.005855	 0.000068	 0.000702	 0.000052	1.847940	 1.777677	 0.018445	 0.025768	 0.013202
348	 0.005219	 0.004849	 0.000036	 0.000262	 0.000028	1.853159	 1.782526	 0.018481	 0.026030	 0.013230
349	 0.005438	 0.004741	 0.000083	 0.000522	 0.000058	1.858597	 1.787267	 0.018564	 0.026552	 0.013288
350	 0.005662	 0.004926	 0.000041	 0.000621	 0.000033	1.864259	 1.792193	 0.018605	 0.027173	 0.013321
351	 0.007497	 0.007077	 0.000034	 0.000311	 0.000034	1.871756	 1.799270	 0.018639	 0.027484	 0.013355
352	 0.005752	 0.005448	 0.000039	 0.000181	 0.000041	1.877508	 1.804718	 0.018678	 0.027665	 0.013396
353	 0.005408	 0.005116	 0.000031	 0.000179	 0.000040	1.882916	 1.809834	 0.018709	 0.027844	 0.013436
354	 0.005687	 0.005196	 0.000028	 0.000391	 0.000030	1.888603	 1.815030	 0.018737	 0.028235	 0.013466
355	 0.007035	 0.006410	 0.000058	 0.000455	 0.000027	1.895638	 1.821440	 0.018795	 0.028690	 0.013493
356	 0.005901	 0.004970	 0.000188	 0.000564	 0.000085	1.901539	 1.826410	 0.018983	 0.029254	 0.013578
357	 0.005392	 0.004831	 0.000033	 0.000443	 0.000035	1.906931	 1.831241	 0.019016	 0.029697	 0.013613
358	 0.005919	 0.005200	 0.000084	 0.000544	 0.000033	1.912850	 1.836441	 0.019100	 0.030241	 0.013646
359	 0.005246	 0.004679	 0.000064	 0.000394	 0.000057	1.918096	 1.841120	 0.019164	 0.030635	 0.013703
360	 0.005834	 0.005088	 0.000068	 0.000566	 0.000055	1.923930	 1.846208	 0.019232	 0.031201	 0.013758
361	 0.005412	 0.004936	 0.000100	 0.000258	 0.000044	1.929342	 1.851144	 0.019332	 0.031459	 0.013802
362	 0.005241	 0.004802	 0.000047	 0.000314	 0.000034	1.934583	 1.855946	 0.019379	 0.031773	 0.013836
363	 0.005399	 0.004840	 0.000035	 0.000448	 0.000031	1.939982	 1.860786	 0.019414	 0.032221	 0.013867
364	 0.005438	 0.005057	 0.000034	 0.000275	 0.000033	1.945420	 1.865843	 0.019448	 0.032496	 0.013900
365	 0.005946	 0.005402	 0.000044	 0.000427	 0.000032	1.951366	 1.871245	 0.019492	 0.032923	 0.013932
366	 0.006149	 0.005670	 0.000057	 0.000326	 0.000042	1.957515	 1.876915	 0.019549	 0.033249	 0.013974
367	 0.005314	 0.005054	 0.000044	 0.000142	 0.000027	1.962829	 1.881969	 0.019593	 0.033391	 0.014001
368	 0.005412	 0.005125	 0.000035	 0.000188	 0.000026	1.968241	 1.887094	 0.019628	 0.033579	 0.014027
369	 0.005269	 0.004659	 0.000059	 0.000462	 0.000049	1.973510	 1.891753	 0.019687	 0.034041	 0.014076
370	 0.005504	 0.005212	 0.000029	 0.000193	 0.000034	1.979014	 1.896965	 0.019716	 0.034234	 0.014110
371	 0.005908	 0.005314	 0.000068	 0.000375	 0.000080	1.984922	 1.902279	 0.019784	 0.034609	 0.014190
372	 0.006155	 0.005320	 0.000060	 0.000655	 0.000058	1.991077	 1.907599	 0.019844	 0.035264	 0.014248
373	 0.004462	 0.004107	 0.000045	 0.000232	 0.000033	1.995539	 1.911706	 0.019889	 0.035496	 0.014281
374	 0.005069	 0.004662	 0.000037	 0.000296	 0.000034	2.000608	 1.916368	 0.019926	 0.035792	 0.014315
375	 0.004855	 0.004377	 0.000030	 0.000375	 0.000032	2.005463	 1.920745	 0.019956	 0.036167	 0.014347
376	 0.005340	 0.005092	 0.000027	 0.000148	 0.000024	2.010803	 1.925837	 0.019983	 0.036315	 0.014371
377	 0.005645	 0.005351	 0.000045	 0.000170	 0.000028	2.016448	 1.931188	 0.020028	 0.036485	 0.014399
378	 0.005548	 0.004906	 0.000048	 0.000523	 0.000028	2.021996	 1.936094	 0.020076	 0.037008	 0.014427
379	 0.004880	 0.004537	 0.000030	 0.000242	 0.000030	2.026876	 1.940631	 0.020106	 0.037250	 0.014457
380	 0.004861	 0.004603	 0.000047	 0.000148	 0.000023	2.031737	 1.945234	 0.020153	 0.037398	 0.014480
381	 0.004901	 0.004503	 0.000031	 0.000288	 0.000033	2.036638	 1.949737	 0.020184	 0.037686	 0.014513
382	 0.005743	 0.005314	 0.000051	 0.000302	 0.000036	2.042381	 1.955051	 0.020235	 0.037988	 0.014549
383	 0.006029	 0.005317	 0.000065	 0.000533	 0.000065	2.048410	 1.960368	 0.020300	 0.038521	 0.014614
384	 0.005403	 0.004618	 0.000050	 0.000640	 0.000037	2.053813	 1.964986	 0.020350	 0.039161	 0.014651
385	 0.004556	 0.004132	 0.000083	 0.000244	 0.000057	2.058369	 1.969118	 0.020433	 0.039405	 0.014708
386	 0.005229	 0.004664	 0.000038	 0.000465	 0.000031	2.063598	 1.973782	 0.020471	 0.039870	 0.014739
387	 0.004984	 0.004630	 0.000063	 0.000198	 0.000056	2.068582	 1.978412	 0.020534	 0.040068	 0.014795
388	 0.005510	 0.005100	 0.000044	 0.000297	 0.000034	2.074092	 1.983512	 0.020578	 0.040365	 0.014829
389	 0.005553	 0.005060	 0.000087	 0.000300	 0.000063	2.079645	 1.988572	 0.020665	 0.040665	 0.014892
390	 0.005197	 0.004783	 0.000038	 0.000300	 0.000038	2.084842	 1.993355	 0.020703	 0.040965	 0.014930
391	 0.005215	 0.004356	 0.000071	 0.000686	 0.000062	2.090057	 1.997711	 0.020774	 0.041651	 0.014992
392	 0.005294	 0.005054	 0.000027	 0.000149	 0.000030	2.095351	 2.002765	 0.020801	 0.041800	 0.015022
393	 0.005338	 0.004743	 0.000053	 0.000446	 0.000057	2.100689	 2.007508	 0.020854	 0.042246	 0.015079
394	 0.006091	 0.005329	 0.000048	 0.000615	 0.000041	2.106780	 2.012837	 0.020902	 0.042861	 0.015120
395	 0.006097	 0.005165	 0.000069	 0.000673	 0.000102	2.112877	 2.018002	 0.020971	 0.043534	 0.015222
396	 0.005256	 0.004168	 0.000035	 0.000986	 0.000031	2.118133	 2.022170	 0.021006	 0.044520	 0.015253
397	 0.004369	 0.004021	 0.000050	 0.000205	 0.000058	2.122502	 2.026191	 0.021056	 0.044725	 0.015311
398	 0.004748	 0.004199	 0.000030	 0.000457	 0.000032	2.127250	 2.030390	 0.021086	 0.045182	 0.015343
399	 0.006091	 0.005119	 0.000086	 0.000772	 0.000071	2.133341	 2.035509	 0.021172	 0.045954	 0.015414
400	 0.005038	 0.004251	 0.000051	 0.000619	 0.000067	2.138379	 2.039760	 0.021223	 0.046573	 0.015481
401	 0.004956	 0.004208	 0.000051	 0.000604	 0.000054	2.143335	 2.043968	 0.021274	 0.047177	 0.015535
402	 0.005774	 0.004166	 0.000026	 0.001520	 0.000030	2.149109	 2.048134	 0.021300	 0.048697	 0.015565
403	 0.004755	 0.003901	 0.000049	 0.000714	 0.000058	2.153864	 2.052035	 0.021349	 0.049411	 0.015623
404	 0.005745	 0.004985	 0.000027	 0.000666	 0.000033	2.159609	 2.057020	 0.021376	 0.050077	 0.015656
405	 0.006734	 0.004808	 0.000125	 0.001657	 0.000091	2.166343	 2.061828	 0.021501	 0.051734	 0.015747
406	 0.006482	 0.004598	 0.000041	 0.001768	 0.000033	2.172825	 2.066426	 0.021542	 0.053502	 0.015780
407	 0.006424	 0.004199	 0.000035	 0.002126	 0.000031	2.179249	 2.070625	 0.021577	 0.055628	 0.015811
408	 0.006948	 0.005191	 0.000069	 0.001591	 0.000059	2.186197	 2.075816	 0.021646	 0.057219	 0.015870
409	 0.007436	 0.004834	 0.000064	 0.002447	 0.000041	2.193633	 2.080650	 0.021710	 0.059666	 0.015911
410	 0.005826	 0.004256	 0.000032	 0.001474	 0.000023	2.199459	 2.084906	 0.021742	 0.061140	 0.015934
411	 0.005442	 0.004625	 0.000030	 0.000723	 0.000026	2.204901	 2.089531	 0.021772	 0.061863	 0.015960
412	 0.006265	 0.004931	 0.000027	 0.001250	 0.000024	2.211166	 2.094462	 0.021799	 0.063113	 0.015984
413	 0.006665	 0.004632	 0.000100	 0.001770	 0.000079	2.217831	 2.099094	 0.021899	 0.064883	 0.016063
