Iter	 Iter_time	 Master	 Subprob	 Full_Test	 argmax	Iter_acc	 Master_acc	 Subprob_acc	 Full_Test_acc	 argmax_acc
1	 0.000855	 0.000561	 0.000164	 0.000000	 0.000085	0.000855	 0.000561	 0.000164	 0.000000	 0.000085
2	 0.005897	 0.005625	 0.000152	 0.000000	 0.000074	0.006752	 0.006186	 0.000316	 0.000000	 0.000159
3	 0.004597	 0.004435	 0.000064	 0.000000	 0.000068	0.011349	 0.010621	 0.000380	 0.000000	 0.000227
4	 0.005146	 0.004897	 0.000156	 0.000000	 0.000041	0.016495	 0.015518	 0.000536	 0.000000	 0.000268
5	 0.005026	 0.004838	 0.000089	 0.000000	 0.000064	0.021521	 0.020356	 0.000625	 0.000000	 0.000332
6	 0.005191	 0.005030	 0.000082	 0.000000	 0.000036	0.026712	 0.025386	 0.000707	 0.000000	 0.000368
7	 0.005706	 0.005601	 0.000054	 0.000000	 0.000019	0.032418	 0.030987	 0.000761	 0.000000	 0.000387
8	 0.005505	 0.005256	 0.000120	 0.000000	 0.000085	0.037923	 0.036243	 0.000881	 0.000000	 0.000472
9	 0.005341	 0.005227	 0.000061	 0.000000	 0.000018	0.043264	 0.041470	 0.000942	 0.000000	 0.000490
10	 0.004896	 0.004630	 0.000141	 0.000000	 0.000065	0.048160	 0.046100	 0.001083	 0.000000	 0.000555
11	 0.004689	 0.004556	 0.000059	 0.000000	 0.000032	0.052849	 0.050656	 0.001142	 0.000000	 0.000587
12	 0.004774	 0.004635	 0.000062	 0.000000	 0.000041	0.057623	 0.055291	 0.001204	 0.000000	 0.000628
13	 0.004419	 0.004312	 0.000063	 0.000000	 0.000015	0.062042	 0.059603	 0.001267	 0.000000	 0.000643
14	 0.004237	 0.004115	 0.000058	 0.000000	 0.000033	0.066279	 0.063718	 0.001325	 0.000000	 0.000676
15	 0.004527	 0.004441	 0.000030	 0.000000	 0.000018	0.070806	 0.068159	 0.001355	 0.000000	 0.000694
16	 0.004275	 0.004181	 0.000049	 0.000000	 0.000021	0.075081	 0.072340	 0.001404	 0.000000	 0.000715
17	 0.004279	 0.004148	 0.000069	 0.000000	 0.000035	0.079360	 0.076488	 0.001473	 0.000000	 0.000750
18	 0.003957	 0.003862	 0.000049	 0.000000	 0.000019	0.083317	 0.080350	 0.001522	 0.000000	 0.000769
19	 0.003970	 0.003834	 0.000074	 0.000000	 0.000036	0.087287	 0.084184	 0.001596	 0.000000	 0.000805
20	 0.004129	 0.004045	 0.000042	 0.000000	 0.000018	0.091416	 0.088229	 0.001638	 0.000000	 0.000823
21	 0.004281	 0.004153	 0.000069	 0.000000	 0.000033	0.095697	 0.092382	 0.001707	 0.000000	 0.000856
22	 0.004376	 0.004300	 0.000036	 0.000000	 0.000017	0.100073	 0.096682	 0.001743	 0.000000	 0.000873
23	 0.003978	 0.003862	 0.000050	 0.000000	 0.000034	0.104051	 0.100544	 0.001793	 0.000000	 0.000907
24	 0.004303	 0.004227	 0.000027	 0.000000	 0.000027	0.108354	 0.104771	 0.001820	 0.000000	 0.000934
25	 0.004212	 0.004077	 0.000050	 0.000000	 0.000040	0.112566	 0.108848	 0.001870	 0.000000	 0.000974
26	 0.004307	 0.004239	 0.000028	 0.000000	 0.000019	0.116873	 0.113087	 0.001898	 0.000000	 0.000993
27	 0.003919	 0.003796	 0.000057	 0.000000	 0.000031	0.120792	 0.116883	 0.001955	 0.000000	 0.001024
28	 0.003988	 0.003924	 0.000025	 0.000000	 0.000018	0.124780	 0.120807	 0.001980	 0.000000	 0.001042
29	 0.003543	 0.003438	 0.000045	 0.000000	 0.000033	0.128323	 0.124245	 0.002025	 0.000000	 0.001075
30	 0.003797	 0.003711	 0.000047	 0.000000	 0.000019	0.132120	 0.127956	 0.002072	 0.000000	 0.001094
31	 0.004814	 0.004689	 0.000060	 0.000000	 0.000032	0.136934	 0.132645	 0.002132	 0.000000	 0.001126
32	 0.004825	 0.004678	 0.000086	 0.000000	 0.000026	0.141759	 0.137323	 0.002218	 0.000000	 0.001152
33	 0.004050	 0.003886	 0.000092	 0.000000	 0.000037	0.145809	 0.141209	 0.002310	 0.000000	 0.001189
34	 0.003411	 0.003323	 0.000045	 0.000000	 0.000021	0.149220	 0.144532	 0.002355	 0.000000	 0.001210
35	 0.004167	 0.004004	 0.000068	 0.000000	 0.000049	0.153387	 0.148536	 0.002423	 0.000000	 0.001259
36	 0.003715	 0.003639	 0.000034	 0.000000	 0.000018	0.157102	 0.152175	 0.002457	 0.000000	 0.001277
37	 0.004014	 0.003891	 0.000063	 0.000000	 0.000034	0.161116	 0.156066	 0.002520	 0.000000	 0.001311
38	 0.003490	 0.003412	 0.000038	 0.000000	 0.000018	0.164606	 0.159478	 0.002558	 0.000000	 0.001329
39	 0.003844	 0.003722	 0.000048	 0.000000	 0.000035	0.168450	 0.163200	 0.002606	 0.000000	 0.001364
40	 0.003672	 0.003596	 0.000036	 0.000000	 0.000020	0.172122	 0.166796	 0.002642	 0.000000	 0.001384
41	 0.004127	 0.003996	 0.000057	 0.000000	 0.000033	0.176249	 0.170792	 0.002699	 0.000000	 0.001417
42	 0.004317	 0.004207	 0.000054	 0.000000	 0.000020	0.180566	 0.174999	 0.002753	 0.000000	 0.001437
43	 0.003615	 0.003488	 0.000063	 0.000000	 0.000037	0.184181	 0.178487	 0.002816	 0.000000	 0.001474
44	 0.003827	 0.003741	 0.000038	 0.000000	 0.000020	0.188008	 0.182228	 0.002854	 0.000000	 0.001494
45	 0.003650	 0.003530	 0.000057	 0.000000	 0.000035	0.191658	 0.185758	 0.002911	 0.000000	 0.001529
46	 0.003394	 0.003313	 0.000038	 0.000000	 0.000019	0.195052	 0.189071	 0.002949	 0.000000	 0.001548
47	 0.004776	 0.004658	 0.000055	 0.000000	 0.000038	0.199828	 0.193729	 0.003004	 0.000000	 0.001586
48	 0.003853	 0.003762	 0.000042	 0.000000	 0.000026	0.203681	 0.197491	 0.003046	 0.000000	 0.001612
49	 0.004822	 0.004695	 0.000062	 0.000000	 0.000036	0.208503	 0.202186	 0.003108	 0.000000	 0.001648
50	 0.003741	 0.003654	 0.000040	 0.000000	 0.000021	0.212244	 0.205840	 0.003148	 0.000000	 0.001669
51	 0.003705	 0.003584	 0.000059	 0.000000	 0.000036	0.215949	 0.209424	 0.003207	 0.000000	 0.001705
52	 0.003929	 0.003857	 0.000027	 0.000000	 0.000021	0.219878	 0.213281	 0.003234	 0.000000	 0.001726
53	 0.003739	 0.003608	 0.000068	 0.000000	 0.000036	0.223617	 0.216889	 0.003302	 0.000000	 0.001762
54	 0.003747	 0.003670	 0.000037	 0.000000	 0.000019	0.227364	 0.220559	 0.003339	 0.000000	 0.001781
55	 0.003805	 0.003684	 0.000059	 0.000000	 0.000038	0.231169	 0.224243	 0.003398	 0.000000	 0.001819
56	 0.003785	 0.003704	 0.000038	 0.000000	 0.000022	0.234954	 0.227947	 0.003436	 0.000000	 0.001841
57	 0.004170	 0.004044	 0.000059	 0.000000	 0.000037	0.239124	 0.231991	 0.003495	 0.000000	 0.001878
58	 0.004258	 0.004105	 0.000073	 0.000000	 0.000032	0.243382	 0.236096	 0.003568	 0.000000	 0.001910
59	 0.004036	 0.003956	 0.000035	 0.000000	 0.000019	0.247418	 0.240052	 0.003603	 0.000000	 0.001929
60	 0.004316	 0.004184	 0.000059	 0.000000	 0.000036	0.251734	 0.244236	 0.003662	 0.000000	 0.001965
61	 0.003425	 0.003336	 0.000039	 0.000000	 0.000030	0.255159	 0.247572	 0.003701	 0.000000	 0.001995
62	 0.003954	 0.003815	 0.000068	 0.000000	 0.000046	0.259113	 0.251387	 0.003769	 0.000000	 0.002041
63	 0.004004	 0.003930	 0.000032	 0.000000	 0.000020	0.263117	 0.255317	 0.003801	 0.000000	 0.002061
64	 0.004423	 0.004301	 0.000057	 0.000000	 0.000038	0.267540	 0.259618	 0.003858	 0.000000	 0.002099
65	 0.004334	 0.004263	 0.000027	 0.000000	 0.000022	0.271874	 0.263881	 0.003885	 0.000000	 0.002121
66	 0.004013	 0.003876	 0.000070	 0.000000	 0.000038	0.275887	 0.267757	 0.003955	 0.000000	 0.002159
67	 0.003845	 0.003754	 0.000037	 0.000000	 0.000019	0.279732	 0.271511	 0.003992	 0.000000	 0.002178
68	 0.004499	 0.004423	 0.000033	 0.000000	 0.000020	0.284231	 0.275934	 0.004025	 0.000000	 0.002198
69	 0.003859	 0.003724	 0.000060	 0.000000	 0.000040	0.288090	 0.279658	 0.004085	 0.000000	 0.002238
70	 0.004368	 0.004304	 0.000025	 0.000000	 0.000018	0.292458	 0.283962	 0.004110	 0.000000	 0.002256
71	 0.005505	 0.005376	 0.000062	 0.000000	 0.000039	0.297963	 0.289338	 0.004172	 0.000000	 0.002295
72	 0.005154	 0.004983	 0.000071	 0.000000	 0.000043	0.303117	 0.294321	 0.004243	 0.000000	 0.002338
73	 0.006507	 0.006166	 0.000195	 0.000000	 0.000078	0.309624	 0.300487	 0.004438	 0.000000	 0.002416
74	 0.003876	 0.003759	 0.000062	 0.000000	 0.000026	0.313500	 0.304246	 0.004500	 0.000000	 0.002442
75	 0.003865	 0.003733	 0.000061	 0.000000	 0.000040	0.317365	 0.307979	 0.004561	 0.000000	 0.002482
76	 0.003574	 0.003500	 0.000028	 0.000000	 0.000022	0.320939	 0.311479	 0.004589	 0.000000	 0.002504
77	 0.003551	 0.003434	 0.000048	 0.000000	 0.000042	0.324490	 0.314913	 0.004637	 0.000000	 0.002546
78	 0.003922	 0.003854	 0.000026	 0.000000	 0.000019	0.328412	 0.318767	 0.004663	 0.000000	 0.002565
79	 0.004069	 0.003953	 0.000047	 0.000000	 0.000041	0.332481	 0.322720	 0.004710	 0.000000	 0.002606
80	 0.003704	 0.003609	 0.000045	 0.000000	 0.000022	0.336185	 0.326329	 0.004755	 0.000000	 0.002628
81	 0.003861	 0.003695	 0.000081	 0.000000	 0.000051	0.340046	 0.330024	 0.004836	 0.000000	 0.002679
82	 0.003539	 0.003458	 0.000032	 0.000000	 0.000025	0.343585	 0.333482	 0.004868	 0.000000	 0.002704
83	 0.003510	 0.003395	 0.000047	 0.000000	 0.000041	0.347095	 0.336877	 0.004915	 0.000000	 0.002745
84	 0.003396	 0.003309	 0.000041	 0.000000	 0.000022	0.350491	 0.340186	 0.004956	 0.000000	 0.002767
85	 0.003871	 0.003731	 0.000053	 0.000000	 0.000042	0.354362	 0.343917	 0.005009	 0.000000	 0.002809
86	 0.003603	 0.003522	 0.000036	 0.000000	 0.000022	0.357965	 0.347439	 0.005045	 0.000000	 0.002831
87	 0.003495	 0.003354	 0.000065	 0.000000	 0.000046	0.361460	 0.350793	 0.005110	 0.000000	 0.002877
88	 0.004451	 0.004368	 0.000030	 0.000000	 0.000026	0.365911	 0.355161	 0.005140	 0.000000	 0.002903
89	 0.005409	 0.005247	 0.000056	 0.000000	 0.000049	0.371320	 0.360408	 0.005196	 0.000000	 0.002952
90	 0.004035	 0.003955	 0.000028	 0.000000	 0.000025	0.375355	 0.364363	 0.005224	 0.000000	 0.002977
91	 0.004522	 0.004383	 0.000064	 0.000000	 0.000046	0.379877	 0.368746	 0.005288	 0.000000	 0.003023
92	 0.005106	 0.004998	 0.000058	 0.000000	 0.000027	0.384983	 0.373744	 0.005346	 0.000000	 0.003050
93	 0.004337	 0.004195	 0.000063	 0.000000	 0.000045	0.389320	 0.377939	 0.005409	 0.000000	 0.003095
94	 0.003803	 0.003708	 0.000029	 0.000000	 0.000025	0.393123	 0.381647	 0.005438	 0.000000	 0.003120
95	 0.004322	 0.004223	 0.000038	 0.000000	 0.000029	0.397445	 0.385870	 0.005476	 0.000000	 0.003149
96	 0.004600	 0.004438	 0.000062	 0.000000	 0.000059	0.402045	 0.390308	 0.005538	 0.000000	 0.003208
97	 0.006210	 0.006094	 0.000060	 0.000000	 0.000028	0.408255	 0.396402	 0.005598	 0.000000	 0.003236
98	 0.004489	 0.004330	 0.000069	 0.000000	 0.000055	0.412744	 0.400732	 0.005667	 0.000000	 0.003291
99	 0.004898	 0.004791	 0.000048	 0.000000	 0.000030	0.417642	 0.405523	 0.005715	 0.000000	 0.003321
100	 0.004310	 0.004143	 0.000073	 0.000000	 0.000055	0.421952	 0.409666	 0.005788	 0.000000	 0.003376
101	 0.004763	 0.004631	 0.000058	 0.000000	 0.000036	0.426715	 0.414297	 0.005846	 0.000000	 0.003412
102	 0.004314	 0.004053	 0.000096	 0.000000	 0.000103	0.431029	 0.418350	 0.005942	 0.000000	 0.003515
103	 0.005370	 0.005273	 0.000038	 0.000000	 0.000031	0.436399	 0.423623	 0.005980	 0.000000	 0.003546
104	 0.005565	 0.005367	 0.000089	 0.000000	 0.000059	0.441964	 0.428990	 0.006069	 0.000000	 0.003605
105	 0.004943	 0.004840	 0.000046	 0.000000	 0.000029	0.446907	 0.433830	 0.006115	 0.000000	 0.003634
106	 0.004131	 0.003972	 0.000067	 0.000000	 0.000055	0.451038	 0.437802	 0.006182	 0.000000	 0.003689
107	 0.005482	 0.005362	 0.000042	 0.000000	 0.000033	0.456520	 0.443164	 0.006224	 0.000000	 0.003722
108	 0.004274	 0.004061	 0.000099	 0.000000	 0.000064	0.460794	 0.447225	 0.006323	 0.000000	 0.003786
109	 0.004268	 0.004167	 0.000042	 0.000000	 0.000029	0.465062	 0.451392	 0.006365	 0.000000	 0.003815
110	 0.006110	 0.005947	 0.000073	 0.000000	 0.000058	0.471172	 0.457339	 0.006438	 0.000000	 0.003873
111	 0.004373	 0.004271	 0.000044	 0.000000	 0.000029	0.475545	 0.461610	 0.006482	 0.000000	 0.003902
112	 0.004211	 0.004068	 0.000056	 0.000000	 0.000053	0.479756	 0.465678	 0.006538	 0.000000	 0.003955
113	 0.004994	 0.004894	 0.000043	 0.000000	 0.000030	0.484750	 0.470572	 0.006581	 0.000000	 0.003985
114	 0.005620	 0.005452	 0.000071	 0.000000	 0.000058	0.490370	 0.476024	 0.006652	 0.000000	 0.004043
115	 0.004698	 0.004562	 0.000063	 0.000000	 0.000035	0.495068	 0.480586	 0.006715	 0.000000	 0.004078
116	 0.004609	 0.004420	 0.000076	 0.000000	 0.000058	0.499677	 0.485006	 0.006791	 0.000000	 0.004136
117	 0.006126	 0.006024	 0.000043	 0.000000	 0.000030	0.505803	 0.491030	 0.006834	 0.000000	 0.004166
118	 0.004668	 0.004497	 0.000070	 0.000000	 0.000059	0.510471	 0.495527	 0.006904	 0.000000	 0.004225
119	 0.003829	 0.003714	 0.000043	 0.000000	 0.000044	0.514300	 0.499241	 0.006947	 0.000000	 0.004269
120	 0.004585	 0.004398	 0.000083	 0.000000	 0.000066	0.518885	 0.503639	 0.007030	 0.000000	 0.004335
121	 0.004372	 0.004236	 0.000050	 0.000000	 0.000037	0.523257	 0.507875	 0.007080	 0.000000	 0.004372
122	 0.004776	 0.004654	 0.000039	 0.000000	 0.000041	0.528033	 0.512529	 0.007119	 0.000000	 0.004413
123	 0.004676	 0.004578	 0.000032	 0.000000	 0.000038	0.532709	 0.517107	 0.007151	 0.000000	 0.004451
124	 0.004382	 0.004231	 0.000055	 0.000000	 0.000065	0.537091	 0.521338	 0.007206	 0.000000	 0.004516
125	 0.004215	 0.004126	 0.000027	 0.000000	 0.000035	0.541306	 0.525464	 0.007233	 0.000000	 0.004551
126	 0.003787	 0.003606	 0.000085	 0.000000	 0.000064	0.545093	 0.529070	 0.007318	 0.000000	 0.004615
127	 0.004580	 0.004445	 0.000053	 0.000000	 0.000043	0.549673	 0.533515	 0.007371	 0.000000	 0.004658
128	 0.004974	 0.004766	 0.000068	 0.000000	 0.000074	0.554647	 0.538281	 0.007439	 0.000000	 0.004732
129	 0.005738	 0.005643	 0.000034	 0.000000	 0.000031	0.560385	 0.543924	 0.007473	 0.000000	 0.004763
130	 0.004169	 0.004004	 0.000079	 0.000000	 0.000058	0.564554	 0.547928	 0.007552	 0.000000	 0.004821
131	 0.004536	 0.004447	 0.000033	 0.000000	 0.000029	0.569090	 0.552375	 0.007585	 0.000000	 0.004850
132	 0.005120	 0.004962	 0.000067	 0.000000	 0.000058	0.574210	 0.557337	 0.007652	 0.000000	 0.004908
133	 0.004996	 0.004857	 0.000048	 0.000000	 0.000032	0.579206	 0.562194	 0.007700	 0.000000	 0.004940
134	 0.004651	 0.004438	 0.000079	 0.000000	 0.000074	0.583857	 0.566632	 0.007779	 0.000000	 0.005014
135	 0.004643	 0.004553	 0.000030	 0.000000	 0.000031	0.588500	 0.571185	 0.007809	 0.000000	 0.005045
136	 0.004214	 0.004080	 0.000050	 0.000000	 0.000053	0.592714	 0.575265	 0.007859	 0.000000	 0.005098
137	 0.003874	 0.003778	 0.000045	 0.000000	 0.000027	0.596588	 0.579043	 0.007904	 0.000000	 0.005125
138	 0.003770	 0.003628	 0.000059	 0.000000	 0.000053	0.600358	 0.582671	 0.007963	 0.000000	 0.005178
139	 0.003991	 0.003907	 0.000035	 0.000000	 0.000026	0.604349	 0.586578	 0.007998	 0.000000	 0.005204
140	 0.004701	 0.004551	 0.000055	 0.000000	 0.000050	0.609050	 0.591129	 0.008053	 0.000000	 0.005254
141	 0.005247	 0.005151	 0.000042	 0.000000	 0.000026	0.614297	 0.596280	 0.008095	 0.000000	 0.005280
142	 0.005859	 0.005675	 0.000086	 0.000000	 0.000059	0.620156	 0.601955	 0.008181	 0.000000	 0.005339
143	 0.004809	 0.004702	 0.000044	 0.000000	 0.000029	0.624965	 0.606657	 0.008225	 0.000000	 0.005368
144	 0.004295	 0.004142	 0.000065	 0.000000	 0.000055	0.629260	 0.610799	 0.008290	 0.000000	 0.005423
145	 0.003799	 0.003702	 0.000044	 0.000000	 0.000028	0.633059	 0.614501	 0.008334	 0.000000	 0.005451
146	 0.004068	 0.003923	 0.000059	 0.000000	 0.000056	0.637127	 0.618424	 0.008393	 0.000000	 0.005507
147	 0.004216	 0.004118	 0.000040	 0.000000	 0.000030	0.641343	 0.622542	 0.008433	 0.000000	 0.005537
148	 0.003713	 0.003493	 0.000120	 0.000000	 0.000061	0.645056	 0.626035	 0.008553	 0.000000	 0.005598
149	 0.003949	 0.003857	 0.000037	 0.000000	 0.000028	0.649005	 0.629892	 0.008590	 0.000000	 0.005626
150	 0.004045	 0.003902	 0.000060	 0.000000	 0.000055	0.653050	 0.633794	 0.008650	 0.000000	 0.005681
151	 0.004287	 0.004211	 0.000027	 0.000000	 0.000025	0.657337	 0.638005	 0.008677	 0.000000	 0.005706
152	 0.004111	 0.003950	 0.000062	 0.000000	 0.000055	0.661448	 0.641955	 0.008739	 0.000000	 0.005761
153	 0.004044	 0.003969	 0.000025	 0.000000	 0.000026	0.665492	 0.645924	 0.008764	 0.000000	 0.005787
154	 0.004373	 0.004246	 0.000046	 0.000000	 0.000052	0.669865	 0.650170	 0.008810	 0.000000	 0.005839
155	 0.004812	 0.004697	 0.000057	 0.000000	 0.000031	0.674677	 0.654867	 0.008867	 0.000000	 0.005870
156	 0.004371	 0.004221	 0.000060	 0.000000	 0.000056	0.679048	 0.659088	 0.008927	 0.000000	 0.005926
157	 0.003746	 0.003650	 0.000035	 0.000000	 0.000033	0.682794	 0.662738	 0.008962	 0.000000	 0.005959
158	 0.004430	 0.004265	 0.000073	 0.000000	 0.000059	0.687224	 0.667003	 0.009035	 0.000000	 0.006018
159	 0.003880	 0.003789	 0.000038	 0.000000	 0.000028	0.691104	 0.670792	 0.009073	 0.000000	 0.006046
160	 0.004291	 0.004156	 0.000050	 0.000000	 0.000057	0.695395	 0.674948	 0.009123	 0.000000	 0.006103
161	 0.004170	 0.004084	 0.000035	 0.000000	 0.000027	0.699565	 0.679032	 0.009158	 0.000000	 0.006130
162	 0.004932	 0.004796	 0.000049	 0.000000	 0.000057	0.704497	 0.683828	 0.009207	 0.000000	 0.006187
163	 0.004890	 0.004758	 0.000041	 0.000000	 0.000050	0.709387	 0.688586	 0.009248	 0.000000	 0.006237
164	 0.005093	 0.004901	 0.000093	 0.000000	 0.000061	0.714480	 0.693487	 0.009341	 0.000000	 0.006298
165	 0.004407	 0.004315	 0.000041	 0.000000	 0.000028	0.718887	 0.697802	 0.009382	 0.000000	 0.006326
166	 0.004444	 0.004306	 0.000049	 0.000000	 0.000057	0.723331	 0.702108	 0.009431	 0.000000	 0.006383
167	 0.004019	 0.003942	 0.000027	 0.000000	 0.000030	0.727350	 0.706050	 0.009458	 0.000000	 0.006413
168	 0.003814	 0.003685	 0.000045	 0.000000	 0.000056	0.731164	 0.709735	 0.009503	 0.000000	 0.006469
169	 0.003836	 0.003755	 0.000031	 0.000000	 0.000028	0.735000	 0.713490	 0.009534	 0.000000	 0.006497
170	 0.003804	 0.003657	 0.000061	 0.000000	 0.000058	0.738804	 0.717147	 0.009595	 0.000000	 0.006555
171	 0.004158	 0.004079	 0.000025	 0.000000	 0.000028	0.742962	 0.721226	 0.009620	 0.000000	 0.006583
172	 0.003699	 0.003569	 0.000047	 0.000000	 0.000057	0.746661	 0.724795	 0.009667	 0.000000	 0.006640
173	 0.004611	 0.004518	 0.000037	 0.000000	 0.000030	0.751272	 0.729313	 0.009704	 0.000000	 0.006670
174	 0.003488	 0.003349	 0.000055	 0.000000	 0.000054	0.754760	 0.732662	 0.009759	 0.000000	 0.006724
175	 0.003818	 0.003731	 0.000035	 0.000000	 0.000029	0.758578	 0.736393	 0.009794	 0.000000	 0.006753
176	 0.004169	 0.004027	 0.000054	 0.000000	 0.000059	0.762747	 0.740420	 0.009848	 0.000000	 0.006812
177	 0.004168	 0.004068	 0.000037	 0.000000	 0.000039	0.766915	 0.744488	 0.009885	 0.000000	 0.006851
178	 0.003545	 0.003396	 0.000057	 0.000000	 0.000064	0.770460	 0.747884	 0.009942	 0.000000	 0.006915
179	 0.004009	 0.003932	 0.000026	 0.000000	 0.000028	0.774469	 0.751816	 0.009968	 0.000000	 0.006943
180	 0.003486	 0.003352	 0.000046	 0.000000	 0.000058	0.777955	 0.755168	 0.010014	 0.000000	 0.007001
181	 0.003060	 0.002966	 0.000035	 0.000000	 0.000035	0.781015	 0.758134	 0.010049	 0.000000	 0.007036
182	 0.003939	 0.003771	 0.000072	 0.000000	 0.000069	0.784954	 0.761905	 0.010121	 0.000000	 0.007105
183	 0.003870	 0.003777	 0.000035	 0.000000	 0.000036	0.788824	 0.765682	 0.010156	 0.000000	 0.007141
184	 0.003583	 0.003415	 0.000058	 0.000000	 0.000067	0.792407	 0.769097	 0.010214	 0.000000	 0.007208
185	 0.004090	 0.003995	 0.000039	 0.000000	 0.000029	0.796497	 0.773092	 0.010253	 0.000000	 0.007237
186	 0.004964	 0.004828	 0.000050	 0.000000	 0.000059	0.801461	 0.777920	 0.010303	 0.000000	 0.007296
187	 0.004611	 0.004511	 0.000043	 0.000000	 0.000033	0.806072	 0.782431	 0.010346	 0.000000	 0.007329
188	 0.003584	 0.003422	 0.000070	 0.000000	 0.000062	0.809656	 0.785853	 0.010416	 0.000000	 0.007391
189	 0.003759	 0.003669	 0.000038	 0.000000	 0.000029	0.813415	 0.789522	 0.010454	 0.000000	 0.007420
190	 0.004507	 0.004345	 0.000057	 0.000000	 0.000061	0.817922	 0.793867	 0.010511	 0.000000	 0.007481
191	 0.003681	 0.003591	 0.000035	 0.000000	 0.000032	0.821603	 0.797458	 0.010546	 0.000000	 0.007513
192	 0.004476	 0.004332	 0.000056	 0.000000	 0.000060	0.826079	 0.801790	 0.010602	 0.000000	 0.007573
193	 0.003849	 0.003758	 0.000036	 0.000000	 0.000031	0.829928	 0.805548	 0.010638	 0.000000	 0.007604
194	 0.004469	 0.004316	 0.000047	 0.000000	 0.000062	0.834397	 0.809864	 0.010685	 0.000000	 0.007666
195	 0.003989	 0.003866	 0.000048	 0.000000	 0.000045	0.838386	 0.813730	 0.010733	 0.000000	 0.007711
196	 0.004159	 0.003990	 0.000060	 0.000000	 0.000075	0.842545	 0.817720	 0.010793	 0.000000	 0.007786
197	 0.004473	 0.004369	 0.000043	 0.000000	 0.000031	0.847018	 0.822089	 0.010836	 0.000000	 0.007817
198	 0.004133	 0.003939	 0.000077	 0.000000	 0.000064	0.851151	 0.826028	 0.010913	 0.000000	 0.007881
199	 0.004309	 0.004192	 0.000043	 0.000000	 0.000042	0.855460	 0.830220	 0.010956	 0.000000	 0.007923
200	 0.004301	 0.004131	 0.000067	 0.000000	 0.000073	0.859761	 0.834351	 0.011023	 0.000000	 0.007996
201	 0.004021	 0.003921	 0.000037	 0.000000	 0.000038	0.863782	 0.838272	 0.011060	 0.000000	 0.008034
202	 0.004109	 0.003944	 0.000061	 0.000000	 0.000073	0.867891	 0.842216	 0.011121	 0.000000	 0.008107
203	 0.004772	 0.004674	 0.000039	 0.000000	 0.000031	0.872663	 0.846890	 0.011160	 0.000000	 0.008138
204	 0.005169	 0.004954	 0.000088	 0.000000	 0.000067	0.877832	 0.851844	 0.011248	 0.000000	 0.008205
205	 0.004946	 0.004830	 0.000050	 0.000000	 0.000033	0.882778	 0.856674	 0.011298	 0.000000	 0.008238
206	 0.006097	 0.005940	 0.000065	 0.000000	 0.000063	0.888875	 0.862614	 0.011363	 0.000000	 0.008301
207	 0.004491	 0.004392	 0.000044	 0.000000	 0.000032	0.893366	 0.867006	 0.011407	 0.000000	 0.008333
208	 0.005200	 0.005040	 0.000063	 0.000000	 0.000064	0.898566	 0.872046	 0.011470	 0.000000	 0.008397
209	 0.004680	 0.004563	 0.000046	 0.000000	 0.000034	0.903246	 0.876609	 0.011516	 0.000000	 0.008431
210	 0.004306	 0.004115	 0.000078	 0.000000	 0.000071	0.907552	 0.880724	 0.011594	 0.000000	 0.008502
211	 0.004639	 0.004531	 0.000044	 0.000000	 0.000035	0.912191	 0.885255	 0.011638	 0.000000	 0.008537
212	 0.004436	 0.004282	 0.000059	 0.000000	 0.000066	0.916627	 0.889537	 0.011697	 0.000000	 0.008603
213	 0.004963	 0.004876	 0.000027	 0.000000	 0.000032	0.921590	 0.894413	 0.011724	 0.000000	 0.008635
214	 0.004039	 0.003900	 0.000047	 0.000000	 0.000063	0.925629	 0.898313	 0.011771	 0.000000	 0.008698
215	 0.003727	 0.003633	 0.000035	 0.000000	 0.000032	0.929356	 0.901946	 0.011806	 0.000000	 0.008730
216	 0.004322	 0.004155	 0.000065	 0.000000	 0.000068	0.933678	 0.906101	 0.011871	 0.000000	 0.008798
217	 0.004282	 0.004164	 0.000047	 0.000000	 0.000037	0.937960	 0.910265	 0.011918	 0.000000	 0.008835
218	 0.004120	 0.003958	 0.000066	 0.000000	 0.000067	0.942080	 0.914223	 0.011984	 0.000000	 0.008902
219	 0.004085	 0.003988	 0.000037	 0.000000	 0.000033	0.946165	 0.918211	 0.012021	 0.000000	 0.008935
220	 0.004063	 0.003917	 0.000049	 0.000000	 0.000066	0.950228	 0.922128	 0.012070	 0.000000	 0.009001
221	 0.003955	 0.003862	 0.000036	 0.000000	 0.000033	0.954183	 0.925990	 0.012106	 0.000000	 0.009034
222	 0.004714	 0.004566	 0.000058	 0.000000	 0.000064	0.958897	 0.930556	 0.012164	 0.000000	 0.009098
223	 0.005550	 0.005455	 0.000037	 0.000000	 0.000034	0.964447	 0.936011	 0.012201	 0.000000	 0.009132
224	 0.004428	 0.004271	 0.000054	 0.000000	 0.000066	0.968875	 0.940282	 0.012255	 0.000000	 0.009198
225	 0.004177	 0.004065	 0.000056	 0.000000	 0.000032	0.973052	 0.944347	 0.012311	 0.000000	 0.009230
226	 0.005307	 0.005138	 0.000068	 0.000000	 0.000068	0.978359	 0.949485	 0.012379	 0.000000	 0.009298
227	 0.004902	 0.004791	 0.000039	 0.000000	 0.000034	0.983261	 0.954276	 0.012418	 0.000000	 0.009332
228	 0.005721	 0.005438	 0.000112	 0.000000	 0.000111	0.988982	 0.959714	 0.012530	 0.000000	 0.009443
229	 0.005954	 0.005786	 0.000073	 0.000000	 0.000044	0.994936	 0.965500	 0.012603	 0.000000	 0.009487
230	 0.006720	 0.006436	 0.000118	 0.000000	 0.000112	1.001656	 0.971936	 0.012721	 0.000000	 0.009599
231	 0.006046	 0.005802	 0.000125	 0.000000	 0.000059	1.007702	 0.977738	 0.012846	 0.000000	 0.009658
232	 0.006761	 0.006549	 0.000083	 0.000000	 0.000078	1.014463	 0.984287	 0.012929	 0.000000	 0.009736
233	 0.006013	 0.005892	 0.000050	 0.000000	 0.000039	1.020476	 0.990179	 0.012979	 0.000000	 0.009775
234	 0.006675	 0.006461	 0.000084	 0.000000	 0.000069	1.027151	 0.996640	 0.013063	 0.000000	 0.009844
235	 0.006223	 0.006004	 0.000145	 0.000000	 0.000037	1.033374	 1.002644	 0.013208	 0.000000	 0.009881
236	 0.005418	 0.005260	 0.000055	 0.000000	 0.000070	1.038792	 1.007904	 0.013263	 0.000000	 0.009951
237	 0.005354	 0.005245	 0.000046	 0.000000	 0.000037	1.044146	 1.013149	 0.013309	 0.000000	 0.009988
238	 0.005111	 0.004952	 0.000061	 0.000000	 0.000064	1.049257	 1.018101	 0.013370	 0.000000	 0.010052
239	 0.004674	 0.004580	 0.000030	 0.000000	 0.000036	1.053931	 1.022681	 0.013400	 0.000000	 0.010088
240	 0.004946	 0.004758	 0.000081	 0.000000	 0.000070	1.058877	 1.027439	 0.013481	 0.000000	 0.010158
241	 0.004307	 0.004187	 0.000055	 0.000000	 0.000037	1.063184	 1.031626	 0.013536	 0.000000	 0.010195
242	 0.004334	 0.004170	 0.000063	 0.000000	 0.000070	1.067518	 1.035796	 0.013599	 0.000000	 0.010265
243	 0.004801	 0.004697	 0.000039	 0.000000	 0.000035	1.072319	 1.040493	 0.013638	 0.000000	 0.010300
244	 0.005166	 0.005019	 0.000050	 0.000000	 0.000067	1.077485	 1.045512	 0.013688	 0.000000	 0.010367
245	 0.004892	 0.004790	 0.000043	 0.000000	 0.000035	1.082377	 1.050302	 0.013731	 0.000000	 0.010402
246	 0.004681	 0.004529	 0.000052	 0.000000	 0.000069	1.087058	 1.054831	 0.013783	 0.000000	 0.010471
247	 0.004582	 0.004489	 0.000036	 0.000000	 0.000032	1.091640	 1.059320	 0.013819	 0.000000	 0.010503
248	 0.004830	 0.004679	 0.000051	 0.000000	 0.000068	1.096470	 1.063999	 0.013870	 0.000000	 0.010571
249	 0.004718	 0.004636	 0.000027	 0.000000	 0.000033	1.101188	 1.068635	 0.013897	 0.000000	 0.010604
250	 0.005185	 0.005018	 0.000071	 0.000000	 0.000070	1.106373	 1.073653	 0.013968	 0.000000	 0.010674
251	 0.004996	 0.004896	 0.000037	 0.000000	 0.000035	1.111369	 1.078549	 0.014005	 0.000000	 0.010709
252	 0.004133	 0.003971	 0.000062	 0.000000	 0.000070	1.115502	 1.082520	 0.014067	 0.000000	 0.010779
253	 0.004315	 0.004213	 0.000026	 0.000000	 0.000040	1.119817	 1.086733	 0.014093	 0.000000	 0.010819
254	 0.004809	 0.004644	 0.000067	 0.000000	 0.000068	1.124626	 1.091377	 0.014160	 0.000000	 0.010887
255	 0.004138	 0.004041	 0.000040	 0.000000	 0.000032	1.128764	 1.095418	 0.014200	 0.000000	 0.010919
256	 0.003829	 0.003678	 0.000050	 0.000000	 0.000070	1.132593	 1.099096	 0.014250	 0.000000	 0.010989
257	 0.004242	 0.004150	 0.000035	 0.000000	 0.000032	1.136835	 1.103246	 0.014285	 0.000000	 0.011021
258	 0.005333	 0.005171	 0.000059	 0.000000	 0.000073	1.142168	 1.108417	 0.014344	 0.000000	 0.011094
259	 0.004108	 0.003997	 0.000042	 0.000000	 0.000038	1.146276	 1.112414	 0.014386	 0.000000	 0.011132
260	 0.004057	 0.003896	 0.000057	 0.000000	 0.000073	1.150333	 1.116310	 0.014443	 0.000000	 0.011205
261	 0.004754	 0.004658	 0.000034	 0.000000	 0.000036	1.155087	 1.120968	 0.014477	 0.000000	 0.011241
