Iter	 Iter_time	 Master	 Subprob	 Full_Test	 argmax	Iter_acc	 Master_acc	 Subprob_acc	 Full_Test_acc	 argmax_acc
1	 0.001182	 0.000623	 0.000444	 0.000000	 0.000078	0.001182	 0.000623	 0.000444	 0.000000	 0.000078
2	 0.005725	 0.005375	 0.000234	 0.000000	 0.000079	0.006907	 0.005998	 0.000678	 0.000000	 0.000157
3	 0.005290	 0.005098	 0.000075	 0.000000	 0.000064	0.012197	 0.011096	 0.000753	 0.000000	 0.000221
4	 0.005490	 0.005343	 0.000085	 0.000000	 0.000028	0.017687	 0.016439	 0.000838	 0.000000	 0.000249
5	 0.005119	 0.004769	 0.000183	 0.000000	 0.000129	0.022806	 0.021208	 0.001021	 0.000000	 0.000378
6	 0.005201	 0.005077	 0.000058	 0.000000	 0.000026	0.028007	 0.026285	 0.001079	 0.000000	 0.000404
7	 0.005816	 0.005719	 0.000033	 0.000000	 0.000026	0.033823	 0.032004	 0.001112	 0.000000	 0.000430
8	 0.005148	 0.005024	 0.000070	 0.000000	 0.000025	0.038971	 0.037028	 0.001182	 0.000000	 0.000455
9	 0.005512	 0.005352	 0.000089	 0.000000	 0.000039	0.044483	 0.042380	 0.001271	 0.000000	 0.000494
10	 0.005677	 0.005590	 0.000039	 0.000000	 0.000026	0.050160	 0.047970	 0.001310	 0.000000	 0.000520
11	 0.005191	 0.005049	 0.000072	 0.000000	 0.000040	0.055351	 0.053019	 0.001382	 0.000000	 0.000560
12	 0.005128	 0.005053	 0.000027	 0.000000	 0.000023	0.060479	 0.058072	 0.001409	 0.000000	 0.000583
13	 0.005071	 0.004963	 0.000049	 0.000000	 0.000034	0.065550	 0.063035	 0.001458	 0.000000	 0.000617
14	 0.005130	 0.005039	 0.000042	 0.000000	 0.000023	0.070680	 0.068074	 0.001500	 0.000000	 0.000640
15	 0.005040	 0.004911	 0.000064	 0.000000	 0.000036	0.075720	 0.072985	 0.001564	 0.000000	 0.000676
16	 0.005118	 0.005036	 0.000039	 0.000000	 0.000020	0.080838	 0.078021	 0.001603	 0.000000	 0.000696
17	 0.006590	 0.006419	 0.000085	 0.000000	 0.000051	0.087428	 0.084440	 0.001688	 0.000000	 0.000747
18	 0.006008	 0.005894	 0.000043	 0.000000	 0.000028	0.093436	 0.090334	 0.001731	 0.000000	 0.000775
19	 0.006029	 0.005850	 0.000101	 0.000000	 0.000024	0.099465	 0.096184	 0.001832	 0.000000	 0.000799
20	 0.005944	 0.005855	 0.000047	 0.000000	 0.000018	0.105409	 0.102039	 0.001879	 0.000000	 0.000817
21	 0.006144	 0.005968	 0.000115	 0.000000	 0.000031	0.111553	 0.108007	 0.001994	 0.000000	 0.000848
22	 0.005250	 0.005175	 0.000031	 0.000000	 0.000018	0.116803	 0.113182	 0.002025	 0.000000	 0.000866
23	 0.005694	 0.005577	 0.000048	 0.000000	 0.000030	0.122497	 0.118759	 0.002073	 0.000000	 0.000896
24	 0.005733	 0.005634	 0.000047	 0.000000	 0.000026	0.128230	 0.124393	 0.002120	 0.000000	 0.000922
25	 0.005797	 0.005648	 0.000068	 0.000000	 0.000040	0.134027	 0.130041	 0.002188	 0.000000	 0.000962
26	 0.005452	 0.005345	 0.000056	 0.000000	 0.000028	0.139479	 0.135386	 0.002244	 0.000000	 0.000990
27	 0.005983	 0.005852	 0.000054	 0.000000	 0.000043	0.145462	 0.141238	 0.002298	 0.000000	 0.001033
28	 0.005678	 0.005600	 0.000032	 0.000000	 0.000017	0.151140	 0.146838	 0.002330	 0.000000	 0.001050
29	 0.005631	 0.005513	 0.000051	 0.000000	 0.000032	0.156771	 0.152351	 0.002381	 0.000000	 0.001082
30	 0.006450	 0.006308	 0.000088	 0.000000	 0.000020	0.163221	 0.158659	 0.002469	 0.000000	 0.001102
31	 0.006643	 0.006458	 0.000101	 0.000000	 0.000034	0.169864	 0.165117	 0.002570	 0.000000	 0.001136
32	 0.007194	 0.007067	 0.000055	 0.000000	 0.000021	0.177058	 0.172184	 0.002625	 0.000000	 0.001157
33	 0.006628	 0.006482	 0.000062	 0.000000	 0.000030	0.183686	 0.178666	 0.002687	 0.000000	 0.001187
34	 0.005968	 0.005860	 0.000040	 0.000000	 0.000023	0.189654	 0.184526	 0.002727	 0.000000	 0.001210
35	 0.005888	 0.005786	 0.000035	 0.000000	 0.000023	0.195542	 0.190312	 0.002762	 0.000000	 0.001233
36	 0.007186	 0.007066	 0.000045	 0.000000	 0.000024	0.202728	 0.197378	 0.002807	 0.000000	 0.001257
37	 0.005915	 0.005825	 0.000033	 0.000000	 0.000018	0.208643	 0.203203	 0.002840	 0.000000	 0.001275
38	 0.006494	 0.006402	 0.000033	 0.000000	 0.000021	0.215137	 0.209605	 0.002873	 0.000000	 0.001296
39	 0.006444	 0.006354	 0.000036	 0.000000	 0.000019	0.221581	 0.215959	 0.002909	 0.000000	 0.001315
40	 0.005193	 0.005074	 0.000056	 0.000000	 0.000023	0.226774	 0.221033	 0.002965	 0.000000	 0.001338
41	 0.005337	 0.005252	 0.000034	 0.000000	 0.000018	0.232111	 0.226285	 0.002999	 0.000000	 0.001356
42	 0.004997	 0.004900	 0.000039	 0.000000	 0.000025	0.237108	 0.231185	 0.003038	 0.000000	 0.001381
43	 0.005469	 0.005383	 0.000029	 0.000000	 0.000025	0.242577	 0.236568	 0.003067	 0.000000	 0.001406
44	 0.004626	 0.004554	 0.000028	 0.000000	 0.000023	0.247203	 0.241122	 0.003095	 0.000000	 0.001429
45	 0.005185	 0.005069	 0.000046	 0.000000	 0.000040	0.252388	 0.246191	 0.003141	 0.000000	 0.001469
46	 0.005379	 0.005313	 0.000027	 0.000000	 0.000017	0.257767	 0.251504	 0.003168	 0.000000	 0.001486
47	 0.005138	 0.005029	 0.000049	 0.000000	 0.000034	0.262905	 0.256533	 0.003217	 0.000000	 0.001520
48	 0.005119	 0.005052	 0.000026	 0.000000	 0.000018	0.268024	 0.261585	 0.003243	 0.000000	 0.001538
49	 0.005171	 0.005040	 0.000072	 0.000000	 0.000034	0.273195	 0.266625	 0.003315	 0.000000	 0.001572
50	 0.004793	 0.004700	 0.000040	 0.000000	 0.000020	0.277988	 0.271325	 0.003355	 0.000000	 0.001592
51	 0.004438	 0.004366	 0.000030	 0.000000	 0.000018	0.282426	 0.275691	 0.003385	 0.000000	 0.001610
52	 0.004657	 0.004543	 0.000048	 0.000000	 0.000037	0.287083	 0.280234	 0.003433	 0.000000	 0.001647
53	 0.004571	 0.004505	 0.000026	 0.000000	 0.000018	0.291654	 0.284739	 0.003459	 0.000000	 0.001665
54	 0.004849	 0.004733	 0.000047	 0.000000	 0.000042	0.296503	 0.289472	 0.003506	 0.000000	 0.001707
55	 0.004523	 0.004455	 0.000027	 0.000000	 0.000018	0.301026	 0.293927	 0.003533	 0.000000	 0.001725
56	 0.005064	 0.004943	 0.000049	 0.000000	 0.000039	0.306090	 0.298870	 0.003582	 0.000000	 0.001764
57	 0.005091	 0.005014	 0.000038	 0.000000	 0.000018	0.311181	 0.303884	 0.003620	 0.000000	 0.001782
58	 0.004449	 0.004327	 0.000051	 0.000000	 0.000044	0.315630	 0.308211	 0.003671	 0.000000	 0.001826
59	 0.004321	 0.004256	 0.000028	 0.000000	 0.000017	0.319951	 0.312467	 0.003699	 0.000000	 0.001843
60	 0.004264	 0.004149	 0.000049	 0.000000	 0.000042	0.324215	 0.316616	 0.003748	 0.000000	 0.001885
61	 0.004272	 0.004206	 0.000026	 0.000000	 0.000017	0.328487	 0.320822	 0.003774	 0.000000	 0.001902
62	 0.004916	 0.004749	 0.000083	 0.000000	 0.000045	0.333403	 0.325571	 0.003857	 0.000000	 0.001947
63	 0.004446	 0.004367	 0.000038	 0.000000	 0.000020	0.337849	 0.329938	 0.003895	 0.000000	 0.001967
64	 0.004377	 0.004267	 0.000049	 0.000000	 0.000035	0.342226	 0.334205	 0.003944	 0.000000	 0.002002
65	 0.003903	 0.003824	 0.000036	 0.000000	 0.000019	0.346129	 0.338029	 0.003980	 0.000000	 0.002021
66	 0.004758	 0.004620	 0.000070	 0.000000	 0.000043	0.350887	 0.342649	 0.004050	 0.000000	 0.002064
67	 0.004559	 0.004495	 0.000027	 0.000000	 0.000017	0.355446	 0.347144	 0.004077	 0.000000	 0.002081
68	 0.004773	 0.004664	 0.000047	 0.000000	 0.000033	0.360219	 0.351808	 0.004124	 0.000000	 0.002114
69	 0.004567	 0.004497	 0.000029	 0.000000	 0.000019	0.364786	 0.356305	 0.004153	 0.000000	 0.002133
70	 0.004710	 0.004602	 0.000047	 0.000000	 0.000034	0.369496	 0.360907	 0.004200	 0.000000	 0.002167
71	 0.005372	 0.005302	 0.000028	 0.000000	 0.000020	0.374868	 0.366209	 0.004228	 0.000000	 0.002187
72	 0.005768	 0.005632	 0.000072	 0.000000	 0.000037	0.380636	 0.371841	 0.004300	 0.000000	 0.002224
73	 0.005335	 0.005216	 0.000061	 0.000000	 0.000025	0.385971	 0.377057	 0.004361	 0.000000	 0.002249
74	 0.006244	 0.006119	 0.000055	 0.000000	 0.000035	0.392215	 0.383176	 0.004416	 0.000000	 0.002284
75	 0.005084	 0.004996	 0.000037	 0.000000	 0.000021	0.397299	 0.388172	 0.004453	 0.000000	 0.002305
76	 0.005222	 0.005081	 0.000066	 0.000000	 0.000043	0.402521	 0.393253	 0.004519	 0.000000	 0.002348
77	 0.005834	 0.005754	 0.000031	 0.000000	 0.000019	0.408355	 0.399007	 0.004550	 0.000000	 0.002367
78	 0.005430	 0.005303	 0.000056	 0.000000	 0.000038	0.413785	 0.404310	 0.004606	 0.000000	 0.002405
79	 0.006067	 0.005990	 0.000032	 0.000000	 0.000019	0.419852	 0.410300	 0.004638	 0.000000	 0.002424
80	 0.005550	 0.005429	 0.000049	 0.000000	 0.000040	0.425402	 0.415729	 0.004687	 0.000000	 0.002464
81	 0.005044	 0.004973	 0.000030	 0.000000	 0.000019	0.430446	 0.420702	 0.004717	 0.000000	 0.002483
82	 0.005452	 0.005341	 0.000046	 0.000000	 0.000037	0.435898	 0.426043	 0.004763	 0.000000	 0.002520
83	 0.004653	 0.004565	 0.000047	 0.000000	 0.000020	0.440551	 0.430608	 0.004810	 0.000000	 0.002540
84	 0.004538	 0.004401	 0.000065	 0.000000	 0.000046	0.445089	 0.435009	 0.004875	 0.000000	 0.002586
85	 0.005137	 0.005067	 0.000028	 0.000000	 0.000020	0.450226	 0.440076	 0.004903	 0.000000	 0.002606
86	 0.004635	 0.004513	 0.000050	 0.000000	 0.000040	0.454861	 0.444589	 0.004953	 0.000000	 0.002646
87	 0.004657	 0.004575	 0.000029	 0.000000	 0.000028	0.459518	 0.449164	 0.004982	 0.000000	 0.002674
88	 0.004805	 0.004683	 0.000050	 0.000000	 0.000047	0.464323	 0.453847	 0.005032	 0.000000	 0.002721
89	 0.004443	 0.004361	 0.000028	 0.000000	 0.000029	0.468766	 0.458208	 0.005060	 0.000000	 0.002750
90	 0.004996	 0.004858	 0.000049	 0.000000	 0.000046	0.473762	 0.463066	 0.005109	 0.000000	 0.002796
91	 0.004374	 0.004273	 0.000049	 0.000000	 0.000027	0.478136	 0.467339	 0.005158	 0.000000	 0.002823
92	 0.004813	 0.004679	 0.000059	 0.000000	 0.000043	0.482949	 0.472018	 0.005217	 0.000000	 0.002866
93	 0.004998	 0.004931	 0.000028	 0.000000	 0.000019	0.487947	 0.476949	 0.005245	 0.000000	 0.002885
94	 0.005380	 0.005250	 0.000063	 0.000000	 0.000037	0.493327	 0.482199	 0.005308	 0.000000	 0.002922
95	 0.005046	 0.004953	 0.000040	 0.000000	 0.000019	0.498373	 0.487152	 0.005348	 0.000000	 0.002941
96	 0.005881	 0.005804	 0.000032	 0.000000	 0.000019	0.504254	 0.492956	 0.005380	 0.000000	 0.002960
97	 0.005722	 0.005549	 0.000081	 0.000000	 0.000040	0.509976	 0.498505	 0.005461	 0.000000	 0.003000
98	 0.005640	 0.005545	 0.000045	 0.000000	 0.000023	0.515616	 0.504050	 0.005506	 0.000000	 0.003023
99	 0.005413	 0.005265	 0.000058	 0.000000	 0.000043	0.521029	 0.509315	 0.005564	 0.000000	 0.003066
100	 0.005339	 0.005232	 0.000040	 0.000000	 0.000032	0.526368	 0.514547	 0.005604	 0.000000	 0.003098
101	 0.004889	 0.004807	 0.000029	 0.000000	 0.000027	0.531257	 0.519354	 0.005633	 0.000000	 0.003125
102	 0.006333	 0.006147	 0.000077	 0.000000	 0.000068	0.537590	 0.525501	 0.005710	 0.000000	 0.003193
103	 0.005327	 0.005225	 0.000041	 0.000000	 0.000025	0.542917	 0.530726	 0.005751	 0.000000	 0.003218
104	 0.005832	 0.005689	 0.000055	 0.000000	 0.000053	0.548749	 0.536415	 0.005806	 0.000000	 0.003271
105	 0.005655	 0.005560	 0.000041	 0.000000	 0.000024	0.554404	 0.541975	 0.005847	 0.000000	 0.003295
106	 0.004537	 0.004405	 0.000052	 0.000000	 0.000050	0.558941	 0.546380	 0.005899	 0.000000	 0.003345
107	 0.004794	 0.004722	 0.000027	 0.000000	 0.000020	0.563735	 0.551102	 0.005926	 0.000000	 0.003365
108	 0.005814	 0.005684	 0.000048	 0.000000	 0.000046	0.569549	 0.556786	 0.005974	 0.000000	 0.003411
109	 0.005268	 0.005105	 0.000076	 0.000000	 0.000040	0.574817	 0.561891	 0.006050	 0.000000	 0.003451
110	 0.005939	 0.005743	 0.000081	 0.000000	 0.000070	0.580756	 0.567634	 0.006131	 0.000000	 0.003521
111	 0.006849	 0.006728	 0.000047	 0.000000	 0.000035	0.587605	 0.574362	 0.006178	 0.000000	 0.003556
112	 0.006810	 0.006592	 0.000096	 0.000000	 0.000080	0.594415	 0.580954	 0.006274	 0.000000	 0.003636
113	 0.007753	 0.007636	 0.000045	 0.000000	 0.000032	0.602168	 0.588590	 0.006319	 0.000000	 0.003668
114	 0.007369	 0.007194	 0.000065	 0.000000	 0.000059	0.609537	 0.595784	 0.006384	 0.000000	 0.003727
115	 0.006964	 0.006800	 0.000087	 0.000000	 0.000037	0.616501	 0.602584	 0.006471	 0.000000	 0.003764
116	 0.006726	 0.006550	 0.000087	 0.000000	 0.000051	0.623227	 0.609134	 0.006558	 0.000000	 0.003815
117	 0.005728	 0.005630	 0.000033	 0.000000	 0.000025	0.628955	 0.614764	 0.006591	 0.000000	 0.003840
118	 0.005702	 0.005621	 0.000031	 0.000000	 0.000021	0.634657	 0.620385	 0.006622	 0.000000	 0.003861
119	 0.006026	 0.005894	 0.000056	 0.000000	 0.000043	0.640683	 0.626279	 0.006678	 0.000000	 0.003904
120	 0.005642	 0.005545	 0.000033	 0.000000	 0.000037	0.646325	 0.631824	 0.006711	 0.000000	 0.003941
121	 0.005523	 0.005361	 0.000076	 0.000000	 0.000044	0.651848	 0.637185	 0.006787	 0.000000	 0.003985
122	 0.005079	 0.004982	 0.000039	 0.000000	 0.000028	0.656927	 0.642167	 0.006826	 0.000000	 0.004013
123	 0.004699	 0.004552	 0.000070	 0.000000	 0.000048	0.661626	 0.646719	 0.006896	 0.000000	 0.004061
124	 0.005876	 0.005792	 0.000033	 0.000000	 0.000027	0.667502	 0.652511	 0.006929	 0.000000	 0.004088
125	 0.004981	 0.004841	 0.000053	 0.000000	 0.000050	0.672483	 0.657352	 0.006982	 0.000000	 0.004138
126	 0.005696	 0.005603	 0.000038	 0.000000	 0.000024	0.678179	 0.662955	 0.007020	 0.000000	 0.004162
127	 0.005942	 0.005703	 0.000104	 0.000000	 0.000081	0.684121	 0.668658	 0.007124	 0.000000	 0.004243
128	 0.006746	 0.006629	 0.000039	 0.000000	 0.000033	0.690867	 0.675287	 0.007163	 0.000000	 0.004276
129	 0.006653	 0.006498	 0.000063	 0.000000	 0.000052	0.697520	 0.681785	 0.007226	 0.000000	 0.004328
130	 0.006738	 0.006622	 0.000056	 0.000000	 0.000032	0.704258	 0.688407	 0.007282	 0.000000	 0.004360
131	 0.005680	 0.005530	 0.000070	 0.000000	 0.000053	0.709938	 0.693937	 0.007352	 0.000000	 0.004413
132	 0.004822	 0.004743	 0.000026	 0.000000	 0.000019	0.714760	 0.698680	 0.007378	 0.000000	 0.004432
133	 0.005224	 0.005144	 0.000028	 0.000000	 0.000019	0.719984	 0.703824	 0.007406	 0.000000	 0.004451
134	 0.004474	 0.004395	 0.000027	 0.000000	 0.000028	0.724458	 0.708219	 0.007433	 0.000000	 0.004479
135	 0.004555	 0.004430	 0.000052	 0.000000	 0.000046	0.729013	 0.712649	 0.007485	 0.000000	 0.004525
136	 0.004604	 0.004533	 0.000029	 0.000000	 0.000021	0.733617	 0.717182	 0.007514	 0.000000	 0.004546
137	 0.004233	 0.004120	 0.000049	 0.000000	 0.000036	0.737850	 0.721302	 0.007563	 0.000000	 0.004582
138	 0.004753	 0.004652	 0.000044	 0.000000	 0.000021	0.742603	 0.725954	 0.007607	 0.000000	 0.004603
139	 0.004345	 0.004269	 0.000034	 0.000000	 0.000020	0.746948	 0.730223	 0.007641	 0.000000	 0.004623
140	 0.004205	 0.004083	 0.000056	 0.000000	 0.000038	0.751153	 0.734306	 0.007697	 0.000000	 0.004661
141	 0.004382	 0.004294	 0.000029	 0.000000	 0.000029	0.755535	 0.738600	 0.007726	 0.000000	 0.004690
142	 0.004415	 0.004326	 0.000038	 0.000000	 0.000029	0.759950	 0.742926	 0.007764	 0.000000	 0.004719
143	 0.004128	 0.003983	 0.000073	 0.000000	 0.000045	0.764078	 0.746909	 0.007837	 0.000000	 0.004764
144	 0.003979	 0.003901	 0.000036	 0.000000	 0.000019	0.768057	 0.750810	 0.007873	 0.000000	 0.004783
145	 0.005335	 0.005205	 0.000064	 0.000000	 0.000040	0.773392	 0.756015	 0.007937	 0.000000	 0.004823
146	 0.005141	 0.005067	 0.000028	 0.000000	 0.000021	0.778533	 0.761082	 0.007965	 0.000000	 0.004844
147	 0.004132	 0.004015	 0.000050	 0.000000	 0.000040	0.782665	 0.765097	 0.008015	 0.000000	 0.004884
148	 0.004419	 0.004333	 0.000044	 0.000000	 0.000020	0.787084	 0.769430	 0.008059	 0.000000	 0.004904
149	 0.004996	 0.004872	 0.000059	 0.000000	 0.000037	0.792080	 0.774302	 0.008118	 0.000000	 0.004941
150	 0.004064	 0.003990	 0.000029	 0.000000	 0.000021	0.796144	 0.778292	 0.008147	 0.000000	 0.004962
151	 0.004314	 0.004200	 0.000047	 0.000000	 0.000039	0.800458	 0.782492	 0.008194	 0.000000	 0.005001
152	 0.004286	 0.004218	 0.000026	 0.000000	 0.000021	0.804744	 0.786710	 0.008220	 0.000000	 0.005022
153	 0.004237	 0.004125	 0.000046	 0.000000	 0.000037	0.808981	 0.790835	 0.008266	 0.000000	 0.005059
154	 0.004387	 0.004310	 0.000025	 0.000000	 0.000029	0.813368	 0.795145	 0.008291	 0.000000	 0.005088
155	 0.004462	 0.004339	 0.000049	 0.000000	 0.000048	0.817830	 0.799484	 0.008340	 0.000000	 0.005136
156	 0.004237	 0.004163	 0.000025	 0.000000	 0.000027	0.822067	 0.803647	 0.008365	 0.000000	 0.005163
157	 0.004616	 0.004496	 0.000046	 0.000000	 0.000047	0.826683	 0.808143	 0.008411	 0.000000	 0.005210
158	 0.004583	 0.004470	 0.000044	 0.000000	 0.000028	0.831266	 0.812613	 0.008455	 0.000000	 0.005238
159	 0.004152	 0.004069	 0.000035	 0.000000	 0.000027	0.835418	 0.816682	 0.008490	 0.000000	 0.005265
160	 0.004377	 0.004251	 0.000048	 0.000000	 0.000046	0.839795	 0.820933	 0.008538	 0.000000	 0.005311
161	 0.004954	 0.004875	 0.000027	 0.000000	 0.000029	0.844749	 0.825808	 0.008565	 0.000000	 0.005340
162	 0.005185	 0.005056	 0.000050	 0.000000	 0.000050	0.849934	 0.830864	 0.008615	 0.000000	 0.005390
163	 0.005651	 0.005550	 0.000051	 0.000000	 0.000022	0.855585	 0.836414	 0.008666	 0.000000	 0.005412
164	 0.005189	 0.004956	 0.000129	 0.000000	 0.000061	0.860774	 0.841370	 0.008795	 0.000000	 0.005473
165	 0.005245	 0.005158	 0.000030	 0.000000	 0.000020	0.866019	 0.846528	 0.008825	 0.000000	 0.005493
166	 0.004870	 0.004771	 0.000051	 0.000000	 0.000022	0.870889	 0.851299	 0.008876	 0.000000	 0.005515
167	 0.004388	 0.004234	 0.000073	 0.000000	 0.000050	0.875277	 0.855533	 0.008949	 0.000000	 0.005565
168	 0.004845	 0.004757	 0.000038	 0.000000	 0.000027	0.880122	 0.860290	 0.008987	 0.000000	 0.005592
169	 0.005266	 0.005135	 0.000052	 0.000000	 0.000048	0.885388	 0.865425	 0.009039	 0.000000	 0.005640
170	 0.004992	 0.004878	 0.000052	 0.000000	 0.000035	0.890380	 0.870303	 0.009091	 0.000000	 0.005675
171	 0.006268	 0.006113	 0.000069	 0.000000	 0.000051	0.896648	 0.876416	 0.009160	 0.000000	 0.005726
172	 0.005458	 0.005342	 0.000036	 0.000000	 0.000028	0.902106	 0.881758	 0.009196	 0.000000	 0.005754
173	 0.004113	 0.004033	 0.000030	 0.000000	 0.000022	0.906219	 0.885791	 0.009226	 0.000000	 0.005776
174	 0.004996	 0.004869	 0.000047	 0.000000	 0.000050	0.911215	 0.890660	 0.009273	 0.000000	 0.005826
175	 0.004407	 0.004305	 0.000050	 0.000000	 0.000030	0.915622	 0.894965	 0.009323	 0.000000	 0.005856
176	 0.004107	 0.003966	 0.000063	 0.000000	 0.000049	0.919729	 0.898931	 0.009386	 0.000000	 0.005905
177	 0.004348	 0.004268	 0.000027	 0.000000	 0.000027	0.924077	 0.903199	 0.009413	 0.000000	 0.005932
178	 0.004571	 0.004443	 0.000049	 0.000000	 0.000050	0.928648	 0.907642	 0.009462	 0.000000	 0.005982
179	 0.004353	 0.004261	 0.000032	 0.000000	 0.000031	0.933001	 0.911903	 0.009494	 0.000000	 0.006013
180	 0.005745	 0.005612	 0.000050	 0.000000	 0.000052	0.938746	 0.917515	 0.009544	 0.000000	 0.006065
181	 0.006246	 0.006103	 0.000059	 0.000000	 0.000045	0.944992	 0.923618	 0.009603	 0.000000	 0.006110
182	 0.006460	 0.006238	 0.000090	 0.000000	 0.000087	0.951452	 0.929856	 0.009693	 0.000000	 0.006197
183	 0.006399	 0.006283	 0.000052	 0.000000	 0.000032	0.957851	 0.936139	 0.009745	 0.000000	 0.006229
184	 0.006195	 0.005985	 0.000095	 0.000000	 0.000059	0.964046	 0.942124	 0.009840	 0.000000	 0.006288
185	 0.004361	 0.004268	 0.000032	 0.000000	 0.000024	0.968407	 0.946392	 0.009872	 0.000000	 0.006312
186	 0.004848	 0.004768	 0.000026	 0.000000	 0.000019	0.973255	 0.951160	 0.009898	 0.000000	 0.006331
187	 0.005193	 0.005089	 0.000030	 0.000000	 0.000033	0.978448	 0.956249	 0.009928	 0.000000	 0.006364
188	 0.005747	 0.005632	 0.000035	 0.000000	 0.000037	0.984195	 0.961881	 0.009963	 0.000000	 0.006401
189	 0.004924	 0.004807	 0.000037	 0.000000	 0.000036	0.989119	 0.966688	 0.010000	 0.000000	 0.006437
190	 0.005067	 0.004972	 0.000034	 0.000000	 0.000023	0.994186	 0.971660	 0.010034	 0.000000	 0.006460
191	 0.006243	 0.006119	 0.000042	 0.000000	 0.000031	1.000429	 0.977779	 0.010076	 0.000000	 0.006491
192	 0.006134	 0.006011	 0.000061	 0.000000	 0.000029	1.006563	 0.983790	 0.010137	 0.000000	 0.006520
193	 0.005293	 0.005115	 0.000084	 0.000000	 0.000059	1.011856	 0.988905	 0.010221	 0.000000	 0.006579
194	 0.005345	 0.005221	 0.000047	 0.000000	 0.000033	1.017201	 0.994126	 0.010268	 0.000000	 0.006612
195	 0.004808	 0.004672	 0.000055	 0.000000	 0.000037	1.022009	 0.998798	 0.010323	 0.000000	 0.006649
196	 0.004871	 0.004783	 0.000028	 0.000000	 0.000029	1.026880	 1.003581	 0.010351	 0.000000	 0.006678
197	 0.004914	 0.004824	 0.000028	 0.000000	 0.000029	1.031794	 1.008405	 0.010379	 0.000000	 0.006707
198	 0.004693	 0.004601	 0.000048	 0.000000	 0.000021	1.036487	 1.013006	 0.010427	 0.000000	 0.006728
199	 0.004308	 0.004155	 0.000064	 0.000000	 0.000050	1.040795	 1.017161	 0.010491	 0.000000	 0.006778
200	 0.004306	 0.004214	 0.000040	 0.000000	 0.000028	1.045101	 1.021375	 0.010531	 0.000000	 0.006806
201	 0.004214	 0.004078	 0.000060	 0.000000	 0.000046	1.049315	 1.025453	 0.010591	 0.000000	 0.006852
202	 0.004330	 0.004200	 0.000055	 0.000000	 0.000038	1.053645	 1.029653	 0.010646	 0.000000	 0.006890
203	 0.004816	 0.004717	 0.000035	 0.000000	 0.000029	1.058461	 1.034370	 0.010681	 0.000000	 0.006919
204	 0.004200	 0.004116	 0.000035	 0.000000	 0.000028	1.062661	 1.038486	 0.010716	 0.000000	 0.006947
205	 0.004545	 0.004418	 0.000050	 0.000000	 0.000048	1.067206	 1.042904	 0.010766	 0.000000	 0.006995
206	 0.004542	 0.004467	 0.000026	 0.000000	 0.000029	1.071748	 1.047371	 0.010792	 0.000000	 0.007024
207	 0.004659	 0.004538	 0.000047	 0.000000	 0.000048	1.076407	 1.051909	 0.010839	 0.000000	 0.007072
208	 0.004278	 0.004170	 0.000040	 0.000000	 0.000028	1.080685	 1.056079	 0.010879	 0.000000	 0.007100
209	 0.004718	 0.004629	 0.000035	 0.000000	 0.000028	1.085403	 1.060708	 0.010914	 0.000000	 0.007128
210	 0.004176	 0.004049	 0.000052	 0.000000	 0.000049	1.089579	 1.064757	 0.010966	 0.000000	 0.007177
211	 0.004459	 0.004377	 0.000028	 0.000000	 0.000031	1.094038	 1.069134	 0.010994	 0.000000	 0.007208
212	 0.004252	 0.004102	 0.000065	 0.000000	 0.000049	1.098290	 1.073236	 0.011059	 0.000000	 0.007257
213	 0.004143	 0.004044	 0.000038	 0.000000	 0.000028	1.102433	 1.077280	 0.011097	 0.000000	 0.007285
214	 0.004666	 0.004582	 0.000033	 0.000000	 0.000029	1.107099	 1.081862	 0.011130	 0.000000	 0.007314
215	 0.004337	 0.004201	 0.000058	 0.000000	 0.000049	1.111436	 1.086063	 0.011188	 0.000000	 0.007363
216	 0.004328	 0.004244	 0.000026	 0.000000	 0.000028	1.115764	 1.090307	 0.011214	 0.000000	 0.007391
217	 0.004376	 0.004299	 0.000036	 0.000000	 0.000021	1.120140	 1.094606	 0.011250	 0.000000	 0.007412
218	 0.003983	 0.003859	 0.000058	 0.000000	 0.000040	1.124123	 1.098465	 0.011308	 0.000000	 0.007452
219	 0.003922	 0.003843	 0.000027	 0.000000	 0.000021	1.128045	 1.102308	 0.011335	 0.000000	 0.007473
220	 0.004486	 0.004403	 0.000028	 0.000000	 0.000023	1.132531	 1.106711	 0.011363	 0.000000	 0.007496
221	 0.004362	 0.004272	 0.000037	 0.000000	 0.000020	1.136893	 1.110983	 0.011400	 0.000000	 0.007516
222	 0.004371	 0.004293	 0.000033	 0.000000	 0.000021	1.141264	 1.115276	 0.011433	 0.000000	 0.007537
223	 0.004268	 0.004141	 0.000059	 0.000000	 0.000042	1.145532	 1.119417	 0.011492	 0.000000	 0.007579
224	 0.004887	 0.004817	 0.000026	 0.000000	 0.000020	1.150419	 1.124234	 0.011518	 0.000000	 0.007599
225	 0.004446	 0.004301	 0.000063	 0.000000	 0.000042	1.154865	 1.128535	 0.011581	 0.000000	 0.007641
226	 0.004141	 0.004067	 0.000027	 0.000000	 0.000028	1.159006	 1.132602	 0.011608	 0.000000	 0.007669
227	 0.004259	 0.004121	 0.000051	 0.000000	 0.000048	1.163265	 1.136723	 0.011659	 0.000000	 0.007717
228	 0.004114	 0.004036	 0.000026	 0.000000	 0.000028	1.167379	 1.140759	 0.011685	 0.000000	 0.007745
229	 0.004323	 0.004193	 0.000047	 0.000000	 0.000049	1.171702	 1.144952	 0.011732	 0.000000	 0.007794
230	 0.004396	 0.004309	 0.000027	 0.000000	 0.000028	1.176098	 1.149261	 0.011759	 0.000000	 0.007822
231	 0.004420	 0.004322	 0.000036	 0.000000	 0.000027	1.180518	 1.153583	 0.011795	 0.000000	 0.007849
232	 0.004076	 0.003986	 0.000034	 0.000000	 0.000023	1.184594	 1.157569	 0.011829	 0.000000	 0.007872
233	 0.004178	 0.004098	 0.000028	 0.000000	 0.000021	1.188772	 1.161667	 0.011857	 0.000000	 0.007893
234	 0.004122	 0.004032	 0.000037	 0.000000	 0.000022	1.192894	 1.165699	 0.011894	 0.000000	 0.007915
235	 0.004757	 0.004670	 0.000033	 0.000000	 0.000021	1.197651	 1.170369	 0.011927	 0.000000	 0.007936
236	 0.004129	 0.004049	 0.000029	 0.000000	 0.000020	1.201780	 1.174418	 0.011956	 0.000000	 0.007956
237	 0.003858	 0.003782	 0.000025	 0.000000	 0.000020	1.205638	 1.178200	 0.011981	 0.000000	 0.007976
238	 0.004197	 0.004117	 0.000026	 0.000000	 0.000020	1.209835	 1.182317	 0.012007	 0.000000	 0.007996
239	 0.004120	 0.004040	 0.000028	 0.000000	 0.000022	1.213955	 1.186357	 0.012035	 0.000000	 0.008018
240	 0.003941	 0.003860	 0.000026	 0.000000	 0.000021	1.217896	 1.190217	 0.012061	 0.000000	 0.008039
241	 0.004972	 0.004894	 0.000027	 0.000000	 0.000020	1.222868	 1.195111	 0.012088	 0.000000	 0.008059
242	 0.004565	 0.004493	 0.000028	 0.000000	 0.000022	1.227433	 1.199604	 0.012116	 0.000000	 0.008081
243	 0.004890	 0.004750	 0.000049	 0.000000	 0.000056	1.232323	 1.204354	 0.012165	 0.000000	 0.008137
244	 0.004788	 0.004701	 0.000031	 0.000000	 0.000030	1.237111	 1.209055	 0.012196	 0.000000	 0.008167
245	 0.004657	 0.004532	 0.000047	 0.000000	 0.000048	1.241768	 1.213587	 0.012243	 0.000000	 0.008215
246	 0.004943	 0.004855	 0.000030	 0.000000	 0.000030	1.246711	 1.218442	 0.012273	 0.000000	 0.008245
247	 0.004696	 0.004568	 0.000048	 0.000000	 0.000049	1.251407	 1.223010	 0.012321	 0.000000	 0.008294
248	 0.004482	 0.004406	 0.000025	 0.000000	 0.000029	1.255889	 1.227416	 0.012346	 0.000000	 0.008323
249	 0.004708	 0.004586	 0.000046	 0.000000	 0.000047	1.260597	 1.232002	 0.012392	 0.000000	 0.008370
250	 0.004867	 0.004787	 0.000027	 0.000000	 0.000028	1.265464	 1.236789	 0.012419	 0.000000	 0.008398
251	 0.004885	 0.004758	 0.000049	 0.000000	 0.000052	1.270349	 1.241547	 0.012468	 0.000000	 0.008450
252	 0.004241	 0.004160	 0.000029	 0.000000	 0.000030	1.274590	 1.245707	 0.012497	 0.000000	 0.008480
253	 0.004529	 0.004407	 0.000047	 0.000000	 0.000049	1.279119	 1.250114	 0.012544	 0.000000	 0.008529
254	 0.004166	 0.004051	 0.000047	 0.000000	 0.000029	1.283285	 1.254165	 0.012591	 0.000000	 0.008558
255	 0.004393	 0.004297	 0.000035	 0.000000	 0.000028	1.287678	 1.258462	 0.012626	 0.000000	 0.008586
256	 0.004201	 0.004112	 0.000029	 0.000000	 0.000026	1.291879	 1.262574	 0.012655	 0.000000	 0.008612
257	 0.004372	 0.004280	 0.000030	 0.000000	 0.000030	1.296251	 1.266854	 0.012685	 0.000000	 0.008642
258	 0.004170	 0.004091	 0.000026	 0.000000	 0.000024	1.300421	 1.270945	 0.012711	 0.000000	 0.008666
259	 0.003971	 0.003889	 0.000026	 0.000000	 0.000023	1.304392	 1.274834	 0.012737	 0.000000	 0.008689
260	 0.004433	 0.004167	 0.000038	 0.000173	 0.000024	1.308825	 1.279001	 0.012775	 0.000173	 0.008713
261	 0.004463	 0.004119	 0.000062	 0.000191	 0.000055	1.313288	 1.283120	 0.012837	 0.000364	 0.008768
262	 0.004216	 0.003939	 0.000036	 0.000168	 0.000032	1.317504	 1.287059	 0.012873	 0.000532	 0.008800
263	 0.004240	 0.004004	 0.000029	 0.000136	 0.000030	1.321744	 1.291063	 0.012902	 0.000668	 0.008830
264	 0.004574	 0.004281	 0.000026	 0.000196	 0.000030	1.326318	 1.295344	 0.012928	 0.000864	 0.008860
265	 0.004698	 0.004336	 0.000028	 0.000261	 0.000032	1.331016	 1.299680	 0.012956	 0.001125	 0.008892
266	 0.004623	 0.004338	 0.000027	 0.000199	 0.000023	1.335639	 1.304018	 0.012983	 0.001324	 0.008915
267	 0.004701	 0.004511	 0.000028	 0.000102	 0.000022	1.340340	 1.308529	 0.013011	 0.001426	 0.008937
268	 0.004070	 0.003769	 0.000039	 0.000200	 0.000024	1.344410	 1.312298	 0.013050	 0.001626	 0.008961
269	 0.004253	 0.003997	 0.000035	 0.000168	 0.000024	1.348663	 1.316295	 0.013085	 0.001794	 0.008985
270	 0.004626	 0.004222	 0.000051	 0.000269	 0.000053	1.353289	 1.320517	 0.013136	 0.002063	 0.009038
271	 0.004274	 0.004041	 0.000027	 0.000139	 0.000033	1.357563	 1.324558	 0.013163	 0.002202	 0.009071
272	 0.004614	 0.004257	 0.000066	 0.000204	 0.000054	1.362177	 1.328815	 0.013229	 0.002406	 0.009125
273	 0.004610	 0.004105	 0.000037	 0.000403	 0.000031	1.366787	 1.332920	 0.013266	 0.002809	 0.009156
274	 0.004808	 0.004455	 0.000051	 0.000207	 0.000053	1.371595	 1.337375	 0.013317	 0.003016	 0.009209
275	 0.004514	 0.004115	 0.000028	 0.000311	 0.000032	1.376109	 1.341490	 0.013345	 0.003327	 0.009241
276	 0.004830	 0.004126	 0.000049	 0.000558	 0.000053	1.380939	 1.345616	 0.013394	 0.003885	 0.009294
277	 0.004570	 0.004273	 0.000026	 0.000210	 0.000030	1.385509	 1.349889	 0.013420	 0.004095	 0.009324
278	 0.004519	 0.004198	 0.000048	 0.000176	 0.000055	1.390028	 1.354087	 0.013468	 0.004271	 0.009379
279	 0.004597	 0.004330	 0.000031	 0.000177	 0.000029	1.394625	 1.358417	 0.013499	 0.004448	 0.009408
280	 0.004273	 0.003914	 0.000048	 0.000211	 0.000056	1.398898	 1.362331	 0.013547	 0.004659	 0.009464
281	 0.004731	 0.004368	 0.000041	 0.000251	 0.000030	1.403629	 1.366699	 0.013588	 0.004910	 0.009494
282	 0.004453	 0.004102	 0.000034	 0.000245	 0.000029	1.408082	 1.370801	 0.013622	 0.005155	 0.009523
283	 0.004842	 0.004540	 0.000028	 0.000214	 0.000022	1.412924	 1.375341	 0.013650	 0.005369	 0.009545
284	 0.004669	 0.004403	 0.000027	 0.000184	 0.000023	1.417593	 1.379744	 0.013677	 0.005553	 0.009568
285	 0.004724	 0.004286	 0.000061	 0.000285	 0.000055	1.422317	 1.384030	 0.013738	 0.005838	 0.009623
286	 0.004503	 0.004266	 0.000038	 0.000147	 0.000022	1.426820	 1.388296	 0.013776	 0.005985	 0.009645
287	 0.004491	 0.004178	 0.000059	 0.000174	 0.000048	1.431311	 1.392474	 0.013835	 0.006159	 0.009693
288	 0.004315	 0.004067	 0.000027	 0.000146	 0.000031	1.435626	 1.396541	 0.013862	 0.006305	 0.009724
289	 0.004384	 0.004010	 0.000026	 0.000287	 0.000030	1.440010	 1.400551	 0.013888	 0.006592	 0.009754
290	 0.004377	 0.004115	 0.000061	 0.000110	 0.000053	1.444387	 1.404666	 0.013949	 0.006702	 0.009807
291	 0.004937	 0.004729	 0.000038	 0.000111	 0.000030	1.449324	 1.409395	 0.013987	 0.006813	 0.009837
292	 0.004581	 0.004283	 0.000061	 0.000147	 0.000055	1.453905	 1.413678	 0.014048	 0.006960	 0.009892
293	 0.004510	 0.004235	 0.000034	 0.000178	 0.000024	1.458415	 1.417913	 0.014082	 0.007138	 0.009916
294	 0.004934	 0.004491	 0.000029	 0.000361	 0.000022	1.463349	 1.422404	 0.014111	 0.007499	 0.009938
295	 0.006586	 0.005913	 0.000066	 0.000509	 0.000046	1.469935	 1.428317	 0.014177	 0.008008	 0.009984
296	 0.005278	 0.004876	 0.000052	 0.000261	 0.000037	1.475213	 1.433193	 0.014229	 0.008269	 0.010021
297	 0.006184	 0.005625	 0.000035	 0.000444	 0.000032	1.481397	 1.438818	 0.014264	 0.008713	 0.010053
298	 0.006948	 0.006399	 0.000050	 0.000395	 0.000048	1.488345	 1.445217	 0.014314	 0.009108	 0.010101
299	 0.006152	 0.005629	 0.000100	 0.000247	 0.000094	1.494497	 1.450846	 0.014414	 0.009355	 0.010195
300	 0.006817	 0.006348	 0.000095	 0.000241	 0.000062	1.501314	 1.457194	 0.014509	 0.009596	 0.010257
301	 0.006134	 0.005395	 0.000115	 0.000488	 0.000071	1.507448	 1.462589	 0.014624	 0.010084	 0.010328
302	 0.007057	 0.006495	 0.000039	 0.000424	 0.000052	1.514505	 1.469084	 0.014663	 0.010508	 0.010380
303	 0.007143	 0.006602	 0.000060	 0.000366	 0.000062	1.521648	 1.475686	 0.014723	 0.010874	 0.010442
304	 0.006382	 0.005785	 0.000046	 0.000462	 0.000042	1.528030	 1.481471	 0.014769	 0.011336	 0.010484
305	 0.005329	 0.004889	 0.000054	 0.000286	 0.000060	1.533359	 1.486360	 0.014823	 0.011622	 0.010544
306	 0.004953	 0.004724	 0.000032	 0.000127	 0.000036	1.538312	 1.491084	 0.014855	 0.011749	 0.010580
307	 0.004902	 0.004494	 0.000056	 0.000252	 0.000062	1.543214	 1.495578	 0.014911	 0.012001	 0.010642
308	 0.004790	 0.004330	 0.000049	 0.000349	 0.000031	1.548004	 1.499908	 0.014960	 0.012350	 0.010673
309	 0.004818	 0.004382	 0.000062	 0.000286	 0.000054	1.552822	 1.504290	 0.015022	 0.012636	 0.010727
310	 0.004718	 0.004088	 0.000027	 0.000539	 0.000030	1.557540	 1.508378	 0.015049	 0.013175	 0.010757
311	 0.004920	 0.004353	 0.000049	 0.000430	 0.000057	1.562460	 1.512731	 0.015098	 0.013605	 0.010814
312	 0.006115	 0.005366	 0.000027	 0.000661	 0.000031	1.568575	 1.518097	 0.015125	 0.014266	 0.010845
313	 0.005409	 0.004520	 0.000086	 0.000699	 0.000060	1.573984	 1.522617	 0.015211	 0.014965	 0.010905
314	 0.005453	 0.004974	 0.000028	 0.000374	 0.000032	1.579437	 1.527591	 0.015239	 0.015339	 0.010937
315	 0.005712	 0.005253	 0.000047	 0.000333	 0.000034	1.585149	 1.532844	 0.015286	 0.015672	 0.010971
316	 0.005602	 0.005170	 0.000038	 0.000313	 0.000035	1.590751	 1.538014	 0.015324	 0.015985	 0.011006
317	 0.005080	 0.004736	 0.000030	 0.000240	 0.000032	1.595831	 1.542750	 0.015354	 0.016225	 0.011038
318	 0.005198	 0.004865	 0.000028	 0.000239	 0.000024	1.601029	 1.547615	 0.015382	 0.016464	 0.011062
319	 0.005356	 0.005098	 0.000029	 0.000165	 0.000025	1.606385	 1.552713	 0.015411	 0.016629	 0.011087
320	 0.005454	 0.005082	 0.000030	 0.000277	 0.000024	1.611839	 1.557795	 0.015441	 0.016906	 0.011111
321	 0.006338	 0.006021	 0.000034	 0.000202	 0.000034	1.618177	 1.563816	 0.015475	 0.017108	 0.011145
322	 0.006886	 0.006255	 0.000082	 0.000419	 0.000041	1.625063	 1.570071	 0.015557	 0.017527	 0.011186
323	 0.006263	 0.005883	 0.000042	 0.000246	 0.000037	1.631326	 1.575954	 0.015599	 0.017773	 0.011223
324	 0.006606	 0.006044	 0.000085	 0.000372	 0.000046	1.637932	 1.581998	 0.015684	 0.018145	 0.011269
325	 0.007143	 0.006629	 0.000067	 0.000330	 0.000061	1.645075	 1.588627	 0.015751	 0.018475	 0.011330
326	 0.006410	 0.006130	 0.000059	 0.000133	 0.000050	1.651485	 1.594757	 0.015810	 0.018608	 0.011380
327	 0.006162	 0.005671	 0.000071	 0.000326	 0.000056	1.657647	 1.600428	 0.015881	 0.018934	 0.011436
328	 0.005710	 0.005110	 0.000059	 0.000448	 0.000041	1.663357	 1.605538	 0.015940	 0.019382	 0.011477
329	 0.005582	 0.005280	 0.000060	 0.000128	 0.000059	1.668939	 1.610818	 0.016000	 0.019510	 0.011536
330	 0.005740	 0.005243	 0.000040	 0.000376	 0.000039	1.674679	 1.616061	 0.016040	 0.019886	 0.011575
331	 0.005782	 0.005146	 0.000058	 0.000468	 0.000058	1.680461	 1.621207	 0.016098	 0.020354	 0.011633
332	 0.005720	 0.005337	 0.000032	 0.000284	 0.000033	1.686181	 1.626544	 0.016130	 0.020638	 0.011666
333	 0.005442	 0.004833	 0.000052	 0.000453	 0.000054	1.691623	 1.631377	 0.016182	 0.021091	 0.011720
334	 0.005028	 0.004763	 0.000028	 0.000169	 0.000033	1.696651	 1.636140	 0.016210	 0.021260	 0.011753
335	 0.005580	 0.005210	 0.000051	 0.000210	 0.000055	1.702231	 1.641350	 0.016261	 0.021470	 0.011808
336	 0.005481	 0.004794	 0.000031	 0.000589	 0.000034	1.707712	 1.646144	 0.016292	 0.022059	 0.011842
337	 0.004246	 0.003782	 0.000075	 0.000299	 0.000055	1.711958	 1.649926	 0.016367	 0.022358	 0.011897
338	 0.004274	 0.004007	 0.000038	 0.000157	 0.000031	1.716232	 1.653933	 0.016405	 0.022515	 0.011928
339	 0.004638	 0.004057	 0.000035	 0.000475	 0.000031	1.720870	 1.657990	 0.016440	 0.022990	 0.011959
340	 0.004588	 0.004281	 0.000026	 0.000212	 0.000030	1.725458	 1.662271	 0.016466	 0.023202	 0.011989
341	 0.004780	 0.004298	 0.000038	 0.000384	 0.000031	1.730238	 1.666569	 0.016504	 0.023586	 0.012020
342	 0.004298	 0.003994	 0.000051	 0.000174	 0.000047	1.734536	 1.670563	 0.016555	 0.023760	 0.012067
343	 0.004694	 0.004278	 0.000039	 0.000303	 0.000031	1.739230	 1.674841	 0.016594	 0.024063	 0.012098
344	 0.004531	 0.004050	 0.000029	 0.000384	 0.000031	1.743761	 1.678891	 0.016623	 0.024447	 0.012129
345	 0.004544	 0.004228	 0.000028	 0.000217	 0.000032	1.748305	 1.683119	 0.016651	 0.024664	 0.012161
346	 0.004551	 0.004109	 0.000027	 0.000346	 0.000031	1.752856	 1.687228	 0.016678	 0.025010	 0.012192
347	 0.004993	 0.004297	 0.000033	 0.000601	 0.000025	1.757849	 1.691525	 0.016711	 0.025611	 0.012217
348	 0.004208	 0.003868	 0.000026	 0.000260	 0.000023	1.762057	 1.695393	 0.016737	 0.025871	 0.012240
349	 0.004843	 0.004178	 0.000064	 0.000521	 0.000048	1.766900	 1.699571	 0.016801	 0.026392	 0.012288
350	 0.004434	 0.003705	 0.000037	 0.000621	 0.000032	1.771334	 1.703276	 0.016838	 0.027013	 0.012320
351	 0.004876	 0.004473	 0.000028	 0.000303	 0.000030	1.776210	 1.707749	 0.016866	 0.027316	 0.012350
352	 0.004436	 0.004161	 0.000027	 0.000179	 0.000032	1.780646	 1.711910	 0.016893	 0.027495	 0.012382
353	 0.004809	 0.004516	 0.000034	 0.000178	 0.000038	1.785455	 1.716426	 0.016927	 0.027673	 0.012420
354	 0.004909	 0.004422	 0.000029	 0.000394	 0.000025	1.790364	 1.720848	 0.016956	 0.028067	 0.012445
355	 0.005659	 0.005177	 0.000028	 0.000382	 0.000037	1.796023	 1.726025	 0.016984	 0.028449	 0.012482
356	 0.004802	 0.004212	 0.000052	 0.000443	 0.000050	1.800825	 1.730237	 0.017036	 0.028892	 0.012532
357	 0.004631	 0.004092	 0.000027	 0.000440	 0.000031	1.805456	 1.734329	 0.017063	 0.029332	 0.012563
358	 0.004751	 0.004209	 0.000045	 0.000398	 0.000067	1.810207	 1.738538	 0.017108	 0.029730	 0.012630
359	 0.005042	 0.004482	 0.000064	 0.000394	 0.000056	1.815249	 1.743020	 0.017172	 0.030124	 0.012686
360	 0.004760	 0.004121	 0.000037	 0.000530	 0.000031	1.820009	 1.747141	 0.017209	 0.030654	 0.012717
361	 0.005927	 0.005592	 0.000034	 0.000227	 0.000030	1.825936	 1.752733	 0.017243	 0.030881	 0.012747
362	 0.006177	 0.005676	 0.000050	 0.000360	 0.000037	1.832113	 1.758409	 0.017293	 0.031241	 0.012784
363	 0.006557	 0.005945	 0.000059	 0.000455	 0.000038	1.838670	 1.764354	 0.017352	 0.031696	 0.012822
364	 0.006762	 0.006281	 0.000061	 0.000291	 0.000062	1.845432	 1.770635	 0.017413	 0.031987	 0.012884
365	 0.005530	 0.004897	 0.000061	 0.000483	 0.000038	1.850962	 1.775532	 0.017474	 0.032470	 0.012922
366	 0.005591	 0.005160	 0.000035	 0.000322	 0.000030	1.856553	 1.780692	 0.017509	 0.032792	 0.012952
367	 0.005304	 0.005021	 0.000048	 0.000151	 0.000026	1.861857	 1.785713	 0.017557	 0.032943	 0.012978
368	 0.005833	 0.005534	 0.000038	 0.000188	 0.000027	1.867690	 1.791247	 0.017595	 0.033131	 0.013005
369	 0.005571	 0.004963	 0.000058	 0.000460	 0.000050	1.873261	 1.796210	 0.017653	 0.033591	 0.013055
370	 0.005022	 0.004722	 0.000029	 0.000188	 0.000042	1.878283	 1.800932	 0.017682	 0.033779	 0.013097
371	 0.004739	 0.004216	 0.000070	 0.000335	 0.000068	1.883022	 1.805148	 0.017752	 0.034114	 0.013165
372	 0.004852	 0.004177	 0.000047	 0.000552	 0.000031	1.887874	 1.809325	 0.017799	 0.034666	 0.013196
373	 0.004643	 0.004315	 0.000032	 0.000225	 0.000031	1.892517	 1.813640	 0.017831	 0.034891	 0.013227
374	 0.004954	 0.004573	 0.000029	 0.000284	 0.000030	1.897471	 1.818213	 0.017860	 0.035175	 0.013257
375	 0.004627	 0.004154	 0.000027	 0.000375	 0.000032	1.902098	 1.822367	 0.017887	 0.035550	 0.013289
376	 0.004676	 0.004441	 0.000028	 0.000146	 0.000025	1.906774	 1.826808	 0.017915	 0.035696	 0.013314
377	 0.004604	 0.004372	 0.000026	 0.000145	 0.000024	1.911378	 1.831180	 0.017941	 0.035841	 0.013338
378	 0.004735	 0.004219	 0.000026	 0.000429	 0.000024	1.916113	 1.835399	 0.017967	 0.036270	 0.013362
379	 0.005621	 0.005280	 0.000027	 0.000245	 0.000023	1.921734	 1.840679	 0.017994	 0.036515	 0.013385
380	 0.005868	 0.005503	 0.000071	 0.000193	 0.000033	1.927602	 1.846182	 0.018065	 0.036708	 0.013418
381	 0.005267	 0.004853	 0.000040	 0.000291	 0.000037	1.932869	 1.851035	 0.018105	 0.036999	 0.013455
382	 0.005852	 0.005451	 0.000047	 0.000290	 0.000031	1.938721	 1.856486	 0.018152	 0.037289	 0.013486
383	 0.006591	 0.005801	 0.000081	 0.000581	 0.000077	1.945312	 1.862287	 0.018233	 0.037870	 0.013563
384	 0.006170	 0.005434	 0.000055	 0.000575	 0.000054	1.951482	 1.867721	 0.018288	 0.038445	 0.013617
385	 0.004884	 0.004466	 0.000078	 0.000244	 0.000058	1.956366	 1.872187	 0.018366	 0.038689	 0.013675
386	 0.004710	 0.004139	 0.000041	 0.000465	 0.000032	1.961076	 1.876326	 0.018407	 0.039154	 0.013707
387	 0.005325	 0.004967	 0.000061	 0.000207	 0.000055	1.966401	 1.881293	 0.018468	 0.039361	 0.013762
388	 0.004901	 0.004505	 0.000039	 0.000296	 0.000031	1.971302	 1.885798	 0.018507	 0.039657	 0.013793
389	 0.005353	 0.004889	 0.000069	 0.000298	 0.000058	1.976655	 1.890687	 0.018576	 0.039955	 0.013851
390	 0.004827	 0.004440	 0.000028	 0.000296	 0.000030	1.981482	 1.895127	 0.018604	 0.040251	 0.013881
391	 0.005411	 0.004577	 0.000066	 0.000678	 0.000054	1.986893	 1.899704	 0.018670	 0.040929	 0.013935
392	 0.004827	 0.004586	 0.000027	 0.000150	 0.000031	1.991720	 1.904290	 0.018697	 0.041079	 0.013966
393	 0.004936	 0.004351	 0.000050	 0.000443	 0.000054	1.996656	 1.908641	 0.018747	 0.041522	 0.014020
394	 0.004866	 0.004182	 0.000029	 0.000592	 0.000032	2.001522	 1.912823	 0.018776	 0.042114	 0.014052
395	 0.005302	 0.004568	 0.000048	 0.000599	 0.000052	2.006824	 1.917391	 0.018824	 0.042713	 0.014104
396	 0.005245	 0.004141	 0.000026	 0.001017	 0.000029	2.012069	 1.921532	 0.018850	 0.043730	 0.014133
397	 0.004619	 0.004277	 0.000048	 0.000204	 0.000054	2.016688	 1.925809	 0.018898	 0.043934	 0.014187
398	 0.005188	 0.004640	 0.000026	 0.000460	 0.000031	2.021876	 1.930449	 0.018924	 0.044394	 0.014218
399	 0.004956	 0.004071	 0.000052	 0.000744	 0.000057	2.026832	 1.934520	 0.018976	 0.045138	 0.014275
400	 0.004777	 0.004089	 0.000026	 0.000601	 0.000030	2.031609	 1.938609	 0.019002	 0.045739	 0.014305
401	 0.005240	 0.004500	 0.000049	 0.000598	 0.000055	2.036849	 1.943109	 0.019051	 0.046337	 0.014360
402	 0.005651	 0.004067	 0.000026	 0.001495	 0.000029	2.042500	 1.947176	 0.019077	 0.047832	 0.014389
403	 0.004688	 0.003833	 0.000047	 0.000715	 0.000056	2.047188	 1.951009	 0.019124	 0.048547	 0.014445
404	 0.005189	 0.004445	 0.000027	 0.000659	 0.000030	2.052377	 1.955454	 0.019151	 0.049206	 0.014475
405	 0.005903	 0.004125	 0.000076	 0.001613	 0.000056	2.058280	 1.959579	 0.019227	 0.050819	 0.014531
406	 0.006238	 0.004367	 0.000040	 0.001759	 0.000030	2.064518	 1.963946	 0.019267	 0.052578	 0.014561
407	 0.006404	 0.004166	 0.000035	 0.002138	 0.000033	2.070922	 1.968112	 0.019302	 0.054716	 0.014594
408	 0.006099	 0.004357	 0.000067	 0.001582	 0.000058	2.077021	 1.972469	 0.019369	 0.056298	 0.014652
409	 0.007478	 0.005031	 0.000038	 0.002321	 0.000033	2.084499	 1.977500	 0.019407	 0.058619	 0.014685
410	 0.005994	 0.004427	 0.000031	 0.001472	 0.000025	2.090493	 1.981927	 0.019438	 0.060091	 0.014710
411	 0.005022	 0.004213	 0.000026	 0.000721	 0.000023	2.095515	 1.986140	 0.019464	 0.060812	 0.014733
412	 0.006486	 0.005142	 0.000031	 0.001250	 0.000026	2.102001	 1.991282	 0.019495	 0.062062	 0.014759
413	 0.006594	 0.004683	 0.000055	 0.001755	 0.000063	2.108595	 1.995965	 0.019550	 0.063817	 0.014822
