
Log started (V12.6.0.0) Tue Mar 10 17:09:48 2015


Selected objective sense:  MINIMIZE
Selected objective  name:  obj
Selected RHS        name:  rhs
Selected bound      name:  BND

Problem 'baa99.cor' read.
Read time = 0.02 sec. (0.00 ticks)

Problem written to file 'baa99.lp'.

Problem 'baa99.lp' read.
Read time = 0.00 sec. (0.00 ticks)
Minimize
 obj: 4 x1 + 2 x2 - 8 w11 - 4 w12 - 3 w21 - 4 w22 + 0.2 v1 + 0.2 v2 + 10 u1
      + 10 u2
Subject To
 d1: w11 + w21 + u1  = 100
 d2: w12 + w22 + u2  = 100
 s1: - x1 + w11 + w12 + v1  = 0
 s2: - x2 + w21 + w22 + v2  = 0
Bounds
 0 <= x1 <= 217
 0 <= x2 <= 217
 All other variables are >= 0.

Problem written to file 'baa99_m.mps'.
