Iter	 Iter_time	 Master	 Subprob	 Full_Test	 argmax	Iter_acc	 Master_acc	 Subprob_acc	 Full_Test_acc	 argmax_acc
1	 0.001159	 0.000805	 0.000211	 0.000000	 0.000091	0.001159	 0.000805	 0.000211	 0.000000	 0.000091
2	 0.006550	 0.006179	 0.000181	 0.000000	 0.000101	0.007709	 0.006984	 0.000392	 0.000000	 0.000192
3	 0.006743	 0.006407	 0.000124	 0.000000	 0.000114	0.014452	 0.013391	 0.000516	 0.000000	 0.000306
4	 0.005892	 0.005700	 0.000112	 0.000000	 0.000035	0.020344	 0.019091	 0.000628	 0.000000	 0.000341
5	 0.004842	 0.004556	 0.000185	 0.000000	 0.000062	0.025186	 0.023647	 0.000813	 0.000000	 0.000403
6	 0.005449	 0.005325	 0.000055	 0.000000	 0.000027	0.030635	 0.028972	 0.000868	 0.000000	 0.000430
7	 0.006309	 0.006204	 0.000042	 0.000000	 0.000027	0.036944	 0.035176	 0.000910	 0.000000	 0.000457
8	 0.007649	 0.007497	 0.000082	 0.000000	 0.000033	0.044593	 0.042673	 0.000992	 0.000000	 0.000490
9	 0.006734	 0.006483	 0.000129	 0.000000	 0.000063	0.051327	 0.049156	 0.001121	 0.000000	 0.000553
10	 0.006707	 0.006525	 0.000078	 0.000000	 0.000041	0.058034	 0.055681	 0.001199	 0.000000	 0.000594
11	 0.006866	 0.006664	 0.000104	 0.000000	 0.000053	0.064900	 0.062345	 0.001303	 0.000000	 0.000647
12	 0.005707	 0.005580	 0.000050	 0.000000	 0.000037	0.070607	 0.067925	 0.001353	 0.000000	 0.000684
13	 0.005257	 0.005063	 0.000116	 0.000000	 0.000042	0.075864	 0.072988	 0.001469	 0.000000	 0.000726
14	 0.005699	 0.005590	 0.000047	 0.000000	 0.000030	0.081563	 0.078578	 0.001516	 0.000000	 0.000756
15	 0.005007	 0.004823	 0.000101	 0.000000	 0.000046	0.086570	 0.083401	 0.001617	 0.000000	 0.000802
16	 0.004952	 0.004858	 0.000043	 0.000000	 0.000023	0.091522	 0.088259	 0.001660	 0.000000	 0.000825
17	 0.004920	 0.004785	 0.000059	 0.000000	 0.000044	0.096442	 0.093044	 0.001719	 0.000000	 0.000869
18	 0.006320	 0.006221	 0.000030	 0.000000	 0.000026	0.102762	 0.099265	 0.001749	 0.000000	 0.000895
19	 0.006799	 0.006666	 0.000065	 0.000000	 0.000019	0.109561	 0.105931	 0.001814	 0.000000	 0.000914
20	 0.006561	 0.006405	 0.000088	 0.000000	 0.000027	0.116122	 0.112336	 0.001902	 0.000000	 0.000941
21	 0.006947	 0.006741	 0.000094	 0.000000	 0.000063	0.123069	 0.119077	 0.001996	 0.000000	 0.001004
22	 0.006139	 0.006010	 0.000047	 0.000000	 0.000028	0.129208	 0.125087	 0.002043	 0.000000	 0.001032
23	 0.006378	 0.006218	 0.000068	 0.000000	 0.000040	0.135586	 0.131305	 0.002111	 0.000000	 0.001072
24	 0.005491	 0.005333	 0.000068	 0.000000	 0.000049	0.141077	 0.136638	 0.002179	 0.000000	 0.001121
25	 0.005909	 0.005710	 0.000091	 0.000000	 0.000055	0.146986	 0.142348	 0.002270	 0.000000	 0.001176
26	 0.006658	 0.006523	 0.000059	 0.000000	 0.000034	0.153644	 0.148871	 0.002329	 0.000000	 0.001210
27	 0.007034	 0.006801	 0.000104	 0.000000	 0.000060	0.160678	 0.155672	 0.002433	 0.000000	 0.001270
28	 0.006266	 0.006158	 0.000046	 0.000000	 0.000024	0.166944	 0.161830	 0.002479	 0.000000	 0.001294
29	 0.005603	 0.005468	 0.000064	 0.000000	 0.000036	0.172547	 0.167298	 0.002543	 0.000000	 0.001330
30	 0.005645	 0.005533	 0.000062	 0.000000	 0.000020	0.178192	 0.172831	 0.002605	 0.000000	 0.001350
31	 0.006419	 0.006252	 0.000086	 0.000000	 0.000030	0.184611	 0.179083	 0.002691	 0.000000	 0.001380
32	 0.006595	 0.006482	 0.000040	 0.000000	 0.000021	0.191206	 0.185565	 0.002731	 0.000000	 0.001401
33	 0.006718	 0.006550	 0.000058	 0.000000	 0.000032	0.197924	 0.192115	 0.002789	 0.000000	 0.001433
34	 0.005518	 0.005389	 0.000053	 0.000000	 0.000026	0.203442	 0.197504	 0.002842	 0.000000	 0.001459
35	 0.005570	 0.005476	 0.000040	 0.000000	 0.000021	0.209012	 0.202980	 0.002882	 0.000000	 0.001480
36	 0.006109	 0.006015	 0.000032	 0.000000	 0.000020	0.215121	 0.208995	 0.002914	 0.000000	 0.001500
37	 0.006448	 0.006319	 0.000057	 0.000000	 0.000025	0.221569	 0.215314	 0.002971	 0.000000	 0.001525
38	 0.005989	 0.005859	 0.000043	 0.000000	 0.000026	0.227558	 0.221173	 0.003014	 0.000000	 0.001551
39	 0.005679	 0.005578	 0.000041	 0.000000	 0.000023	0.233237	 0.226751	 0.003055	 0.000000	 0.001574
40	 0.005378	 0.005248	 0.000063	 0.000000	 0.000024	0.238615	 0.231999	 0.003118	 0.000000	 0.001598
41	 0.005612	 0.005487	 0.000043	 0.000000	 0.000023	0.244227	 0.237486	 0.003161	 0.000000	 0.001621
42	 0.006541	 0.006374	 0.000079	 0.000000	 0.000033	0.250768	 0.243860	 0.003240	 0.000000	 0.001654
43	 0.007743	 0.007538	 0.000082	 0.000000	 0.000044	0.258511	 0.251398	 0.003322	 0.000000	 0.001698
44	 0.005400	 0.005272	 0.000053	 0.000000	 0.000039	0.263911	 0.256670	 0.003375	 0.000000	 0.001737
45	 0.005459	 0.005316	 0.000061	 0.000000	 0.000048	0.269370	 0.261986	 0.003436	 0.000000	 0.001785
46	 0.005395	 0.005321	 0.000031	 0.000000	 0.000021	0.274765	 0.267307	 0.003467	 0.000000	 0.001806
47	 0.005780	 0.005654	 0.000055	 0.000000	 0.000038	0.280545	 0.272961	 0.003522	 0.000000	 0.001844
48	 0.006039	 0.005915	 0.000046	 0.000000	 0.000041	0.286584	 0.278876	 0.003568	 0.000000	 0.001885
49	 0.005293	 0.005089	 0.000122	 0.000000	 0.000045	0.291877	 0.283965	 0.003690	 0.000000	 0.001930
50	 0.005276	 0.005159	 0.000044	 0.000000	 0.000021	0.297153	 0.289124	 0.003734	 0.000000	 0.001951
51	 0.004780	 0.004675	 0.000042	 0.000000	 0.000024	0.301933	 0.293799	 0.003776	 0.000000	 0.001975
52	 0.005607	 0.005461	 0.000063	 0.000000	 0.000050	0.307540	 0.299260	 0.003839	 0.000000	 0.002025
53	 0.006072	 0.005956	 0.000035	 0.000000	 0.000021	0.313612	 0.305216	 0.003874	 0.000000	 0.002046
54	 0.007191	 0.006883	 0.000143	 0.000000	 0.000092	0.320803	 0.312099	 0.004017	 0.000000	 0.002138
55	 0.006044	 0.005892	 0.000069	 0.000000	 0.000037	0.326847	 0.317991	 0.004086	 0.000000	 0.002175
56	 0.005711	 0.005554	 0.000064	 0.000000	 0.000051	0.332558	 0.323545	 0.004150	 0.000000	 0.002226
57	 0.005531	 0.005418	 0.000043	 0.000000	 0.000036	0.338089	 0.328963	 0.004193	 0.000000	 0.002262
58	 0.005284	 0.005127	 0.000062	 0.000000	 0.000052	0.343373	 0.334090	 0.004255	 0.000000	 0.002314
59	 0.005353	 0.005278	 0.000030	 0.000000	 0.000019	0.348726	 0.339368	 0.004285	 0.000000	 0.002333
60	 0.005109	 0.004962	 0.000074	 0.000000	 0.000043	0.353835	 0.344330	 0.004359	 0.000000	 0.002376
61	 0.004909	 0.004839	 0.000028	 0.000000	 0.000017	0.358744	 0.349169	 0.004387	 0.000000	 0.002393
62	 0.005965	 0.005798	 0.000079	 0.000000	 0.000047	0.364709	 0.354967	 0.004466	 0.000000	 0.002440
63	 0.006483	 0.006375	 0.000051	 0.000000	 0.000023	0.371192	 0.361342	 0.004517	 0.000000	 0.002463
64	 0.005812	 0.005584	 0.000103	 0.000000	 0.000058	0.377004	 0.366926	 0.004620	 0.000000	 0.002521
65	 0.005448	 0.005314	 0.000062	 0.000000	 0.000024	0.382452	 0.372240	 0.004682	 0.000000	 0.002545
66	 0.005562	 0.005407	 0.000076	 0.000000	 0.000052	0.388014	 0.377647	 0.004758	 0.000000	 0.002597
67	 0.005679	 0.005595	 0.000034	 0.000000	 0.000020	0.393693	 0.383242	 0.004792	 0.000000	 0.002617
68	 0.005200	 0.005055	 0.000061	 0.000000	 0.000040	0.398893	 0.388297	 0.004853	 0.000000	 0.002657
69	 0.005501	 0.005408	 0.000038	 0.000000	 0.000025	0.404394	 0.393705	 0.004891	 0.000000	 0.002682
70	 0.005275	 0.005130	 0.000072	 0.000000	 0.000040	0.409669	 0.398835	 0.004963	 0.000000	 0.002722
71	 0.005154	 0.005075	 0.000032	 0.000000	 0.000023	0.414823	 0.403910	 0.004995	 0.000000	 0.002745
72	 0.005113	 0.004965	 0.000080	 0.000000	 0.000038	0.419936	 0.408875	 0.005075	 0.000000	 0.002783
73	 0.005071	 0.004990	 0.000039	 0.000000	 0.000018	0.425007	 0.413865	 0.005114	 0.000000	 0.002801
74	 0.004769	 0.004657	 0.000050	 0.000000	 0.000033	0.429776	 0.418522	 0.005164	 0.000000	 0.002834
75	 0.004108	 0.004041	 0.000027	 0.000000	 0.000017	0.433884	 0.422563	 0.005191	 0.000000	 0.002851
76	 0.004289	 0.004183	 0.000047	 0.000000	 0.000035	0.438173	 0.426746	 0.005238	 0.000000	 0.002886
77	 0.004295	 0.004230	 0.000025	 0.000000	 0.000016	0.442468	 0.430976	 0.005263	 0.000000	 0.002902
78	 0.004247	 0.004140	 0.000049	 0.000000	 0.000034	0.446715	 0.435116	 0.005312	 0.000000	 0.002936
79	 0.004149	 0.004085	 0.000026	 0.000000	 0.000017	0.450864	 0.439201	 0.005338	 0.000000	 0.002953
80	 0.004176	 0.004064	 0.000048	 0.000000	 0.000034	0.455040	 0.443265	 0.005386	 0.000000	 0.002987
81	 0.004195	 0.004132	 0.000026	 0.000000	 0.000017	0.459235	 0.447397	 0.005412	 0.000000	 0.003004
82	 0.004618	 0.004498	 0.000057	 0.000000	 0.000036	0.463853	 0.451895	 0.005469	 0.000000	 0.003040
83	 0.003761	 0.003676	 0.000039	 0.000000	 0.000018	0.467614	 0.455571	 0.005508	 0.000000	 0.003058
84	 0.004076	 0.003950	 0.000057	 0.000000	 0.000042	0.471690	 0.459521	 0.005565	 0.000000	 0.003100
85	 0.003918	 0.003853	 0.000027	 0.000000	 0.000019	0.475608	 0.463374	 0.005592	 0.000000	 0.003119
86	 0.003908	 0.003796	 0.000049	 0.000000	 0.000036	0.479516	 0.467170	 0.005641	 0.000000	 0.003155
87	 0.004452	 0.004377	 0.000027	 0.000000	 0.000027	0.483968	 0.471547	 0.005668	 0.000000	 0.003182
88	 0.004054	 0.003938	 0.000045	 0.000000	 0.000045	0.488022	 0.475485	 0.005713	 0.000000	 0.003227
89	 0.003689	 0.003617	 0.000025	 0.000000	 0.000025	0.491711	 0.479102	 0.005738	 0.000000	 0.003252
90	 0.004630	 0.004497	 0.000047	 0.000000	 0.000044	0.496341	 0.483599	 0.005785	 0.000000	 0.003296
91	 0.004587	 0.004498	 0.000039	 0.000000	 0.000025	0.500928	 0.488097	 0.005824	 0.000000	 0.003321
92	 0.005317	 0.005139	 0.000084	 0.000000	 0.000048	0.506245	 0.493236	 0.005908	 0.000000	 0.003369
93	 0.004616	 0.004437	 0.000097	 0.000000	 0.000039	0.510861	 0.497673	 0.006005	 0.000000	 0.003408
94	 0.004104	 0.003931	 0.000102	 0.000000	 0.000041	0.514965	 0.501604	 0.006107	 0.000000	 0.003449
95	 0.004841	 0.004741	 0.000038	 0.000000	 0.000019	0.519806	 0.506345	 0.006145	 0.000000	 0.003468
96	 0.005860	 0.005695	 0.000087	 0.000000	 0.000031	0.525666	 0.512040	 0.006232	 0.000000	 0.003499
97	 0.006507	 0.006231	 0.000132	 0.000000	 0.000062	0.532173	 0.518271	 0.006364	 0.000000	 0.003561
98	 0.005727	 0.005532	 0.000097	 0.000000	 0.000036	0.537900	 0.523803	 0.006461	 0.000000	 0.003597
99	 0.007301	 0.007030	 0.000111	 0.000000	 0.000081	0.545201	 0.530833	 0.006572	 0.000000	 0.003678
100	 0.006977	 0.006692	 0.000147	 0.000000	 0.000062	0.552178	 0.537525	 0.006719	 0.000000	 0.003740
101	 0.006611	 0.006396	 0.000100	 0.000000	 0.000061	0.558789	 0.543921	 0.006819	 0.000000	 0.003801
102	 0.006145	 0.005801	 0.000182	 0.000000	 0.000093	0.564934	 0.549722	 0.007001	 0.000000	 0.003894
103	 0.006136	 0.005953	 0.000060	 0.000000	 0.000040	0.571070	 0.555675	 0.007061	 0.000000	 0.003934
104	 0.008358	 0.007766	 0.000290	 0.000000	 0.000180	0.579428	 0.563441	 0.007351	 0.000000	 0.004114
105	 0.008856	 0.008630	 0.000102	 0.000000	 0.000050	0.588284	 0.572071	 0.007453	 0.000000	 0.004164
106	 0.007743	 0.007428	 0.000141	 0.000000	 0.000104	0.596027	 0.579499	 0.007594	 0.000000	 0.004268
107	 0.007759	 0.007575	 0.000069	 0.000000	 0.000059	0.603786	 0.587074	 0.007663	 0.000000	 0.004327
108	 0.007783	 0.007521	 0.000105	 0.000000	 0.000074	0.611569	 0.594595	 0.007768	 0.000000	 0.004401
109	 0.007675	 0.007472	 0.000077	 0.000000	 0.000050	0.619244	 0.602067	 0.007845	 0.000000	 0.004451
110	 0.007508	 0.007152	 0.000154	 0.000000	 0.000124	0.626752	 0.609219	 0.007999	 0.000000	 0.004575
111	 0.007164	 0.007004	 0.000063	 0.000000	 0.000044	0.633916	 0.616223	 0.008062	 0.000000	 0.004619
112	 0.006945	 0.006641	 0.000132	 0.000000	 0.000093	0.640861	 0.622864	 0.008194	 0.000000	 0.004712
113	 0.008781	 0.008408	 0.000161	 0.000000	 0.000101	0.649642	 0.631272	 0.008355	 0.000000	 0.004813
114	 0.008125	 0.007731	 0.000176	 0.000000	 0.000118	0.657767	 0.639003	 0.008531	 0.000000	 0.004931
115	 0.007081	 0.006844	 0.000129	 0.000000	 0.000048	0.664848	 0.645847	 0.008660	 0.000000	 0.004979
116	 0.007946	 0.007722	 0.000117	 0.000000	 0.000059	0.672794	 0.653569	 0.008777	 0.000000	 0.005038
117	 0.006870	 0.006726	 0.000049	 0.000000	 0.000028	0.679664	 0.660295	 0.008826	 0.000000	 0.005066
118	 0.008870	 0.008684	 0.000076	 0.000000	 0.000044	0.688534	 0.668979	 0.008902	 0.000000	 0.005110
119	 0.007100	 0.006905	 0.000083	 0.000000	 0.000056	0.695634	 0.675884	 0.008985	 0.000000	 0.005166
120	 0.007207	 0.006994	 0.000083	 0.000000	 0.000071	0.702841	 0.682878	 0.009068	 0.000000	 0.005237
121	 0.007346	 0.006961	 0.000182	 0.000000	 0.000091	0.710187	 0.689839	 0.009250	 0.000000	 0.005328
122	 0.006871	 0.006650	 0.000107	 0.000000	 0.000061	0.717058	 0.696489	 0.009357	 0.000000	 0.005389
123	 0.007673	 0.007332	 0.000178	 0.000000	 0.000101	0.724731	 0.703821	 0.009535	 0.000000	 0.005490
124	 0.007452	 0.007233	 0.000076	 0.000000	 0.000064	0.732183	 0.711054	 0.009611	 0.000000	 0.005554
125	 0.006850	 0.006609	 0.000099	 0.000000	 0.000090	0.739033	 0.717663	 0.009710	 0.000000	 0.005644
126	 0.006642	 0.006520	 0.000046	 0.000000	 0.000028	0.745675	 0.724183	 0.009756	 0.000000	 0.005672
127	 0.007111	 0.006872	 0.000116	 0.000000	 0.000069	0.752786	 0.731055	 0.009872	 0.000000	 0.005741
128	 0.007259	 0.007127	 0.000048	 0.000000	 0.000042	0.760045	 0.738182	 0.009920	 0.000000	 0.005783
129	 0.007235	 0.007056	 0.000075	 0.000000	 0.000065	0.767280	 0.745238	 0.009995	 0.000000	 0.005848
130	 0.006904	 0.006779	 0.000059	 0.000000	 0.000034	0.774184	 0.752017	 0.010054	 0.000000	 0.005882
131	 0.006598	 0.006412	 0.000087	 0.000000	 0.000060	0.780782	 0.758429	 0.010141	 0.000000	 0.005942
132	 0.005418	 0.005320	 0.000034	 0.000000	 0.000022	0.786200	 0.763749	 0.010175	 0.000000	 0.005964
133	 0.006398	 0.006251	 0.000034	 0.000000	 0.000025	0.792598	 0.770000	 0.010209	 0.000000	 0.005989
134	 0.007183	 0.006866	 0.000155	 0.000000	 0.000090	0.799781	 0.776866	 0.010364	 0.000000	 0.006079
135	 0.005763	 0.005585	 0.000070	 0.000000	 0.000063	0.805544	 0.782451	 0.010434	 0.000000	 0.006142
136	 0.005529	 0.005431	 0.000038	 0.000000	 0.000025	0.811073	 0.787882	 0.010472	 0.000000	 0.006167
137	 0.005328	 0.005165	 0.000069	 0.000000	 0.000055	0.816401	 0.793047	 0.010541	 0.000000	 0.006222
138	 0.005973	 0.005833	 0.000059	 0.000000	 0.000029	0.822374	 0.798880	 0.010600	 0.000000	 0.006251
139	 0.007335	 0.007176	 0.000072	 0.000000	 0.000043	0.829709	 0.806056	 0.010672	 0.000000	 0.006294
140	 0.006721	 0.006494	 0.000118	 0.000000	 0.000062	0.836430	 0.812550	 0.010790	 0.000000	 0.006356
141	 0.007296	 0.007145	 0.000049	 0.000000	 0.000050	0.843726	 0.819695	 0.010839	 0.000000	 0.006406
142	 0.006526	 0.006362	 0.000082	 0.000000	 0.000043	0.850252	 0.826057	 0.010921	 0.000000	 0.006449
143	 0.006446	 0.006226	 0.000106	 0.000000	 0.000065	0.856698	 0.832283	 0.011027	 0.000000	 0.006514
144	 0.007328	 0.007125	 0.000108	 0.000000	 0.000045	0.864026	 0.839408	 0.011135	 0.000000	 0.006559
145	 0.006433	 0.006243	 0.000097	 0.000000	 0.000052	0.870459	 0.845651	 0.011232	 0.000000	 0.006611
146	 0.006635	 0.006524	 0.000038	 0.000000	 0.000036	0.877094	 0.852175	 0.011270	 0.000000	 0.006647
147	 0.005150	 0.004990	 0.000069	 0.000000	 0.000052	0.882244	 0.857165	 0.011339	 0.000000	 0.006699
148	 0.005555	 0.005426	 0.000071	 0.000000	 0.000027	0.887799	 0.862591	 0.011410	 0.000000	 0.006726
149	 0.005634	 0.005482	 0.000076	 0.000000	 0.000047	0.893433	 0.868073	 0.011486	 0.000000	 0.006773
150	 0.004887	 0.004809	 0.000031	 0.000000	 0.000023	0.898320	 0.872882	 0.011517	 0.000000	 0.006796
151	 0.005362	 0.005221	 0.000064	 0.000000	 0.000049	0.903682	 0.878103	 0.011581	 0.000000	 0.006845
152	 0.004574	 0.004487	 0.000032	 0.000000	 0.000025	0.908256	 0.882590	 0.011613	 0.000000	 0.006870
153	 0.005549	 0.005414	 0.000056	 0.000000	 0.000044	0.913805	 0.888004	 0.011669	 0.000000	 0.006914
154	 0.004707	 0.004616	 0.000031	 0.000000	 0.000033	0.918512	 0.892620	 0.011700	 0.000000	 0.006947
155	 0.004923	 0.004780	 0.000060	 0.000000	 0.000055	0.923435	 0.897400	 0.011760	 0.000000	 0.007002
156	 0.004721	 0.004638	 0.000029	 0.000000	 0.000030	0.928156	 0.902038	 0.011789	 0.000000	 0.007032
157	 0.004449	 0.004314	 0.000053	 0.000000	 0.000052	0.932605	 0.906352	 0.011842	 0.000000	 0.007084
158	 0.004597	 0.004479	 0.000047	 0.000000	 0.000030	0.937202	 0.910831	 0.011889	 0.000000	 0.007114
159	 0.005238	 0.005139	 0.000039	 0.000000	 0.000030	0.942440	 0.915970	 0.011928	 0.000000	 0.007144
160	 0.005967	 0.005791	 0.000072	 0.000000	 0.000059	0.948407	 0.921761	 0.012000	 0.000000	 0.007203
161	 0.005394	 0.005155	 0.000133	 0.000000	 0.000061	0.953801	 0.926916	 0.012133	 0.000000	 0.007264
162	 0.004867	 0.004714	 0.000062	 0.000000	 0.000055	0.958668	 0.931630	 0.012195	 0.000000	 0.007319
163	 0.005750	 0.005643	 0.000056	 0.000000	 0.000022	0.964418	 0.937273	 0.012251	 0.000000	 0.007341
164	 0.005510	 0.005340	 0.000084	 0.000000	 0.000048	0.969928	 0.942613	 0.012335	 0.000000	 0.007389
165	 0.005623	 0.005507	 0.000041	 0.000000	 0.000025	0.975551	 0.948120	 0.012376	 0.000000	 0.007414
166	 0.006518	 0.006349	 0.000090	 0.000000	 0.000029	0.982069	 0.954469	 0.012466	 0.000000	 0.007443
167	 0.006669	 0.006441	 0.000109	 0.000000	 0.000068	0.988738	 0.960910	 0.012575	 0.000000	 0.007511
168	 0.005841	 0.005683	 0.000071	 0.000000	 0.000051	0.994579	 0.966593	 0.012646	 0.000000	 0.007562
169	 0.005807	 0.005637	 0.000070	 0.000000	 0.000061	1.000386	 0.972230	 0.012716	 0.000000	 0.007623
170	 0.005883	 0.005746	 0.000062	 0.000000	 0.000039	1.006269	 0.977976	 0.012778	 0.000000	 0.007662
171	 0.006057	 0.005854	 0.000092	 0.000000	 0.000064	1.012326	 0.983830	 0.012870	 0.000000	 0.007726
172	 0.006118	 0.005997	 0.000040	 0.000000	 0.000029	1.018444	 0.989827	 0.012910	 0.000000	 0.007755
173	 0.006771	 0.006633	 0.000043	 0.000000	 0.000031	1.025215	 0.996460	 0.012953	 0.000000	 0.007786
174	 0.006289	 0.006039	 0.000111	 0.000000	 0.000088	1.031504	 1.002499	 0.013064	 0.000000	 0.007874
175	 0.004964	 0.004816	 0.000073	 0.000000	 0.000040	1.036468	 1.007315	 0.013137	 0.000000	 0.007914
176	 0.005095	 0.004924	 0.000080	 0.000000	 0.000059	1.041563	 1.012239	 0.013217	 0.000000	 0.007973
177	 0.004616	 0.004523	 0.000034	 0.000000	 0.000034	1.046179	 1.016762	 0.013251	 0.000000	 0.008007
178	 0.005129	 0.004985	 0.000057	 0.000000	 0.000055	1.051308	 1.021747	 0.013308	 0.000000	 0.008062
179	 0.004946	 0.004849	 0.000035	 0.000000	 0.000034	1.056254	 1.026596	 0.013343	 0.000000	 0.008096
180	 0.005228	 0.005082	 0.000056	 0.000000	 0.000056	1.061482	 1.031678	 0.013399	 0.000000	 0.008152
181	 0.004987	 0.004893	 0.000033	 0.000000	 0.000034	1.066469	 1.036571	 0.013432	 0.000000	 0.008186
182	 0.004655	 0.004479	 0.000076	 0.000000	 0.000062	1.071124	 1.041050	 0.013508	 0.000000	 0.008248
183	 0.004810	 0.004691	 0.000056	 0.000000	 0.000034	1.075934	 1.045741	 0.013564	 0.000000	 0.008282
184	 0.005397	 0.005218	 0.000071	 0.000000	 0.000059	1.081331	 1.050959	 0.013635	 0.000000	 0.008341
185	 0.005661	 0.005554	 0.000032	 0.000000	 0.000023	1.086992	 1.056513	 0.013667	 0.000000	 0.008364
186	 0.006148	 0.005941	 0.000066	 0.000000	 0.000073	1.093140	 1.062454	 0.013733	 0.000000	 0.008437
187	 0.005026	 0.004864	 0.000063	 0.000000	 0.000048	1.098166	 1.067318	 0.013796	 0.000000	 0.008485
188	 0.004911	 0.004801	 0.000033	 0.000000	 0.000036	1.103077	 1.072119	 0.013829	 0.000000	 0.008521
189	 0.005360	 0.005259	 0.000032	 0.000000	 0.000033	1.108437	 1.077378	 0.013861	 0.000000	 0.008554
190	 0.005493	 0.005380	 0.000033	 0.000000	 0.000024	1.113930	 1.082758	 0.013894	 0.000000	 0.008578
191	 0.006137	 0.005910	 0.000097	 0.000000	 0.000048	1.120067	 1.088668	 0.013991	 0.000000	 0.008626
192	 0.005469	 0.005327	 0.000073	 0.000000	 0.000033	1.125536	 1.093995	 0.014064	 0.000000	 0.008659
193	 0.004634	 0.004445	 0.000082	 0.000000	 0.000068	1.130170	 1.098440	 0.014146	 0.000000	 0.008727
194	 0.004755	 0.004598	 0.000071	 0.000000	 0.000039	1.134925	 1.103038	 0.014217	 0.000000	 0.008766
195	 0.005549	 0.005427	 0.000039	 0.000000	 0.000039	1.140474	 1.108465	 0.014256	 0.000000	 0.008805
196	 0.005763	 0.005627	 0.000039	 0.000000	 0.000043	1.146237	 1.114092	 0.014295	 0.000000	 0.008848
197	 0.006799	 0.006601	 0.000047	 0.000000	 0.000072	1.153036	 1.120693	 0.014342	 0.000000	 0.008920
198	 0.005592	 0.005460	 0.000065	 0.000000	 0.000033	1.158628	 1.126153	 0.014407	 0.000000	 0.008953
199	 0.004947	 0.004731	 0.000100	 0.000000	 0.000064	1.163575	 1.130884	 0.014507	 0.000000	 0.009017
200	 0.005265	 0.005103	 0.000086	 0.000000	 0.000041	1.168840	 1.135987	 0.014593	 0.000000	 0.009058
201	 0.005797	 0.005616	 0.000084	 0.000000	 0.000063	1.174637	 1.141603	 0.014677	 0.000000	 0.009121
202	 0.006644	 0.006456	 0.000068	 0.000000	 0.000056	1.181281	 1.148059	 0.014745	 0.000000	 0.009177
203	 0.006097	 0.005915	 0.000064	 0.000000	 0.000054	1.187378	 1.153974	 0.014809	 0.000000	 0.009231
204	 0.005340	 0.005211	 0.000058	 0.000000	 0.000038	1.192718	 1.159185	 0.014867	 0.000000	 0.009269
205	 0.005333	 0.005165	 0.000065	 0.000000	 0.000064	1.198051	 1.164350	 0.014932	 0.000000	 0.009333
206	 0.006078	 0.005919	 0.000083	 0.000000	 0.000046	1.204129	 1.170269	 0.015015	 0.000000	 0.009379
207	 0.006148	 0.005952	 0.000067	 0.000000	 0.000065	1.210277	 1.176221	 0.015082	 0.000000	 0.009444
208	 0.006281	 0.006100	 0.000076	 0.000000	 0.000042	1.216558	 1.182321	 0.015158	 0.000000	 0.009486
209	 0.005439	 0.005303	 0.000060	 0.000000	 0.000042	1.221997	 1.187624	 0.015218	 0.000000	 0.009528
210	 0.004882	 0.004700	 0.000069	 0.000000	 0.000074	1.226879	 1.192324	 0.015287	 0.000000	 0.009602
211	 0.005186	 0.005077	 0.000038	 0.000000	 0.000040	1.232065	 1.197401	 0.015325	 0.000000	 0.009642
212	 0.005707	 0.005506	 0.000089	 0.000000	 0.000057	1.237772	 1.202907	 0.015414	 0.000000	 0.009699
213	 0.006448	 0.006281	 0.000070	 0.000000	 0.000044	1.244220	 1.209188	 0.015484	 0.000000	 0.009743
214	 0.005880	 0.005722	 0.000065	 0.000000	 0.000050	1.250100	 1.214910	 0.015549	 0.000000	 0.009793
215	 0.005879	 0.005686	 0.000085	 0.000000	 0.000065	1.255979	 1.220596	 0.015634	 0.000000	 0.009858
216	 0.005525	 0.005396	 0.000038	 0.000000	 0.000042	1.261504	 1.225992	 0.015672	 0.000000	 0.009900
217	 0.005206	 0.005085	 0.000062	 0.000000	 0.000026	1.266710	 1.231077	 0.015734	 0.000000	 0.009926
218	 0.006259	 0.006067	 0.000088	 0.000000	 0.000050	1.272969	 1.237144	 0.015822	 0.000000	 0.009976
219	 0.006091	 0.005915	 0.000080	 0.000000	 0.000031	1.279060	 1.243059	 0.015902	 0.000000	 0.010007
220	 0.006110	 0.005972	 0.000049	 0.000000	 0.000035	1.285170	 1.249031	 0.015951	 0.000000	 0.010042
221	 0.005580	 0.005434	 0.000061	 0.000000	 0.000032	1.290750	 1.254465	 0.016012	 0.000000	 0.010074
222	 0.006489	 0.006356	 0.000058	 0.000000	 0.000028	1.297239	 1.260821	 0.016070	 0.000000	 0.010102
223	 0.006682	 0.006470	 0.000106	 0.000000	 0.000059	1.303921	 1.267291	 0.016176	 0.000000	 0.010161
224	 0.006209	 0.006044	 0.000079	 0.000000	 0.000039	1.310130	 1.273335	 0.016255	 0.000000	 0.010200
225	 0.007220	 0.006945	 0.000133	 0.000000	 0.000081	1.317350	 1.280280	 0.016388	 0.000000	 0.010281
226	 0.006626	 0.006496	 0.000042	 0.000000	 0.000048	1.323976	 1.286776	 0.016430	 0.000000	 0.010329
227	 0.006292	 0.006057	 0.000087	 0.000000	 0.000085	1.330268	 1.292833	 0.016517	 0.000000	 0.010414
228	 0.006078	 0.005944	 0.000044	 0.000000	 0.000047	1.336346	 1.298777	 0.016561	 0.000000	 0.010461
229	 0.006181	 0.005960	 0.000075	 0.000000	 0.000071	1.342527	 1.304737	 0.016636	 0.000000	 0.010532
230	 0.006085	 0.005945	 0.000043	 0.000000	 0.000042	1.348612	 1.310682	 0.016679	 0.000000	 0.010574
231	 0.005592	 0.005430	 0.000074	 0.000000	 0.000040	1.354204	 1.316112	 0.016753	 0.000000	 0.010614
232	 0.005652	 0.005485	 0.000073	 0.000000	 0.000034	1.359856	 1.321597	 0.016826	 0.000000	 0.010648
233	 0.006758	 0.006611	 0.000065	 0.000000	 0.000029	1.366614	 1.328208	 0.016891	 0.000000	 0.010677
234	 0.006279	 0.006099	 0.000072	 0.000000	 0.000031	1.372893	 1.334307	 0.016963	 0.000000	 0.010708
235	 0.005602	 0.005459	 0.000062	 0.000000	 0.000031	1.378495	 1.339766	 0.017025	 0.000000	 0.010739
236	 0.004996	 0.004862	 0.000045	 0.000000	 0.000027	1.383491	 1.344628	 0.017070	 0.000000	 0.010766
237	 0.005740	 0.005623	 0.000038	 0.000000	 0.000025	1.389231	 1.350251	 0.017108	 0.000000	 0.010791
238	 0.006194	 0.006051	 0.000044	 0.000000	 0.000030	1.395425	 1.356302	 0.017152	 0.000000	 0.010821
239	 0.006507	 0.006346	 0.000058	 0.000000	 0.000032	1.401932	 1.362648	 0.017210	 0.000000	 0.010853
240	 0.005329	 0.005188	 0.000054	 0.000000	 0.000030	1.407261	 1.367836	 0.017264	 0.000000	 0.010883
241	 0.005464	 0.005345	 0.000042	 0.000000	 0.000032	1.412725	 1.373181	 0.017306	 0.000000	 0.010915
242	 0.005806	 0.005693	 0.000038	 0.000000	 0.000027	1.418531	 1.378874	 0.017344	 0.000000	 0.010942
243	 0.005818	 0.005626	 0.000072	 0.000000	 0.000071	1.424349	 1.384500	 0.017416	 0.000000	 0.011013
244	 0.005923	 0.005777	 0.000048	 0.000000	 0.000044	1.430272	 1.390277	 0.017464	 0.000000	 0.011057
245	 0.006494	 0.006213	 0.000117	 0.000000	 0.000113	1.436766	 1.396490	 0.017581	 0.000000	 0.011170
246	 0.005813	 0.005685	 0.000051	 0.000000	 0.000041	1.442579	 1.402175	 0.017632	 0.000000	 0.011211
247	 0.006173	 0.006002	 0.000064	 0.000000	 0.000065	1.448752	 1.408177	 0.017696	 0.000000	 0.011276
248	 0.005484	 0.005366	 0.000042	 0.000000	 0.000041	1.454236	 1.413543	 0.017738	 0.000000	 0.011317
249	 0.004960	 0.004806	 0.000060	 0.000000	 0.000061	1.459196	 1.418349	 0.017798	 0.000000	 0.011378
250	 0.005565	 0.005469	 0.000034	 0.000000	 0.000035	1.464761	 1.423818	 0.017832	 0.000000	 0.011413
251	 0.005278	 0.005120	 0.000065	 0.000000	 0.000061	1.470039	 1.428938	 0.017897	 0.000000	 0.011474
252	 0.005393	 0.005300	 0.000033	 0.000000	 0.000035	1.475432	 1.434238	 0.017930	 0.000000	 0.011509
253	 0.005498	 0.005356	 0.000054	 0.000000	 0.000058	1.480930	 1.439594	 0.017984	 0.000000	 0.011567
254	 0.005162	 0.005027	 0.000054	 0.000000	 0.000035	1.486092	 1.444621	 0.018038	 0.000000	 0.011602
255	 0.006165	 0.006030	 0.000048	 0.000000	 0.000035	1.492257	 1.450651	 0.018086	 0.000000	 0.011637
256	 0.007266	 0.007040	 0.000094	 0.000000	 0.000070	1.499523	 1.457691	 0.018180	 0.000000	 0.011707
257	 0.006585	 0.006406	 0.000054	 0.000000	 0.000070	1.506108	 1.464097	 0.018234	 0.000000	 0.011777
258	 0.005851	 0.005723	 0.000043	 0.000000	 0.000032	1.511959	 1.469820	 0.018277	 0.000000	 0.011809
259	 0.005425	 0.005291	 0.000043	 0.000000	 0.000040	1.517384	 1.475111	 0.018320	 0.000000	 0.011849
260	 0.007263	 0.006892	 0.000066	 0.000207	 0.000032	1.524647	 1.482003	 0.018386	 0.000207	 0.011881
261	 0.007281	 0.006583	 0.000206	 0.000290	 0.000110	1.531928	 1.488586	 0.018592	 0.000497	 0.011991
262	 0.005185	 0.004811	 0.000066	 0.000199	 0.000044	1.537113	 1.493397	 0.018658	 0.000696	 0.012035
263	 0.006219	 0.005850	 0.000048	 0.000208	 0.000053	1.543332	 1.499247	 0.018706	 0.000904	 0.012088
264	 0.006115	 0.005723	 0.000044	 0.000234	 0.000048	1.549447	 1.504970	 0.018750	 0.001138	 0.012136
265	 0.006740	 0.006246	 0.000055	 0.000319	 0.000058	1.556187	 1.511216	 0.018805	 0.001457	 0.012194
266	 0.006274	 0.005871	 0.000052	 0.000237	 0.000049	1.562461	 1.517087	 0.018857	 0.001694	 0.012243
267	 0.005130	 0.004873	 0.000047	 0.000124	 0.000030	1.567591	 1.521960	 0.018904	 0.001818	 0.012273
268	 0.006182	 0.005714	 0.000137	 0.000241	 0.000031	1.573773	 1.527674	 0.019041	 0.002059	 0.012304
269	 0.005361	 0.005008	 0.000062	 0.000202	 0.000032	1.579134	 1.532682	 0.019103	 0.002261	 0.012336
270	 0.006952	 0.006392	 0.000078	 0.000322	 0.000078	1.586086	 1.539074	 0.019181	 0.002583	 0.012414
271	 0.005496	 0.005071	 0.000077	 0.000207	 0.000065	1.591582	 1.544145	 0.019258	 0.002790	 0.012479
272	 0.006154	 0.005682	 0.000103	 0.000244	 0.000078	1.597736	 1.549827	 0.019361	 0.003034	 0.012557
273	 0.005845	 0.005181	 0.000067	 0.000493	 0.000048	1.603581	 1.555008	 0.019428	 0.003527	 0.012605
274	 0.006060	 0.005599	 0.000076	 0.000250	 0.000070	1.609641	 1.560607	 0.019504	 0.003777	 0.012675
275	 0.007153	 0.006588	 0.000059	 0.000377	 0.000054	1.616794	 1.567195	 0.019563	 0.004154	 0.012729
276	 0.006566	 0.005535	 0.000089	 0.000773	 0.000099	1.623360	 1.572730	 0.019652	 0.004927	 0.012828
277	 0.005438	 0.005047	 0.000042	 0.000253	 0.000041	1.628798	 1.577777	 0.019694	 0.005180	 0.012869
278	 0.006807	 0.006358	 0.000077	 0.000213	 0.000079	1.635605	 1.584135	 0.019771	 0.005393	 0.012948
279	 0.007338	 0.006975	 0.000045	 0.000213	 0.000047	1.642943	 1.591110	 0.019816	 0.005606	 0.012995
280	 0.006872	 0.006213	 0.000161	 0.000261	 0.000142	1.649815	 1.597323	 0.019977	 0.005867	 0.013137
281	 0.007073	 0.006548	 0.000074	 0.000334	 0.000048	1.656888	 1.603871	 0.020051	 0.006201	 0.013185
282	 0.006027	 0.005582	 0.000054	 0.000295	 0.000041	1.662915	 1.609453	 0.020105	 0.006496	 0.013226
283	 0.005803	 0.005422	 0.000046	 0.000257	 0.000029	1.668718	 1.614875	 0.020151	 0.006753	 0.013255
284	 0.006440	 0.006079	 0.000055	 0.000217	 0.000034	1.675158	 1.620954	 0.020206	 0.006970	 0.013289
285	 0.006881	 0.006187	 0.000133	 0.000358	 0.000115	1.682039	 1.627141	 0.020339	 0.007328	 0.013404
286	 0.005799	 0.005459	 0.000068	 0.000179	 0.000033	1.687838	 1.632600	 0.020407	 0.007507	 0.013437
287	 0.005793	 0.005389	 0.000085	 0.000210	 0.000063	1.693631	 1.637989	 0.020492	 0.007717	 0.013500
288	 0.005767	 0.005444	 0.000041	 0.000176	 0.000049	1.699398	 1.643433	 0.020533	 0.007893	 0.013549
289	 0.006613	 0.006118	 0.000044	 0.000346	 0.000053	1.706011	 1.649551	 0.020577	 0.008239	 0.013602
290	 0.007066	 0.006612	 0.000155	 0.000151	 0.000085	1.713077	 1.656163	 0.020732	 0.008390	 0.013687
291	 0.005805	 0.005506	 0.000064	 0.000137	 0.000051	1.718882	 1.661669	 0.020796	 0.008527	 0.013738
292	 0.005724	 0.005308	 0.000109	 0.000182	 0.000074	1.724606	 1.666977	 0.020905	 0.008709	 0.013812
293	 0.005823	 0.005390	 0.000071	 0.000268	 0.000035	1.730429	 1.672367	 0.020976	 0.008977	 0.013847
294	 0.006146	 0.005547	 0.000065	 0.000433	 0.000044	1.736575	 1.677914	 0.021041	 0.009410	 0.013891
295	 0.007721	 0.006651	 0.000255	 0.000634	 0.000083	1.744296	 1.684565	 0.021296	 0.010044	 0.013974
296	 0.005833	 0.005358	 0.000063	 0.000311	 0.000043	1.750129	 1.689923	 0.021359	 0.010355	 0.014017
297	 0.005945	 0.005237	 0.000065	 0.000534	 0.000046	1.756074	 1.695160	 0.021424	 0.010889	 0.014063
298	 0.006451	 0.005970	 0.000039	 0.000353	 0.000041	1.762525	 1.701130	 0.021463	 0.011242	 0.014104
299	 0.007506	 0.006882	 0.000167	 0.000227	 0.000136	1.770031	 1.708012	 0.021630	 0.011469	 0.014240
300	 0.005915	 0.005517	 0.000069	 0.000232	 0.000044	1.775946	 1.713529	 0.021699	 0.011701	 0.014284
301	 0.005441	 0.004672	 0.000104	 0.000532	 0.000077	1.781387	 1.718201	 0.021803	 0.012233	 0.014361
302	 0.006609	 0.005966	 0.000055	 0.000492	 0.000046	1.787996	 1.724167	 0.021858	 0.012725	 0.014407
303	 0.006537	 0.005931	 0.000071	 0.000403	 0.000075	1.794533	 1.730098	 0.021929	 0.013128	 0.014482
304	 0.007674	 0.006767	 0.000133	 0.000551	 0.000101	1.802207	 1.736865	 0.022062	 0.013679	 0.014583
305	 0.006478	 0.005929	 0.000075	 0.000340	 0.000075	1.808685	 1.742794	 0.022137	 0.014019	 0.014658
306	 0.005324	 0.005046	 0.000041	 0.000147	 0.000043	1.814009	 1.747840	 0.022178	 0.014166	 0.014701
307	 0.006181	 0.005699	 0.000069	 0.000282	 0.000072	1.820190	 1.753539	 0.022247	 0.014448	 0.014773
308	 0.006268	 0.005685	 0.000075	 0.000416	 0.000044	1.826458	 1.759224	 0.022322	 0.014864	 0.014817
309	 0.006456	 0.005757	 0.000157	 0.000379	 0.000093	1.832914	 1.764981	 0.022479	 0.015243	 0.014910
310	 0.006365	 0.005581	 0.000046	 0.000647	 0.000045	1.839279	 1.770562	 0.022525	 0.015890	 0.014955
311	 0.006349	 0.005629	 0.000070	 0.000517	 0.000077	1.845628	 1.776191	 0.022595	 0.016407	 0.015032
312	 0.007370	 0.006380	 0.000049	 0.000829	 0.000042	1.852998	 1.782571	 0.022644	 0.017236	 0.015074
313	 0.006923	 0.005630	 0.000187	 0.000902	 0.000117	1.859921	 1.788201	 0.022831	 0.018138	 0.015191
314	 0.006430	 0.005826	 0.000045	 0.000446	 0.000050	1.866351	 1.794027	 0.022876	 0.018584	 0.015241
315	 0.005793	 0.005216	 0.000068	 0.000397	 0.000044	1.872144	 1.799243	 0.022944	 0.018981	 0.015285
316	 0.006340	 0.005816	 0.000049	 0.000375	 0.000045	1.878484	 1.805059	 0.022993	 0.019356	 0.015330
317	 0.006368	 0.005890	 0.000049	 0.000286	 0.000081	1.884852	 1.810949	 0.023042	 0.019642	 0.015411
318	 0.006550	 0.006050	 0.000091	 0.000295	 0.000038	1.891402	 1.816999	 0.023133	 0.019937	 0.015449
319	 0.005515	 0.005187	 0.000044	 0.000197	 0.000032	1.896917	 1.822186	 0.023177	 0.020134	 0.015481
320	 0.005551	 0.005112	 0.000034	 0.000327	 0.000029	1.902468	 1.827298	 0.023211	 0.020461	 0.015510
321	 0.006055	 0.005708	 0.000034	 0.000241	 0.000029	1.908523	 1.833006	 0.023245	 0.020702	 0.015539
322	 0.007439	 0.006764	 0.000077	 0.000488	 0.000047	1.915962	 1.839770	 0.023322	 0.021190	 0.015586
323	 0.006170	 0.005636	 0.000089	 0.000294	 0.000075	1.922132	 1.845406	 0.023411	 0.021484	 0.015661
324	 0.006203	 0.005653	 0.000071	 0.000389	 0.000044	1.928335	 1.851059	 0.023482	 0.021873	 0.015705
325	 0.005712	 0.005150	 0.000088	 0.000340	 0.000072	1.934047	 1.856209	 0.023570	 0.022213	 0.015777
326	 0.006020	 0.005717	 0.000066	 0.000147	 0.000041	1.940067	 1.861926	 0.023636	 0.022360	 0.015818
327	 0.006793	 0.006129	 0.000127	 0.000391	 0.000085	1.946860	 1.868055	 0.023763	 0.022751	 0.015903
328	 0.007393	 0.006567	 0.000135	 0.000559	 0.000059	1.954253	 1.874622	 0.023898	 0.023310	 0.015962
329	 0.005175	 0.004775	 0.000097	 0.000154	 0.000070	1.959428	 1.879397	 0.023995	 0.023464	 0.016032
330	 0.005406	 0.004846	 0.000038	 0.000441	 0.000036	1.964834	 1.884243	 0.024033	 0.023905	 0.016068
331	 0.006595	 0.005871	 0.000055	 0.000538	 0.000061	1.971429	 1.890114	 0.024088	 0.024443	 0.016129
332	 0.007468	 0.006997	 0.000063	 0.000280	 0.000063	1.978897	 1.897111	 0.024151	 0.024723	 0.016192
333	 0.007961	 0.007017	 0.000107	 0.000642	 0.000100	1.986858	 1.904128	 0.024258	 0.025365	 0.016292
334	 0.007996	 0.007524	 0.000074	 0.000237	 0.000085	1.994854	 1.911652	 0.024332	 0.025602	 0.016377
335	 0.007142	 0.006571	 0.000133	 0.000264	 0.000096	2.001996	 1.918223	 0.024465	 0.025866	 0.016473
336	 0.008858	 0.007864	 0.000082	 0.000767	 0.000058	2.010854	 1.926087	 0.024547	 0.026633	 0.016531
337	 0.007165	 0.006317	 0.000214	 0.000445	 0.000109	2.018019	 1.932404	 0.024761	 0.027078	 0.016640
338	 0.007624	 0.007203	 0.000072	 0.000194	 0.000076	2.025643	 1.939607	 0.024833	 0.027272	 0.016716
339	 0.008513	 0.007545	 0.000099	 0.000699	 0.000078	2.034156	 1.947152	 0.024932	 0.027971	 0.016794
340	 0.007624	 0.007052	 0.000116	 0.000268	 0.000081	2.041780	 1.954204	 0.025048	 0.028239	 0.016875
341	 0.007026	 0.006343	 0.000079	 0.000479	 0.000051	2.048806	 1.960547	 0.025127	 0.028718	 0.016926
342	 0.008244	 0.007811	 0.000085	 0.000211	 0.000064	2.057050	 1.968358	 0.025212	 0.028929	 0.016990
343	 0.008251	 0.007637	 0.000093	 0.000380	 0.000060	2.065301	 1.975995	 0.025305	 0.029309	 0.017050
344	 0.008149	 0.007349	 0.000082	 0.000565	 0.000069	2.073450	 1.983344	 0.025387	 0.029874	 0.017119
345	 0.007281	 0.006855	 0.000052	 0.000263	 0.000049	2.080731	 1.990199	 0.025439	 0.030137	 0.017168
346	 0.006717	 0.006137	 0.000045	 0.000415	 0.000056	2.087448	 1.996336	 0.025484	 0.030552	 0.017224
347	 0.007443	 0.006523	 0.000068	 0.000741	 0.000042	2.094891	 2.002859	 0.025552	 0.031293	 0.017266
348	 0.006400	 0.005821	 0.000120	 0.000337	 0.000051	2.101291	 2.008680	 0.025672	 0.031630	 0.017317
349	 0.005896	 0.005067	 0.000100	 0.000618	 0.000061	2.107187	 2.013747	 0.025772	 0.032248	 0.017378
350	 0.006462	 0.005593	 0.000047	 0.000734	 0.000040	2.113649	 2.019340	 0.025819	 0.032982	 0.017418
351	 0.006545	 0.006026	 0.000051	 0.000364	 0.000044	2.120194	 2.025366	 0.025870	 0.033346	 0.017462
352	 0.006756	 0.006268	 0.000073	 0.000217	 0.000064	2.126950	 2.031634	 0.025943	 0.033563	 0.017526
353	 0.006461	 0.006087	 0.000046	 0.000215	 0.000054	2.133411	 2.037721	 0.025989	 0.033778	 0.017580
354	 0.006229	 0.005592	 0.000055	 0.000483	 0.000034	2.139640	 2.043313	 0.026044	 0.034261	 0.017614
355	 0.007424	 0.006799	 0.000069	 0.000448	 0.000046	2.147064	 2.050112	 0.026113	 0.034709	 0.017660
356	 0.008498	 0.007338	 0.000188	 0.000718	 0.000108	2.155562	 2.057450	 0.026301	 0.035427	 0.017768
357	 0.007604	 0.006741	 0.000081	 0.000643	 0.000067	2.163166	 2.064191	 0.026382	 0.036070	 0.017835
358	 0.007734	 0.007026	 0.000102	 0.000491	 0.000053	2.170900	 2.071217	 0.026484	 0.036561	 0.017888
359	 0.007622	 0.006873	 0.000107	 0.000475	 0.000077	2.178522	 2.078090	 0.026591	 0.037036	 0.017965
360	 0.007137	 0.006242	 0.000100	 0.000637	 0.000075	2.185659	 2.084332	 0.026691	 0.037673	 0.018040
361	 0.007491	 0.006989	 0.000072	 0.000285	 0.000068	2.193150	 2.091321	 0.026763	 0.037958	 0.018108
362	 0.006940	 0.006356	 0.000074	 0.000384	 0.000058	2.200090	 2.097677	 0.026837	 0.038342	 0.018166
363	 0.008179	 0.007418	 0.000081	 0.000539	 0.000066	2.208269	 2.105095	 0.026918	 0.038881	 0.018232
364	 0.006796	 0.006215	 0.000070	 0.000356	 0.000075	2.215065	 2.111310	 0.026988	 0.039237	 0.018307
365	 0.007741	 0.006795	 0.000132	 0.000643	 0.000077	2.222806	 2.118105	 0.027120	 0.039880	 0.018384
366	 0.006988	 0.006268	 0.000109	 0.000450	 0.000075	2.229794	 2.124373	 0.027229	 0.040330	 0.018459
367	 0.007497	 0.007084	 0.000068	 0.000213	 0.000045	2.237291	 2.131457	 0.027297	 0.040543	 0.018504
368	 0.007102	 0.006663	 0.000072	 0.000248	 0.000047	2.244393	 2.138120	 0.027369	 0.040791	 0.018551
369	 0.008169	 0.007287	 0.000101	 0.000622	 0.000090	2.252562	 2.145407	 0.027470	 0.041413	 0.018641
370	 0.008055	 0.007588	 0.000072	 0.000259	 0.000063	2.260617	 2.152995	 0.027542	 0.041672	 0.018704
371	 0.007977	 0.007138	 0.000122	 0.000444	 0.000107	2.268594	 2.160133	 0.027664	 0.042116	 0.018811
372	 0.008513	 0.007654	 0.000064	 0.000660	 0.000063	2.277107	 2.167787	 0.027728	 0.042776	 0.018874
373	 0.006682	 0.006191	 0.000089	 0.000277	 0.000050	2.283789	 2.173978	 0.027817	 0.043053	 0.018924
374	 0.007368	 0.006797	 0.000099	 0.000346	 0.000048	2.291157	 2.180775	 0.027916	 0.043399	 0.018972
375	 0.007603	 0.006874	 0.000074	 0.000503	 0.000075	2.298760	 2.187649	 0.027990	 0.043902	 0.019047
376	 0.006510	 0.006161	 0.000065	 0.000177	 0.000043	2.305270	 2.193810	 0.028055	 0.044079	 0.019090
377	 0.006105	 0.005784	 0.000047	 0.000176	 0.000034	2.311375	 2.199594	 0.028102	 0.044255	 0.019124
378	 0.007115	 0.006457	 0.000044	 0.000507	 0.000033	2.318490	 2.206051	 0.028146	 0.044762	 0.019157
379	 0.007466	 0.006927	 0.000086	 0.000309	 0.000048	2.325956	 2.212978	 0.028232	 0.045071	 0.019205
380	 0.006494	 0.006150	 0.000071	 0.000179	 0.000033	2.332450	 2.219128	 0.028303	 0.045250	 0.019238
381	 0.006520	 0.005914	 0.000061	 0.000417	 0.000053	2.338970	 2.225042	 0.028364	 0.045667	 0.019291
382	 0.006220	 0.005673	 0.000078	 0.000354	 0.000051	2.345190	 2.230715	 0.028442	 0.046021	 0.019342
383	 0.008273	 0.007267	 0.000104	 0.000734	 0.000083	2.353463	 2.237982	 0.028546	 0.046755	 0.019425
384	 0.007724	 0.006814	 0.000054	 0.000741	 0.000056	2.361187	 2.244796	 0.028600	 0.047496	 0.019481
385	 0.006267	 0.005679	 0.000127	 0.000289	 0.000113	2.367454	 2.250475	 0.028727	 0.047785	 0.019594
386	 0.007084	 0.006299	 0.000079	 0.000607	 0.000046	2.374538	 2.256774	 0.028806	 0.048392	 0.019640
387	 0.007106	 0.006549	 0.000141	 0.000238	 0.000109	2.381644	 2.263323	 0.028947	 0.048630	 0.019749
388	 0.007039	 0.006393	 0.000144	 0.000367	 0.000066	2.388683	 2.269716	 0.029091	 0.048997	 0.019815
389	 0.005913	 0.005313	 0.000103	 0.000354	 0.000074	2.394596	 2.275029	 0.029194	 0.049351	 0.019889
390	 0.007100	 0.006565	 0.000052	 0.000372	 0.000056	2.401696	 2.281594	 0.029246	 0.049723	 0.019945
391	 0.008379	 0.007189	 0.000125	 0.000880	 0.000102	2.410075	 2.288783	 0.029371	 0.050603	 0.020047
392	 0.007095	 0.006539	 0.000142	 0.000219	 0.000087	2.417170	 2.295322	 0.029513	 0.050822	 0.020134
393	 0.007292	 0.006522	 0.000076	 0.000554	 0.000079	2.424462	 2.301844	 0.029589	 0.051376	 0.020213
394	 0.007758	 0.006795	 0.000062	 0.000781	 0.000052	2.432220	 2.308639	 0.029651	 0.052157	 0.020265
395	 0.008486	 0.007344	 0.000157	 0.000816	 0.000100	2.440706	 2.315983	 0.029808	 0.052973	 0.020365
396	 0.008687	 0.007177	 0.000069	 0.001313	 0.000065	2.449393	 2.323160	 0.029877	 0.054286	 0.020430
397	 0.006680	 0.006234	 0.000072	 0.000245	 0.000073	2.456073	 2.329394	 0.029949	 0.054531	 0.020503
398	 0.007053	 0.006285	 0.000053	 0.000595	 0.000054	2.463126	 2.335679	 0.030002	 0.055126	 0.020557
399	 0.007307	 0.005906	 0.000153	 0.000980	 0.000146	2.470433	 2.341585	 0.030155	 0.056106	 0.020703
400	 0.006885	 0.006019	 0.000049	 0.000718	 0.000049	2.477318	 2.347604	 0.030204	 0.056824	 0.020752
401	 0.006977	 0.005992	 0.000100	 0.000739	 0.000083	2.484295	 2.353596	 0.030304	 0.057563	 0.020835
402	 0.009160	 0.007105	 0.000076	 0.001833	 0.000066	2.493455	 2.360701	 0.030380	 0.059396	 0.020901
403	 0.008132	 0.006663	 0.000155	 0.001118	 0.000108	2.501587	 2.367364	 0.030535	 0.060514	 0.021009
404	 0.007745	 0.006745	 0.000050	 0.000820	 0.000071	2.509332	 2.374109	 0.030585	 0.061334	 0.021080
405	 0.009551	 0.007308	 0.000122	 0.001965	 0.000085	2.518883	 2.381417	 0.030707	 0.063299	 0.021165
406	 0.009687	 0.006946	 0.000110	 0.002486	 0.000061	2.528570	 2.388363	 0.030817	 0.065785	 0.021226
407	 0.008877	 0.006124	 0.000070	 0.002563	 0.000050	2.537447	 2.394487	 0.030887	 0.068348	 0.021276
408	 0.008850	 0.006644	 0.000135	 0.001912	 0.000089	2.546297	 2.401131	 0.031022	 0.070260	 0.021365
409	 0.009181	 0.006018	 0.000113	 0.002915	 0.000059	2.555478	 2.407149	 0.031135	 0.073175	 0.021424
410	 0.007946	 0.005981	 0.000060	 0.001802	 0.000036	2.563424	 2.413130	 0.031195	 0.074977	 0.021460
411	 0.007040	 0.006016	 0.000058	 0.000863	 0.000039	2.570464	 2.419146	 0.031253	 0.075840	 0.021499
412	 0.006979	 0.005095	 0.000086	 0.001691	 0.000050	2.577443	 2.424241	 0.031339	 0.077531	 0.021549
413	 0.007782	 0.005507	 0.000071	 0.002090	 0.000061	2.585225	 2.429748	 0.031410	 0.079621	 0.021610
