Iter	 Iter_time	 Master	 Subprob	 Full_Test	 argmax	Iter_acc	 Master_acc	 Subprob_acc	 Full_Test_acc	 argmax_acc
1	 0.000894	 0.000597	 0.000175	 0.000000	 0.000089	0.000894	 0.000597	 0.000175	 0.000000	 0.000089
2	 0.004583	 0.004295	 0.000166	 0.000000	 0.000081	0.005477	 0.004892	 0.000341	 0.000000	 0.000170
3	 0.004868	 0.004685	 0.000069	 0.000000	 0.000072	0.010345	 0.009577	 0.000410	 0.000000	 0.000242
4	 0.005007	 0.004905	 0.000052	 0.000000	 0.000023	0.015352	 0.014482	 0.000462	 0.000000	 0.000265
5	 0.004782	 0.004566	 0.000133	 0.000000	 0.000053	0.020134	 0.019048	 0.000595	 0.000000	 0.000318
6	 0.004710	 0.004591	 0.000055	 0.000000	 0.000026	0.024844	 0.023639	 0.000650	 0.000000	 0.000344
7	 0.005450	 0.005337	 0.000052	 0.000000	 0.000026	0.030294	 0.028976	 0.000702	 0.000000	 0.000370
8	 0.005234	 0.005099	 0.000075	 0.000000	 0.000028	0.035528	 0.034075	 0.000777	 0.000000	 0.000398
9	 0.005651	 0.005514	 0.000070	 0.000000	 0.000040	0.041179	 0.039589	 0.000847	 0.000000	 0.000438
10	 0.005208	 0.005112	 0.000042	 0.000000	 0.000028	0.046387	 0.044701	 0.000889	 0.000000	 0.000466
11	 0.005104	 0.004960	 0.000069	 0.000000	 0.000043	0.051491	 0.049661	 0.000958	 0.000000	 0.000509
12	 0.005093	 0.005009	 0.000031	 0.000000	 0.000028	0.056584	 0.054670	 0.000989	 0.000000	 0.000537
13	 0.005262	 0.005082	 0.000102	 0.000000	 0.000039	0.061846	 0.059752	 0.001091	 0.000000	 0.000576
14	 0.005488	 0.005403	 0.000030	 0.000000	 0.000026	0.067334	 0.065155	 0.001121	 0.000000	 0.000602
15	 0.005489	 0.005369	 0.000053	 0.000000	 0.000041	0.072823	 0.070524	 0.001174	 0.000000	 0.000643
16	 0.004453	 0.004382	 0.000028	 0.000000	 0.000020	0.077276	 0.074906	 0.001202	 0.000000	 0.000663
17	 0.004832	 0.004707	 0.000062	 0.000000	 0.000035	0.082108	 0.079613	 0.001264	 0.000000	 0.000698
18	 0.004474	 0.004394	 0.000026	 0.000000	 0.000022	0.086582	 0.084007	 0.001290	 0.000000	 0.000720
19	 0.004605	 0.004511	 0.000045	 0.000000	 0.000016	0.091187	 0.088518	 0.001335	 0.000000	 0.000736
20	 0.004262	 0.004188	 0.000039	 0.000000	 0.000015	0.095449	 0.092706	 0.001374	 0.000000	 0.000751
21	 0.004557	 0.004444	 0.000059	 0.000000	 0.000028	0.100006	 0.097150	 0.001433	 0.000000	 0.000779
22	 0.004626	 0.004563	 0.000024	 0.000000	 0.000015	0.104632	 0.101713	 0.001457	 0.000000	 0.000794
23	 0.004646	 0.004535	 0.000048	 0.000000	 0.000031	0.109278	 0.106248	 0.001505	 0.000000	 0.000825
24	 0.004344	 0.004263	 0.000035	 0.000000	 0.000024	0.113622	 0.110511	 0.001540	 0.000000	 0.000849
25	 0.004946	 0.004815	 0.000060	 0.000000	 0.000038	0.118568	 0.115326	 0.001600	 0.000000	 0.000887
26	 0.005040	 0.004956	 0.000037	 0.000000	 0.000026	0.123608	 0.120282	 0.001637	 0.000000	 0.000913
27	 0.004478	 0.004352	 0.000063	 0.000000	 0.000036	0.128086	 0.124634	 0.001700	 0.000000	 0.000949
28	 0.004378	 0.004308	 0.000032	 0.000000	 0.000014	0.132464	 0.128942	 0.001732	 0.000000	 0.000963
29	 0.004636	 0.004524	 0.000058	 0.000000	 0.000031	0.137100	 0.133466	 0.001790	 0.000000	 0.000994
30	 0.004617	 0.004547	 0.000035	 0.000000	 0.000013	0.141717	 0.138013	 0.001825	 0.000000	 0.001007
31	 0.004851	 0.004724	 0.000060	 0.000000	 0.000030	0.146568	 0.142737	 0.001885	 0.000000	 0.001037
32	 0.004855	 0.004777	 0.000033	 0.000000	 0.000017	0.151423	 0.147514	 0.001918	 0.000000	 0.001054
33	 0.004483	 0.004399	 0.000039	 0.000000	 0.000015	0.155906	 0.151913	 0.001957	 0.000000	 0.001069
34	 0.004793	 0.004719	 0.000026	 0.000000	 0.000016	0.160699	 0.156632	 0.001983	 0.000000	 0.001085
35	 0.004409	 0.004339	 0.000026	 0.000000	 0.000017	0.165108	 0.160971	 0.002009	 0.000000	 0.001102
36	 0.004266	 0.004196	 0.000025	 0.000000	 0.000016	0.169374	 0.165167	 0.002034	 0.000000	 0.001118
37	 0.005038	 0.004969	 0.000025	 0.000000	 0.000014	0.174412	 0.170136	 0.002059	 0.000000	 0.001132
38	 0.005115	 0.005041	 0.000027	 0.000000	 0.000016	0.179527	 0.175177	 0.002086	 0.000000	 0.001148
39	 0.004462	 0.004377	 0.000030	 0.000000	 0.000018	0.183989	 0.179554	 0.002116	 0.000000	 0.001166
40	 0.005596	 0.005499	 0.000048	 0.000000	 0.000016	0.189585	 0.185053	 0.002164	 0.000000	 0.001182
41	 0.004455	 0.004362	 0.000037	 0.000000	 0.000019	0.194040	 0.189415	 0.002201	 0.000000	 0.001201
42	 0.004280	 0.004171	 0.000048	 0.000000	 0.000026	0.198320	 0.193586	 0.002249	 0.000000	 0.001227
43	 0.004666	 0.004582	 0.000030	 0.000000	 0.000025	0.202986	 0.198168	 0.002279	 0.000000	 0.001252
44	 0.004312	 0.004240	 0.000026	 0.000000	 0.000023	0.207298	 0.202408	 0.002305	 0.000000	 0.001275
45	 0.004494	 0.004371	 0.000057	 0.000000	 0.000040	0.211792	 0.206779	 0.002362	 0.000000	 0.001315
46	 0.004482	 0.004413	 0.000030	 0.000000	 0.000017	0.216274	 0.211192	 0.002392	 0.000000	 0.001332
47	 0.005013	 0.004905	 0.000048	 0.000000	 0.000033	0.221287	 0.216097	 0.002440	 0.000000	 0.001365
48	 0.004945	 0.004877	 0.000029	 0.000000	 0.000018	0.226232	 0.220974	 0.002469	 0.000000	 0.001383
49	 0.004453	 0.004317	 0.000073	 0.000000	 0.000034	0.230685	 0.225291	 0.002542	 0.000000	 0.001417
50	 0.004464	 0.004375	 0.000038	 0.000000	 0.000018	0.235149	 0.229666	 0.002580	 0.000000	 0.001435
51	 0.004339	 0.004269	 0.000030	 0.000000	 0.000017	0.239488	 0.233935	 0.002610	 0.000000	 0.001452
52	 0.004615	 0.004504	 0.000045	 0.000000	 0.000039	0.244103	 0.238439	 0.002655	 0.000000	 0.001491
53	 0.004373	 0.004307	 0.000027	 0.000000	 0.000019	0.248476	 0.242746	 0.002682	 0.000000	 0.001510
54	 0.004912	 0.004796	 0.000046	 0.000000	 0.000041	0.253388	 0.247542	 0.002728	 0.000000	 0.001551
55	 0.004056	 0.003989	 0.000026	 0.000000	 0.000018	0.257444	 0.251531	 0.002754	 0.000000	 0.001569
56	 0.004439	 0.004329	 0.000045	 0.000000	 0.000039	0.261883	 0.255860	 0.002799	 0.000000	 0.001608
57	 0.004138	 0.004071	 0.000026	 0.000000	 0.000018	0.266021	 0.259931	 0.002825	 0.000000	 0.001626
58	 0.004543	 0.004427	 0.000047	 0.000000	 0.000043	0.270564	 0.264358	 0.002872	 0.000000	 0.001669
59	 0.004052	 0.003988	 0.000025	 0.000000	 0.000016	0.274616	 0.268346	 0.002897	 0.000000	 0.001685
60	 0.003866	 0.003753	 0.000045	 0.000000	 0.000040	0.278482	 0.272099	 0.002942	 0.000000	 0.001725
61	 0.004105	 0.004042	 0.000026	 0.000000	 0.000017	0.282587	 0.276141	 0.002968	 0.000000	 0.001742
62	 0.005068	 0.004919	 0.000067	 0.000000	 0.000042	0.287655	 0.281060	 0.003035	 0.000000	 0.001784
63	 0.004228	 0.004146	 0.000040	 0.000000	 0.000020	0.291883	 0.285206	 0.003075	 0.000000	 0.001804
64	 0.003929	 0.003817	 0.000049	 0.000000	 0.000035	0.295812	 0.289023	 0.003124	 0.000000	 0.001839
65	 0.003794	 0.003715	 0.000037	 0.000000	 0.000018	0.299606	 0.292738	 0.003161	 0.000000	 0.001857
66	 0.004598	 0.004474	 0.000058	 0.000000	 0.000042	0.304204	 0.297212	 0.003219	 0.000000	 0.001899
67	 0.004316	 0.004250	 0.000026	 0.000000	 0.000017	0.308520	 0.301462	 0.003245	 0.000000	 0.001916
68	 0.004128	 0.004022	 0.000046	 0.000000	 0.000033	0.312648	 0.305484	 0.003291	 0.000000	 0.001949
69	 0.004220	 0.004154	 0.000026	 0.000000	 0.000018	0.316868	 0.309638	 0.003317	 0.000000	 0.001967
70	 0.005319	 0.005215	 0.000046	 0.000000	 0.000032	0.322187	 0.314853	 0.003363	 0.000000	 0.001999
71	 0.004274	 0.004205	 0.000027	 0.000000	 0.000019	0.326461	 0.319058	 0.003390	 0.000000	 0.002018
72	 0.004731	 0.004601	 0.000068	 0.000000	 0.000035	0.331192	 0.323659	 0.003458	 0.000000	 0.002053
73	 0.004798	 0.004722	 0.000037	 0.000000	 0.000017	0.335990	 0.328381	 0.003495	 0.000000	 0.002070
74	 0.004415	 0.004303	 0.000051	 0.000000	 0.000033	0.340405	 0.332684	 0.003546	 0.000000	 0.002103
75	 0.003931	 0.003865	 0.000027	 0.000000	 0.000018	0.344336	 0.336549	 0.003573	 0.000000	 0.002121
76	 0.004311	 0.004205	 0.000045	 0.000000	 0.000035	0.348647	 0.340754	 0.003618	 0.000000	 0.002156
77	 0.004760	 0.004696	 0.000027	 0.000000	 0.000017	0.353407	 0.345450	 0.003645	 0.000000	 0.002173
78	 0.004031	 0.003922	 0.000048	 0.000000	 0.000034	0.357438	 0.349372	 0.003693	 0.000000	 0.002207
79	 0.003969	 0.003907	 0.000026	 0.000000	 0.000017	0.361407	 0.353279	 0.003719	 0.000000	 0.002224
80	 0.004035	 0.003924	 0.000049	 0.000000	 0.000034	0.365442	 0.357203	 0.003768	 0.000000	 0.002258
81	 0.004518	 0.004454	 0.000026	 0.000000	 0.000017	0.369960	 0.361657	 0.003794	 0.000000	 0.002275
82	 0.004543	 0.004436	 0.000046	 0.000000	 0.000035	0.374503	 0.366093	 0.003840	 0.000000	 0.002310
83	 0.004008	 0.003931	 0.000037	 0.000000	 0.000018	0.378511	 0.370024	 0.003877	 0.000000	 0.002328
84	 0.003850	 0.003724	 0.000058	 0.000000	 0.000042	0.382361	 0.373748	 0.003935	 0.000000	 0.002370
85	 0.004260	 0.004194	 0.000025	 0.000000	 0.000018	0.386621	 0.377942	 0.003960	 0.000000	 0.002388
86	 0.004111	 0.004004	 0.000044	 0.000000	 0.000035	0.390732	 0.381946	 0.004004	 0.000000	 0.002423
87	 0.003997	 0.003923	 0.000026	 0.000000	 0.000025	0.394729	 0.385869	 0.004030	 0.000000	 0.002448
88	 0.004312	 0.004189	 0.000047	 0.000000	 0.000045	0.399041	 0.390058	 0.004077	 0.000000	 0.002493
89	 0.003851	 0.003778	 0.000026	 0.000000	 0.000027	0.402892	 0.393836	 0.004103	 0.000000	 0.002520
90	 0.004282	 0.004156	 0.000046	 0.000000	 0.000044	0.407174	 0.397992	 0.004149	 0.000000	 0.002564
91	 0.003867	 0.003783	 0.000037	 0.000000	 0.000025	0.411041	 0.401775	 0.004186	 0.000000	 0.002589
92	 0.004716	 0.004590	 0.000057	 0.000000	 0.000042	0.415757	 0.406365	 0.004243	 0.000000	 0.002631
93	 0.004328	 0.004248	 0.000031	 0.000000	 0.000026	0.420085	 0.410613	 0.004274	 0.000000	 0.002657
94	 0.004781	 0.004648	 0.000070	 0.000000	 0.000034	0.424866	 0.415261	 0.004344	 0.000000	 0.002691
95	 0.004412	 0.004320	 0.000037	 0.000000	 0.000018	0.429278	 0.419581	 0.004381	 0.000000	 0.002709
96	 0.004529	 0.004458	 0.000029	 0.000000	 0.000018	0.433807	 0.424039	 0.004410	 0.000000	 0.002727
97	 0.004459	 0.004319	 0.000064	 0.000000	 0.000035	0.438266	 0.428358	 0.004474	 0.000000	 0.002762
98	 0.004067	 0.003986	 0.000037	 0.000000	 0.000020	0.442333	 0.432344	 0.004511	 0.000000	 0.002782
99	 0.004505	 0.004383	 0.000047	 0.000000	 0.000037	0.446838	 0.436727	 0.004558	 0.000000	 0.002819
100	 0.004658	 0.004573	 0.000025	 0.000000	 0.000027	0.451496	 0.441300	 0.004583	 0.000000	 0.002846
101	 0.004403	 0.004324	 0.000028	 0.000000	 0.000027	0.455899	 0.445624	 0.004611	 0.000000	 0.002873
102	 0.004250	 0.004131	 0.000048	 0.000000	 0.000044	0.460149	 0.449755	 0.004659	 0.000000	 0.002917
103	 0.004188	 0.004119	 0.000025	 0.000000	 0.000020	0.464337	 0.453874	 0.004684	 0.000000	 0.002937
104	 0.004728	 0.004608	 0.000051	 0.000000	 0.000044	0.469065	 0.458482	 0.004735	 0.000000	 0.002981
105	 0.004776	 0.004708	 0.000027	 0.000000	 0.000021	0.473841	 0.463190	 0.004762	 0.000000	 0.003002
106	 0.004115	 0.003997	 0.000047	 0.000000	 0.000042	0.477956	 0.467187	 0.004809	 0.000000	 0.003044
107	 0.004127	 0.004062	 0.000026	 0.000000	 0.000020	0.482083	 0.471249	 0.004835	 0.000000	 0.003064
108	 0.004877	 0.004757	 0.000047	 0.000000	 0.000047	0.486960	 0.476006	 0.004882	 0.000000	 0.003111
109	 0.003868	 0.003797	 0.000026	 0.000000	 0.000021	0.490828	 0.479803	 0.004908	 0.000000	 0.003132
110	 0.004131	 0.004016	 0.000044	 0.000000	 0.000043	0.494959	 0.483819	 0.004952	 0.000000	 0.003175
111	 0.004283	 0.004218	 0.000024	 0.000000	 0.000019	0.499242	 0.488037	 0.004976	 0.000000	 0.003194
112	 0.004055	 0.003936	 0.000048	 0.000000	 0.000043	0.503297	 0.491973	 0.005024	 0.000000	 0.003237
113	 0.004241	 0.004171	 0.000027	 0.000000	 0.000019	0.507538	 0.496144	 0.005051	 0.000000	 0.003256
114	 0.004040	 0.003917	 0.000051	 0.000000	 0.000043	0.511578	 0.500061	 0.005102	 0.000000	 0.003299
115	 0.004135	 0.004050	 0.000048	 0.000000	 0.000018	0.515713	 0.504111	 0.005150	 0.000000	 0.003317
116	 0.004220	 0.004097	 0.000058	 0.000000	 0.000037	0.519933	 0.508208	 0.005208	 0.000000	 0.003354
117	 0.003780	 0.003699	 0.000026	 0.000000	 0.000019	0.523713	 0.511907	 0.005234	 0.000000	 0.003373
118	 0.004097	 0.004030	 0.000027	 0.000000	 0.000020	0.527810	 0.515937	 0.005261	 0.000000	 0.003393
119	 0.004395	 0.004288	 0.000046	 0.000000	 0.000035	0.532205	 0.520225	 0.005307	 0.000000	 0.003428
120	 0.004602	 0.004525	 0.000026	 0.000000	 0.000028	0.536807	 0.524750	 0.005333	 0.000000	 0.003456
121	 0.004455	 0.004312	 0.000063	 0.000000	 0.000040	0.541262	 0.529062	 0.005396	 0.000000	 0.003496
122	 0.004349	 0.004264	 0.000038	 0.000000	 0.000027	0.545611	 0.533326	 0.005434	 0.000000	 0.003523
123	 0.004364	 0.004242	 0.000051	 0.000000	 0.000047	0.549975	 0.537568	 0.005485	 0.000000	 0.003570
124	 0.004157	 0.004083	 0.000028	 0.000000	 0.000028	0.554132	 0.541651	 0.005513	 0.000000	 0.003598
125	 0.003984	 0.003866	 0.000049	 0.000000	 0.000044	0.558116	 0.545517	 0.005562	 0.000000	 0.003642
126	 0.003878	 0.003811	 0.000027	 0.000000	 0.000020	0.561994	 0.549328	 0.005589	 0.000000	 0.003662
127	 0.003840	 0.003717	 0.000050	 0.000000	 0.000048	0.565834	 0.553045	 0.005639	 0.000000	 0.003710
128	 0.003988	 0.003916	 0.000026	 0.000000	 0.000025	0.569822	 0.556961	 0.005665	 0.000000	 0.003735
129	 0.004129	 0.004010	 0.000047	 0.000000	 0.000046	0.573951	 0.560971	 0.005712	 0.000000	 0.003781
130	 0.004339	 0.004253	 0.000039	 0.000000	 0.000027	0.578290	 0.565224	 0.005751	 0.000000	 0.003808
131	 0.004556	 0.004423	 0.000059	 0.000000	 0.000046	0.582846	 0.569647	 0.005810	 0.000000	 0.003854
132	 0.004663	 0.004587	 0.000025	 0.000000	 0.000018	0.587509	 0.574234	 0.005835	 0.000000	 0.003872
133	 0.004226	 0.004147	 0.000026	 0.000000	 0.000020	0.591735	 0.578381	 0.005861	 0.000000	 0.003892
134	 0.004067	 0.003989	 0.000026	 0.000000	 0.000028	0.595802	 0.582370	 0.005887	 0.000000	 0.003920
135	 0.003763	 0.003644	 0.000046	 0.000000	 0.000046	0.599565	 0.586014	 0.005933	 0.000000	 0.003966
136	 0.003873	 0.003806	 0.000026	 0.000000	 0.000019	0.603438	 0.589820	 0.005959	 0.000000	 0.003985
137	 0.004170	 0.004060	 0.000047	 0.000000	 0.000038	0.607608	 0.593880	 0.006006	 0.000000	 0.004023
138	 0.004171	 0.004079	 0.000039	 0.000000	 0.000021	0.611779	 0.597959	 0.006045	 0.000000	 0.004044
139	 0.004406	 0.004330	 0.000034	 0.000000	 0.000020	0.616185	 0.602289	 0.006079	 0.000000	 0.004064
140	 0.004357	 0.004229	 0.000061	 0.000000	 0.000040	0.620542	 0.606518	 0.006140	 0.000000	 0.004104
141	 0.004261	 0.004168	 0.000031	 0.000000	 0.000028	0.624803	 0.610686	 0.006171	 0.000000	 0.004132
142	 0.004259	 0.004170	 0.000037	 0.000000	 0.000028	0.629062	 0.614856	 0.006208	 0.000000	 0.004160
143	 0.004232	 0.004100	 0.000059	 0.000000	 0.000046	0.633294	 0.618956	 0.006267	 0.000000	 0.004206
144	 0.004077	 0.004000	 0.000035	 0.000000	 0.000019	0.637371	 0.622956	 0.006302	 0.000000	 0.004225
145	 0.004231	 0.004107	 0.000060	 0.000000	 0.000038	0.641602	 0.627063	 0.006362	 0.000000	 0.004263
146	 0.004971	 0.004902	 0.000027	 0.000000	 0.000019	0.646573	 0.631965	 0.006389	 0.000000	 0.004282
147	 0.004274	 0.004161	 0.000047	 0.000000	 0.000038	0.650847	 0.636126	 0.006436	 0.000000	 0.004320
148	 0.004379	 0.004301	 0.000038	 0.000000	 0.000020	0.655226	 0.640427	 0.006474	 0.000000	 0.004340
149	 0.004283	 0.004158	 0.000060	 0.000000	 0.000039	0.659509	 0.644585	 0.006534	 0.000000	 0.004379
150	 0.004000	 0.003934	 0.000026	 0.000000	 0.000018	0.663509	 0.648519	 0.006560	 0.000000	 0.004397
151	 0.004414	 0.004302	 0.000047	 0.000000	 0.000039	0.667923	 0.652821	 0.006607	 0.000000	 0.004436
152	 0.004128	 0.004060	 0.000025	 0.000000	 0.000020	0.672051	 0.656881	 0.006632	 0.000000	 0.004456
153	 0.004242	 0.004124	 0.000055	 0.000000	 0.000041	0.676293	 0.661005	 0.006687	 0.000000	 0.004497
154	 0.004189	 0.004114	 0.000028	 0.000000	 0.000027	0.680482	 0.665119	 0.006715	 0.000000	 0.004524
155	 0.004197	 0.004079	 0.000047	 0.000000	 0.000045	0.684679	 0.669198	 0.006762	 0.000000	 0.004569
156	 0.004185	 0.004108	 0.000026	 0.000000	 0.000027	0.688864	 0.673306	 0.006788	 0.000000	 0.004596
157	 0.004278	 0.004161	 0.000047	 0.000000	 0.000046	0.693142	 0.677467	 0.006835	 0.000000	 0.004642
158	 0.004120	 0.004017	 0.000038	 0.000000	 0.000028	0.697262	 0.681484	 0.006873	 0.000000	 0.004670
159	 0.004365	 0.004282	 0.000033	 0.000000	 0.000027	0.701627	 0.685766	 0.006906	 0.000000	 0.004697
160	 0.004115	 0.003993	 0.000051	 0.000000	 0.000045	0.705742	 0.689759	 0.006957	 0.000000	 0.004742
161	 0.004399	 0.004324	 0.000027	 0.000000	 0.000029	0.710141	 0.694083	 0.006984	 0.000000	 0.004771
162	 0.004594	 0.004474	 0.000047	 0.000000	 0.000044	0.714735	 0.698557	 0.007031	 0.000000	 0.004815
163	 0.004312	 0.004231	 0.000040	 0.000000	 0.000019	0.719047	 0.702788	 0.007071	 0.000000	 0.004834
164	 0.004404	 0.004279	 0.000058	 0.000000	 0.000041	0.723451	 0.707067	 0.007129	 0.000000	 0.004875
165	 0.004163	 0.004087	 0.000025	 0.000000	 0.000018	0.727614	 0.711154	 0.007154	 0.000000	 0.004893
166	 0.004120	 0.004044	 0.000036	 0.000000	 0.000018	0.731734	 0.715198	 0.007190	 0.000000	 0.004911
167	 0.004437	 0.004305	 0.000061	 0.000000	 0.000046	0.736171	 0.719503	 0.007251	 0.000000	 0.004957
168	 0.004281	 0.004195	 0.000036	 0.000000	 0.000027	0.740452	 0.723698	 0.007287	 0.000000	 0.004984
169	 0.004405	 0.004281	 0.000051	 0.000000	 0.000048	0.744857	 0.727979	 0.007338	 0.000000	 0.005032
170	 0.004426	 0.004339	 0.000037	 0.000000	 0.000028	0.749283	 0.732318	 0.007375	 0.000000	 0.005060
171	 0.004270	 0.004134	 0.000060	 0.000000	 0.000049	0.753553	 0.736452	 0.007435	 0.000000	 0.005109
172	 0.004451	 0.004370	 0.000026	 0.000000	 0.000021	0.758004	 0.740822	 0.007461	 0.000000	 0.005130
173	 0.004169	 0.004100	 0.000026	 0.000000	 0.000019	0.762173	 0.744922	 0.007487	 0.000000	 0.005149
174	 0.003999	 0.003877	 0.000047	 0.000000	 0.000048	0.766172	 0.748799	 0.007534	 0.000000	 0.005197
175	 0.003862	 0.003776	 0.000038	 0.000000	 0.000027	0.770034	 0.752575	 0.007572	 0.000000	 0.005224
176	 0.004029	 0.003893	 0.000060	 0.000000	 0.000047	0.774063	 0.756468	 0.007632	 0.000000	 0.005271
177	 0.004046	 0.003970	 0.000027	 0.000000	 0.000028	0.778109	 0.760438	 0.007659	 0.000000	 0.005299
178	 0.004575	 0.004451	 0.000048	 0.000000	 0.000050	0.782684	 0.764889	 0.007707	 0.000000	 0.005349
179	 0.004596	 0.004511	 0.000031	 0.000000	 0.000030	0.787280	 0.769400	 0.007738	 0.000000	 0.005379
180	 0.004506	 0.004376	 0.000050	 0.000000	 0.000051	0.791786	 0.773776	 0.007788	 0.000000	 0.005430
181	 0.004194	 0.004117	 0.000028	 0.000000	 0.000028	0.795980	 0.777893	 0.007816	 0.000000	 0.005458
182	 0.004348	 0.004227	 0.000046	 0.000000	 0.000048	0.800328	 0.782120	 0.007862	 0.000000	 0.005506
183	 0.004737	 0.004645	 0.000044	 0.000000	 0.000025	0.805065	 0.786765	 0.007906	 0.000000	 0.005531
184	 0.004542	 0.004392	 0.000062	 0.000000	 0.000050	0.809607	 0.791157	 0.007968	 0.000000	 0.005581
185	 0.004174	 0.004095	 0.000027	 0.000000	 0.000019	0.813781	 0.795252	 0.007995	 0.000000	 0.005600
186	 0.003934	 0.003855	 0.000028	 0.000000	 0.000020	0.817715	 0.799107	 0.008023	 0.000000	 0.005620
187	 0.004402	 0.004316	 0.000026	 0.000000	 0.000027	0.822117	 0.803423	 0.008049	 0.000000	 0.005647
188	 0.004277	 0.004190	 0.000027	 0.000000	 0.000028	0.826394	 0.807613	 0.008076	 0.000000	 0.005675
189	 0.004018	 0.003933	 0.000026	 0.000000	 0.000027	0.830412	 0.811546	 0.008102	 0.000000	 0.005702
190	 0.003824	 0.003744	 0.000027	 0.000000	 0.000021	0.834236	 0.815290	 0.008129	 0.000000	 0.005723
191	 0.003822	 0.003746	 0.000026	 0.000000	 0.000020	0.838058	 0.819036	 0.008155	 0.000000	 0.005743
192	 0.004321	 0.004236	 0.000041	 0.000000	 0.000021	0.842379	 0.823272	 0.008196	 0.000000	 0.005764
193	 0.004178	 0.004033	 0.000066	 0.000000	 0.000050	0.846557	 0.827305	 0.008262	 0.000000	 0.005814
194	 0.003913	 0.003817	 0.000038	 0.000000	 0.000027	0.850470	 0.831122	 0.008300	 0.000000	 0.005841
195	 0.003845	 0.003754	 0.000028	 0.000000	 0.000029	0.854315	 0.834876	 0.008328	 0.000000	 0.005870
196	 0.003937	 0.003853	 0.000026	 0.000000	 0.000027	0.858252	 0.838729	 0.008354	 0.000000	 0.005897
197	 0.004143	 0.004057	 0.000026	 0.000000	 0.000027	0.862395	 0.842786	 0.008380	 0.000000	 0.005924
198	 0.003940	 0.003859	 0.000038	 0.000000	 0.000020	0.866335	 0.846645	 0.008418	 0.000000	 0.005944
199	 0.004102	 0.003956	 0.000060	 0.000000	 0.000048	0.870437	 0.850601	 0.008478	 0.000000	 0.005992
200	 0.004325	 0.004238	 0.000036	 0.000000	 0.000029	0.874762	 0.854839	 0.008514	 0.000000	 0.006021
201	 0.004310	 0.004173	 0.000064	 0.000000	 0.000047	0.879072	 0.859012	 0.008578	 0.000000	 0.006068
202	 0.005158	 0.005060	 0.000036	 0.000000	 0.000027	0.884230	 0.864072	 0.008614	 0.000000	 0.006095
203	 0.004255	 0.004157	 0.000035	 0.000000	 0.000027	0.888485	 0.868229	 0.008649	 0.000000	 0.006122
204	 0.004041	 0.003959	 0.000034	 0.000000	 0.000029	0.892526	 0.872188	 0.008683	 0.000000	 0.006151
205	 0.004221	 0.004095	 0.000053	 0.000000	 0.000048	0.896747	 0.876283	 0.008736	 0.000000	 0.006199
206	 0.004457	 0.004382	 0.000027	 0.000000	 0.000028	0.901204	 0.880665	 0.008763	 0.000000	 0.006227
207	 0.004264	 0.004143	 0.000046	 0.000000	 0.000046	0.905468	 0.884808	 0.008809	 0.000000	 0.006273
208	 0.004720	 0.004618	 0.000036	 0.000000	 0.000027	0.910188	 0.889426	 0.008845	 0.000000	 0.006300
209	 0.004334	 0.004223	 0.000054	 0.000000	 0.000029	0.914522	 0.893649	 0.008899	 0.000000	 0.006329
210	 0.004185	 0.004057	 0.000052	 0.000000	 0.000049	0.918707	 0.897706	 0.008951	 0.000000	 0.006378
211	 0.003943	 0.003827	 0.000026	 0.000000	 0.000029	0.922650	 0.901533	 0.008977	 0.000000	 0.006407
212	 0.003890	 0.003741	 0.000062	 0.000000	 0.000047	0.926540	 0.905274	 0.009039	 0.000000	 0.006454
213	 0.003805	 0.003708	 0.000037	 0.000000	 0.000029	0.930345	 0.908982	 0.009076	 0.000000	 0.006483
214	 0.004021	 0.003941	 0.000033	 0.000000	 0.000028	0.934366	 0.912923	 0.009109	 0.000000	 0.006511
215	 0.004604	 0.004470	 0.000058	 0.000000	 0.000049	0.938970	 0.917393	 0.009167	 0.000000	 0.006560
216	 0.004393	 0.004306	 0.000026	 0.000000	 0.000029	0.943363	 0.921699	 0.009193	 0.000000	 0.006589
217	 0.004293	 0.004198	 0.000050	 0.000000	 0.000021	0.947656	 0.925897	 0.009243	 0.000000	 0.006610
218	 0.004532	 0.004402	 0.000060	 0.000000	 0.000039	0.952188	 0.930299	 0.009303	 0.000000	 0.006649
219	 0.003872	 0.003790	 0.000027	 0.000000	 0.000021	0.956060	 0.934089	 0.009330	 0.000000	 0.006670
220	 0.003993	 0.003913	 0.000025	 0.000000	 0.000022	0.960053	 0.938002	 0.009355	 0.000000	 0.006692
221	 0.004066	 0.003974	 0.000039	 0.000000	 0.000021	0.964119	 0.941976	 0.009394	 0.000000	 0.006713
222	 0.003848	 0.003773	 0.000033	 0.000000	 0.000021	0.967967	 0.945749	 0.009427	 0.000000	 0.006734
223	 0.004247	 0.004120	 0.000060	 0.000000	 0.000040	0.972214	 0.949869	 0.009487	 0.000000	 0.006774
224	 0.004268	 0.004200	 0.000025	 0.000000	 0.000020	0.976482	 0.954069	 0.009512	 0.000000	 0.006794
225	 0.004339	 0.004196	 0.000065	 0.000000	 0.000040	0.980821	 0.958265	 0.009577	 0.000000	 0.006834
226	 0.004473	 0.004385	 0.000030	 0.000000	 0.000028	0.985294	 0.962650	 0.009607	 0.000000	 0.006862
227	 0.004465	 0.004329	 0.000049	 0.000000	 0.000053	0.989759	 0.966979	 0.009656	 0.000000	 0.006915
228	 0.003813	 0.003739	 0.000026	 0.000000	 0.000028	0.993572	 0.970718	 0.009682	 0.000000	 0.006943
229	 0.004490	 0.004354	 0.000051	 0.000000	 0.000050	0.998062	 0.975072	 0.009733	 0.000000	 0.006993
230	 0.004376	 0.004288	 0.000027	 0.000000	 0.000028	1.002438	 0.979360	 0.009760	 0.000000	 0.007021
231	 0.004034	 0.003933	 0.000040	 0.000000	 0.000028	1.006472	 0.983293	 0.009800	 0.000000	 0.007049
232	 0.004199	 0.004107	 0.000034	 0.000000	 0.000023	1.010671	 0.987400	 0.009834	 0.000000	 0.007072
233	 0.004058	 0.003973	 0.000032	 0.000000	 0.000022	1.014729	 0.991373	 0.009866	 0.000000	 0.007094
234	 0.004452	 0.004364	 0.000037	 0.000000	 0.000020	1.019181	 0.995737	 0.009903	 0.000000	 0.007114
235	 0.004162	 0.004078	 0.000032	 0.000000	 0.000020	1.023343	 0.999815	 0.009935	 0.000000	 0.007134
236	 0.004144	 0.004063	 0.000029	 0.000000	 0.000021	1.027487	 1.003878	 0.009964	 0.000000	 0.007155
237	 0.004072	 0.003993	 0.000027	 0.000000	 0.000020	1.031559	 1.007871	 0.009991	 0.000000	 0.007175
238	 0.004280	 0.004202	 0.000027	 0.000000	 0.000022	1.035839	 1.012073	 0.010018	 0.000000	 0.007197
239	 0.004129	 0.004049	 0.000026	 0.000000	 0.000021	1.039968	 1.016122	 0.010044	 0.000000	 0.007218
240	 0.004182	 0.004103	 0.000025	 0.000000	 0.000020	1.044150	 1.020225	 0.010069	 0.000000	 0.007238
241	 0.004281	 0.004200	 0.000027	 0.000000	 0.000022	1.048431	 1.024425	 0.010096	 0.000000	 0.007260
242	 0.004324	 0.004253	 0.000027	 0.000000	 0.000022	1.052755	 1.028678	 0.010123	 0.000000	 0.007282
243	 0.004180	 0.004056	 0.000048	 0.000000	 0.000049	1.056935	 1.032734	 0.010171	 0.000000	 0.007331
244	 0.004831	 0.004753	 0.000026	 0.000000	 0.000028	1.061766	 1.037487	 0.010197	 0.000000	 0.007359
245	 0.004188	 0.004061	 0.000050	 0.000000	 0.000049	1.065954	 1.041548	 0.010247	 0.000000	 0.007408
246	 0.004293	 0.004217	 0.000026	 0.000000	 0.000029	1.070247	 1.045765	 0.010273	 0.000000	 0.007437
247	 0.004279	 0.004155	 0.000048	 0.000000	 0.000047	1.074526	 1.049920	 0.010321	 0.000000	 0.007484
248	 0.004241	 0.004164	 0.000028	 0.000000	 0.000029	1.078767	 1.054084	 0.010349	 0.000000	 0.007513
249	 0.004437	 0.004317	 0.000045	 0.000000	 0.000048	1.083204	 1.058401	 0.010394	 0.000000	 0.007561
250	 0.004163	 0.004086	 0.000027	 0.000000	 0.000028	1.087367	 1.062487	 0.010421	 0.000000	 0.007589
251	 0.004098	 0.003972	 0.000050	 0.000000	 0.000049	1.091465	 1.066459	 0.010471	 0.000000	 0.007638
252	 0.004318	 0.004243	 0.000025	 0.000000	 0.000028	1.095783	 1.070702	 0.010496	 0.000000	 0.007666
253	 0.004444	 0.004323	 0.000048	 0.000000	 0.000049	1.100227	 1.075025	 0.010544	 0.000000	 0.007715
254	 0.004113	 0.004001	 0.000047	 0.000000	 0.000027	1.104340	 1.079026	 0.010591	 0.000000	 0.007742
255	 0.004553	 0.004456	 0.000035	 0.000000	 0.000028	1.108893	 1.083482	 0.010626	 0.000000	 0.007770
256	 0.004241	 0.004152	 0.000029	 0.000000	 0.000028	1.113134	 1.087634	 0.010655	 0.000000	 0.007798
257	 0.004284	 0.004194	 0.000029	 0.000000	 0.000029	1.117418	 1.091828	 0.010684	 0.000000	 0.007827
258	 0.004107	 0.004026	 0.000026	 0.000000	 0.000023	1.121525	 1.095854	 0.010710	 0.000000	 0.007850
259	 0.004144	 0.004063	 0.000026	 0.000000	 0.000022	1.125669	 1.099917	 0.010736	 0.000000	 0.007872
260	 0.004377	 0.004110	 0.000041	 0.000173	 0.000022	1.130046	 1.104027	 0.010777	 0.000173	 0.007894
261	 0.004603	 0.004229	 0.000061	 0.000225	 0.000053	1.134649	 1.108256	 0.010838	 0.000398	 0.007947
262	 0.004245	 0.003974	 0.000037	 0.000164	 0.000030	1.138894	 1.112230	 0.010875	 0.000562	 0.007977
263	 0.004766	 0.004534	 0.000028	 0.000133	 0.000030	1.143660	 1.116764	 0.010903	 0.000695	 0.008007
264	 0.004813	 0.004378	 0.000122	 0.000209	 0.000040	1.148473	 1.121142	 0.011025	 0.000904	 0.008047
265	 0.004573	 0.004214	 0.000032	 0.000259	 0.000031	1.153046	 1.125356	 0.011057	 0.001163	 0.008078
266	 0.004382	 0.004094	 0.000028	 0.000198	 0.000023	1.157428	 1.129450	 0.011085	 0.001361	 0.008101
267	 0.004027	 0.003836	 0.000027	 0.000102	 0.000022	1.161455	 1.133286	 0.011112	 0.001463	 0.008123
268	 0.004445	 0.004105	 0.000046	 0.000234	 0.000022	1.165900	 1.137391	 0.011158	 0.001697	 0.008145
269	 0.004055	 0.003801	 0.000034	 0.000168	 0.000023	1.169955	 1.141192	 0.011192	 0.001865	 0.008168
270	 0.004291	 0.003894	 0.000048	 0.000267	 0.000047	1.174246	 1.145086	 0.011240	 0.002132	 0.008215
271	 0.004582	 0.004351	 0.000027	 0.000140	 0.000032	1.178828	 1.149437	 0.011267	 0.002272	 0.008247
272	 0.004443	 0.004080	 0.000069	 0.000204	 0.000055	1.183271	 1.153517	 0.011336	 0.002476	 0.008302
273	 0.004985	 0.004481	 0.000038	 0.000403	 0.000030	1.188256	 1.157998	 0.011374	 0.002879	 0.008332
274	 0.004585	 0.004231	 0.000049	 0.000207	 0.000053	1.192841	 1.162229	 0.011423	 0.003086	 0.008385
275	 0.004501	 0.004103	 0.000028	 0.000311	 0.000031	1.197342	 1.166332	 0.011451	 0.003397	 0.008416
276	 0.004859	 0.004156	 0.000052	 0.000552	 0.000056	1.202201	 1.170488	 0.011503	 0.003949	 0.008472
277	 0.004727	 0.004390	 0.000030	 0.000246	 0.000031	1.206928	 1.174878	 0.011533	 0.004195	 0.008503
278	 0.004657	 0.004334	 0.000048	 0.000176	 0.000054	1.211585	 1.179212	 0.011581	 0.004371	 0.008557
279	 0.004564	 0.004299	 0.000028	 0.000178	 0.000030	1.216149	 1.183511	 0.011609	 0.004549	 0.008587
280	 0.004300	 0.003941	 0.000048	 0.000211	 0.000055	1.220449	 1.187452	 0.011657	 0.004760	 0.008642
281	 0.004409	 0.004045	 0.000043	 0.000251	 0.000030	1.224858	 1.191497	 0.011700	 0.005011	 0.008672
282	 0.004323	 0.003968	 0.000036	 0.000246	 0.000030	1.229181	 1.195465	 0.011736	 0.005257	 0.008702
283	 0.004374	 0.004068	 0.000030	 0.000215	 0.000024	1.233555	 1.199533	 0.011766	 0.005472	 0.008726
284	 0.004405	 0.004140	 0.000031	 0.000179	 0.000023	1.237960	 1.203673	 0.011797	 0.005651	 0.008749
285	 0.004630	 0.004211	 0.000048	 0.000285	 0.000053	1.242590	 1.207884	 0.011845	 0.005936	 0.008802
286	 0.004410	 0.004171	 0.000042	 0.000148	 0.000022	1.247000	 1.212055	 0.011887	 0.006084	 0.008824
287	 0.004422	 0.004104	 0.000061	 0.000176	 0.000048	1.251422	 1.216159	 0.011948	 0.006260	 0.008872
288	 0.004274	 0.004031	 0.000027	 0.000146	 0.000030	1.255696	 1.220190	 0.011975	 0.006406	 0.008902
289	 0.004402	 0.004028	 0.000027	 0.000289	 0.000030	1.260098	 1.224218	 0.012002	 0.006695	 0.008932
290	 0.004320	 0.004055	 0.000065	 0.000111	 0.000054	1.264418	 1.228273	 0.012067	 0.006806	 0.008986
291	 0.004284	 0.004072	 0.000039	 0.000112	 0.000032	1.268702	 1.232345	 0.012106	 0.006918	 0.009018
292	 0.005060	 0.004760	 0.000063	 0.000148	 0.000055	1.273762	 1.237105	 0.012169	 0.007066	 0.009073
293	 0.004408	 0.004126	 0.000042	 0.000177	 0.000025	1.278170	 1.241231	 0.012211	 0.007243	 0.009098
294	 0.004460	 0.004013	 0.000031	 0.000361	 0.000023	1.282630	 1.245244	 0.012242	 0.007604	 0.009121
295	 0.005205	 0.004542	 0.000064	 0.000507	 0.000046	1.287835	 1.249786	 0.012306	 0.008111	 0.009167
296	 0.004568	 0.004201	 0.000038	 0.000261	 0.000031	1.292403	 1.253987	 0.012344	 0.008372	 0.009198
297	 0.005114	 0.004572	 0.000034	 0.000439	 0.000030	1.297517	 1.258559	 0.012378	 0.008811	 0.009228
298	 0.004709	 0.004315	 0.000028	 0.000302	 0.000032	1.302226	 1.262874	 0.012406	 0.009113	 0.009260
299	 0.003995	 0.003671	 0.000049	 0.000186	 0.000053	1.306221	 1.266545	 0.012455	 0.009299	 0.009313
300	 0.004599	 0.004305	 0.000041	 0.000193	 0.000030	1.310820	 1.270850	 0.012496	 0.009492	 0.009343
301	 0.004338	 0.003744	 0.000060	 0.000445	 0.000052	1.315158	 1.274594	 0.012556	 0.009937	 0.009395
302	 0.004629	 0.004132	 0.000027	 0.000411	 0.000030	1.319787	 1.278726	 0.012583	 0.010348	 0.009425
303	 0.004676	 0.004201	 0.000049	 0.000340	 0.000055	1.324463	 1.282927	 0.012632	 0.010688	 0.009480
304	 0.005135	 0.004630	 0.000026	 0.000418	 0.000030	1.329598	 1.287557	 0.012658	 0.011106	 0.009510
305	 0.004611	 0.004203	 0.000046	 0.000269	 0.000053	1.334209	 1.291760	 0.012704	 0.011375	 0.009563
306	 0.004393	 0.004188	 0.000028	 0.000119	 0.000029	1.338602	 1.295948	 0.012732	 0.011494	 0.009592
307	 0.004664	 0.004292	 0.000051	 0.000234	 0.000054	1.343266	 1.300240	 0.012783	 0.011728	 0.009646
308	 0.004437	 0.003990	 0.000040	 0.000348	 0.000030	1.347703	 1.304230	 0.012823	 0.012076	 0.009676
309	 0.004627	 0.004201	 0.000059	 0.000281	 0.000054	1.352330	 1.308431	 0.012882	 0.012357	 0.009730
310	 0.004647	 0.004024	 0.000026	 0.000539	 0.000029	1.356977	 1.312455	 0.012908	 0.012896	 0.009759
311	 0.004625	 0.004059	 0.000047	 0.000429	 0.000054	1.361602	 1.316514	 0.012955	 0.013325	 0.009813
312	 0.005203	 0.004458	 0.000026	 0.000657	 0.000030	1.366805	 1.320972	 0.012981	 0.013982	 0.009843
313	 0.005046	 0.004195	 0.000068	 0.000693	 0.000053	1.371851	 1.325167	 0.013049	 0.014675	 0.009896
314	 0.004788	 0.004313	 0.000028	 0.000371	 0.000031	1.376639	 1.329480	 0.013077	 0.015046	 0.009927
315	 0.005165	 0.004668	 0.000084	 0.000331	 0.000033	1.381804	 1.334148	 0.013161	 0.015377	 0.009960
316	 0.004602	 0.004185	 0.000033	 0.000311	 0.000032	1.386406	 1.338333	 0.013194	 0.015688	 0.009992
317	 0.004655	 0.004317	 0.000027	 0.000239	 0.000032	1.391061	 1.342650	 0.013221	 0.015927	 0.010024
318	 0.004546	 0.004185	 0.000049	 0.000241	 0.000026	1.395607	 1.346835	 0.013270	 0.016168	 0.010050
319	 0.004380	 0.004125	 0.000028	 0.000164	 0.000024	1.399987	 1.350960	 0.013298	 0.016332	 0.010074
320	 0.004790	 0.004428	 0.000027	 0.000275	 0.000022	1.404777	 1.355388	 0.013325	 0.016607	 0.010096
321	 0.005453	 0.005166	 0.000026	 0.000201	 0.000022	1.410230	 1.360554	 0.013351	 0.016808	 0.010118
322	 0.005429	 0.004943	 0.000056	 0.000362	 0.000023	1.415659	 1.365497	 0.013407	 0.017170	 0.010141
323	 0.005264	 0.004918	 0.000033	 0.000240	 0.000030	1.420923	 1.370415	 0.013440	 0.017410	 0.010171
324	 0.006233	 0.005746	 0.000083	 0.000327	 0.000033	1.427156	 1.376161	 0.013523	 0.017737	 0.010204
325	 0.005195	 0.004723	 0.000068	 0.000287	 0.000062	1.432351	 1.380884	 0.013591	 0.018024	 0.010266
326	 0.004560	 0.004323	 0.000050	 0.000124	 0.000031	1.436911	 1.385207	 0.013641	 0.018148	 0.010297
327	 0.004521	 0.004033	 0.000069	 0.000326	 0.000055	1.441432	 1.389240	 0.013710	 0.018474	 0.010352
328	 0.004678	 0.004129	 0.000040	 0.000445	 0.000033	1.446110	 1.393369	 0.013750	 0.018919	 0.010385
329	 0.004230	 0.003957	 0.000050	 0.000126	 0.000054	1.450340	 1.397326	 0.013800	 0.019045	 0.010439
330	 0.004844	 0.004335	 0.000029	 0.000373	 0.000078	1.455184	 1.401661	 0.013829	 0.019418	 0.010517
331	 0.004863	 0.004246	 0.000057	 0.000455	 0.000053	1.460047	 1.405907	 0.013886	 0.019873	 0.010570
332	 0.004325	 0.004020	 0.000029	 0.000210	 0.000032	1.464372	 1.409927	 0.013915	 0.020083	 0.010602
333	 0.004877	 0.004277	 0.000046	 0.000454	 0.000055	1.469249	 1.414204	 0.013961	 0.020537	 0.010657
334	 0.004569	 0.004308	 0.000026	 0.000169	 0.000033	1.473818	 1.418512	 0.013987	 0.020706	 0.010690
335	 0.004481	 0.004128	 0.000048	 0.000210	 0.000054	1.478299	 1.422640	 0.014035	 0.020916	 0.010744
336	 0.005564	 0.004889	 0.000028	 0.000584	 0.000031	1.483863	 1.427529	 0.014063	 0.021500	 0.010775
337	 0.004276	 0.003813	 0.000075	 0.000297	 0.000057	1.488139	 1.431342	 0.014138	 0.021797	 0.010832
338	 0.004261	 0.003995	 0.000039	 0.000156	 0.000030	1.492400	 1.435337	 0.014177	 0.021953	 0.010862
339	 0.004474	 0.003912	 0.000029	 0.000466	 0.000030	1.496874	 1.439249	 0.014206	 0.022419	 0.010892
340	 0.004506	 0.004195	 0.000029	 0.000213	 0.000031	1.501380	 1.443444	 0.014235	 0.022632	 0.010923
341	 0.004206	 0.003725	 0.000037	 0.000382	 0.000030	1.505586	 1.447169	 0.014272	 0.023014	 0.010953
342	 0.004337	 0.004034	 0.000050	 0.000175	 0.000045	1.509923	 1.451203	 0.014322	 0.023189	 0.010998
343	 0.004888	 0.004477	 0.000037	 0.000302	 0.000030	1.514811	 1.455680	 0.014359	 0.023491	 0.011028
344	 0.004911	 0.004421	 0.000031	 0.000387	 0.000032	1.519722	 1.460101	 0.014390	 0.023878	 0.011060
345	 0.004031	 0.003719	 0.000026	 0.000218	 0.000030	1.523753	 1.463820	 0.014416	 0.024096	 0.011090
346	 0.004453	 0.004014	 0.000026	 0.000347	 0.000031	1.528206	 1.467834	 0.014442	 0.024443	 0.011121
347	 0.004893	 0.004208	 0.000026	 0.000599	 0.000023	1.533099	 1.472042	 0.014468	 0.025042	 0.011144
348	 0.004102	 0.003765	 0.000026	 0.000260	 0.000024	1.537201	 1.475807	 0.014494	 0.025302	 0.011168
349	 0.004708	 0.004045	 0.000061	 0.000522	 0.000045	1.541909	 1.479852	 0.014555	 0.025824	 0.011213
350	 0.004641	 0.003910	 0.000038	 0.000619	 0.000031	1.546550	 1.483762	 0.014593	 0.026443	 0.011244
351	 0.004707	 0.004300	 0.000031	 0.000306	 0.000033	1.551257	 1.488062	 0.014624	 0.026749	 0.011277
352	 0.004285	 0.004012	 0.000027	 0.000177	 0.000030	1.555542	 1.492074	 0.014651	 0.026926	 0.011307
353	 0.004620	 0.004345	 0.000026	 0.000177	 0.000031	1.560162	 1.496419	 0.014677	 0.027103	 0.011338
354	 0.004642	 0.004157	 0.000028	 0.000396	 0.000023	1.564804	 1.500576	 0.014705	 0.027499	 0.011361
355	 0.004646	 0.004218	 0.000027	 0.000348	 0.000024	1.569450	 1.504794	 0.014732	 0.027847	 0.011385
356	 0.005530	 0.004948	 0.000048	 0.000446	 0.000046	1.574980	 1.509742	 0.014780	 0.028293	 0.011431
357	 0.004541	 0.004001	 0.000028	 0.000440	 0.000033	1.579521	 1.513743	 0.014808	 0.028733	 0.011464
358	 0.004515	 0.004012	 0.000043	 0.000399	 0.000029	1.584036	 1.517755	 0.014851	 0.029132	 0.011493
359	 0.004735	 0.004184	 0.000058	 0.000394	 0.000051	1.588771	 1.521939	 0.014909	 0.029526	 0.011544
360	 0.004683	 0.004052	 0.000037	 0.000528	 0.000030	1.593454	 1.525991	 0.014946	 0.030054	 0.011574
361	 0.004443	 0.004108	 0.000036	 0.000226	 0.000031	1.597897	 1.530099	 0.014982	 0.030280	 0.011605
362	 0.004765	 0.004348	 0.000036	 0.000312	 0.000029	1.602662	 1.534447	 0.015018	 0.030592	 0.011634
363	 0.004583	 0.004002	 0.000038	 0.000466	 0.000033	1.607245	 1.538449	 0.015056	 0.031058	 0.011667
364	 0.004470	 0.004099	 0.000030	 0.000273	 0.000030	1.611715	 1.542548	 0.015086	 0.031331	 0.011697
365	 0.004452	 0.003939	 0.000037	 0.000406	 0.000030	1.616167	 1.546487	 0.015123	 0.031737	 0.011727
366	 0.004441	 0.004010	 0.000036	 0.000323	 0.000031	1.620608	 1.550497	 0.015159	 0.032060	 0.011758
367	 0.004529	 0.004298	 0.000030	 0.000139	 0.000023	1.625137	 1.554795	 0.015189	 0.032199	 0.011781
368	 0.004556	 0.004291	 0.000028	 0.000184	 0.000024	1.629693	 1.559086	 0.015217	 0.032383	 0.011805
369	 0.004705	 0.004117	 0.000051	 0.000458	 0.000046	1.634398	 1.563203	 0.015268	 0.032841	 0.011851
370	 0.004579	 0.004306	 0.000027	 0.000187	 0.000030	1.638977	 1.567509	 0.015295	 0.033028	 0.011881
371	 0.005222	 0.004754	 0.000051	 0.000327	 0.000056	1.644199	 1.572263	 0.015346	 0.033355	 0.011937
372	 0.005078	 0.004399	 0.000048	 0.000555	 0.000031	1.649277	 1.576662	 0.015394	 0.033910	 0.011968
373	 0.004295	 0.003966	 0.000035	 0.000226	 0.000031	1.653572	 1.580628	 0.015429	 0.034136	 0.011999
374	 0.004625	 0.004244	 0.000031	 0.000281	 0.000030	1.658197	 1.584872	 0.015460	 0.034417	 0.012029
375	 0.004558	 0.004084	 0.000028	 0.000376	 0.000032	1.662755	 1.588956	 0.015488	 0.034793	 0.012061
376	 0.004591	 0.004347	 0.000029	 0.000146	 0.000026	1.667346	 1.593303	 0.015517	 0.034939	 0.012087
377	 0.004204	 0.003966	 0.000028	 0.000147	 0.000023	1.671550	 1.597269	 0.015545	 0.035086	 0.012110
378	 0.004496	 0.003980	 0.000027	 0.000427	 0.000026	1.676046	 1.601249	 0.015572	 0.035513	 0.012136
379	 0.004397	 0.004067	 0.000027	 0.000242	 0.000023	1.680443	 1.605316	 0.015599	 0.035755	 0.012159
380	 0.004461	 0.004213	 0.000039	 0.000148	 0.000023	1.684904	 1.609529	 0.015638	 0.035903	 0.012182
381	 0.004321	 0.003931	 0.000029	 0.000287	 0.000031	1.689225	 1.613460	 0.015667	 0.036190	 0.012213
382	 0.004348	 0.003961	 0.000037	 0.000289	 0.000032	1.693573	 1.617421	 0.015704	 0.036479	 0.012245
383	 0.005001	 0.004333	 0.000053	 0.000525	 0.000055	1.698574	 1.621754	 0.015757	 0.037004	 0.012300
384	 0.004857	 0.004243	 0.000029	 0.000525	 0.000032	1.703431	 1.625997	 0.015786	 0.037529	 0.012332
385	 0.004178	 0.003780	 0.000064	 0.000243	 0.000053	1.707609	 1.629777	 0.015850	 0.037772	 0.012385
386	 0.004652	 0.004058	 0.000038	 0.000499	 0.000030	1.712261	 1.633835	 0.015888	 0.038271	 0.012415
387	 0.004679	 0.004335	 0.000059	 0.000198	 0.000053	1.716940	 1.638170	 0.015947	 0.038469	 0.012468
388	 0.004477	 0.004087	 0.000038	 0.000296	 0.000030	1.721417	 1.642257	 0.015985	 0.038765	 0.012498
389	 0.004711	 0.004270	 0.000061	 0.000294	 0.000053	1.726128	 1.646527	 0.016046	 0.039059	 0.012551
390	 0.004464	 0.004084	 0.000028	 0.000295	 0.000031	1.730592	 1.650611	 0.016074	 0.039354	 0.012582
391	 0.005113	 0.004279	 0.000066	 0.000680	 0.000055	1.735705	 1.654890	 0.016140	 0.040034	 0.012637
392	 0.004426	 0.004188	 0.000028	 0.000150	 0.000033	1.740131	 1.659078	 0.016168	 0.040184	 0.012670
393	 0.004554	 0.003975	 0.000047	 0.000442	 0.000054	1.744685	 1.663053	 0.016215	 0.040626	 0.012724
394	 0.004713	 0.004027	 0.000028	 0.000598	 0.000032	1.749398	 1.667080	 0.016243	 0.041224	 0.012756
395	 0.005082	 0.004355	 0.000046	 0.000593	 0.000052	1.754480	 1.671435	 0.016289	 0.041817	 0.012808
396	 0.005126	 0.004051	 0.000029	 0.000984	 0.000031	1.759606	 1.675486	 0.016318	 0.042801	 0.012839
397	 0.004030	 0.003688	 0.000048	 0.000204	 0.000055	1.763636	 1.679174	 0.016366	 0.043005	 0.012894
398	 0.004775	 0.004230	 0.000028	 0.000458	 0.000032	1.768411	 1.683404	 0.016394	 0.043463	 0.012926
399	 0.004574	 0.003692	 0.000049	 0.000744	 0.000056	1.772985	 1.687096	 0.016443	 0.044207	 0.012982
400	 0.004719	 0.004035	 0.000026	 0.000601	 0.000029	1.777704	 1.691131	 0.016469	 0.044808	 0.013011
401	 0.004994	 0.004258	 0.000049	 0.000598	 0.000053	1.782698	 1.695389	 0.016518	 0.045406	 0.013064
402	 0.005803	 0.004216	 0.000028	 0.001499	 0.000031	1.788501	 1.699605	 0.016546	 0.046905	 0.013095
403	 0.004572	 0.003723	 0.000046	 0.000713	 0.000054	1.793073	 1.703328	 0.016592	 0.047618	 0.013149
404	 0.004982	 0.004232	 0.000029	 0.000661	 0.000031	1.798055	 1.707560	 0.016621	 0.048279	 0.013180
405	 0.005836	 0.004058	 0.000072	 0.001615	 0.000054	1.803891	 1.711618	 0.016693	 0.049894	 0.013234
406	 0.006538	 0.004665	 0.000039	 0.001763	 0.000031	1.810429	 1.716283	 0.016732	 0.051657	 0.013265
407	 0.006379	 0.004111	 0.000041	 0.002159	 0.000033	1.816808	 1.720394	 0.016773	 0.053816	 0.013298
408	 0.006179	 0.004425	 0.000065	 0.001590	 0.000058	1.822987	 1.724819	 0.016838	 0.055406	 0.013356
409	 0.007512	 0.005077	 0.000038	 0.002325	 0.000031	1.830499	 1.729896	 0.016876	 0.057731	 0.013387
410	 0.006185	 0.004615	 0.000030	 0.001474	 0.000025	1.836684	 1.734511	 0.016906	 0.059205	 0.013412
411	 0.005962	 0.004980	 0.000094	 0.000800	 0.000030	1.842646	 1.739491	 0.017000	 0.060005	 0.013442
412	 0.007992	 0.006542	 0.000047	 0.001313	 0.000040	1.850638	 1.746033	 0.017047	 0.061318	 0.013482
413	 0.008585	 0.006373	 0.000152	 0.001933	 0.000055	1.859223	 1.752406	 0.017199	 0.063251	 0.013537
