Iter	 Iter_time	 Master	 Subprob	 Full_Test	 argmax	Iter_acc	 Master_acc	 Subprob_acc	 Full_Test_acc	 argmax_acc
1	 0.000635	 0.000414	 0.000129	 0.000000	 0.000063	0.000635	 0.000414	 0.000129	 0.000000	 0.000063
2	 0.004262	 0.004072	 0.000104	 0.000000	 0.000053	0.004897	 0.004486	 0.000233	 0.000000	 0.000116
3	 0.003648	 0.003507	 0.000062	 0.000000	 0.000050	0.008545	 0.007993	 0.000295	 0.000000	 0.000166
4	 0.003629	 0.003446	 0.000110	 0.000000	 0.000030	0.012174	 0.011439	 0.000405	 0.000000	 0.000196
5	 0.003731	 0.003608	 0.000050	 0.000000	 0.000052	0.015905	 0.015047	 0.000455	 0.000000	 0.000248
6	 0.004180	 0.004039	 0.000079	 0.000000	 0.000028	0.020085	 0.019086	 0.000534	 0.000000	 0.000276
7	 0.003844	 0.003728	 0.000069	 0.000000	 0.000019	0.023929	 0.022814	 0.000603	 0.000000	 0.000295
8	 0.003278	 0.003158	 0.000072	 0.000000	 0.000024	0.027207	 0.025972	 0.000675	 0.000000	 0.000319
9	 0.003427	 0.003329	 0.000063	 0.000000	 0.000012	0.030634	 0.029301	 0.000738	 0.000000	 0.000331
10	 0.003290	 0.003180	 0.000052	 0.000000	 0.000024	0.033924	 0.032481	 0.000790	 0.000000	 0.000355
11	 0.003036	 0.002945	 0.000050	 0.000000	 0.000023	0.036960	 0.035426	 0.000840	 0.000000	 0.000378
12	 0.003341	 0.003222	 0.000068	 0.000000	 0.000032	0.040301	 0.038648	 0.000908	 0.000000	 0.000410
13	 0.003096	 0.003031	 0.000037	 0.000000	 0.000012	0.043397	 0.041679	 0.000945	 0.000000	 0.000422
14	 0.003167	 0.003068	 0.000053	 0.000000	 0.000023	0.046564	 0.044747	 0.000998	 0.000000	 0.000445
15	 0.002895	 0.002834	 0.000023	 0.000000	 0.000014	0.049459	 0.047581	 0.001021	 0.000000	 0.000459
16	 0.003235	 0.003182	 0.000022	 0.000000	 0.000014	0.052694	 0.050763	 0.001043	 0.000000	 0.000473
17	 0.003264	 0.003156	 0.000061	 0.000000	 0.000025	0.055958	 0.053919	 0.001104	 0.000000	 0.000498
18	 0.004204	 0.004133	 0.000037	 0.000000	 0.000014	0.060162	 0.058052	 0.001141	 0.000000	 0.000512
19	 0.003275	 0.003151	 0.000068	 0.000000	 0.000029	0.063437	 0.061203	 0.001209	 0.000000	 0.000541
20	 0.003570	 0.003503	 0.000034	 0.000000	 0.000015	0.067007	 0.064706	 0.001243	 0.000000	 0.000556
21	 0.003268	 0.003158	 0.000061	 0.000000	 0.000027	0.070275	 0.067864	 0.001304	 0.000000	 0.000583
22	 0.003230	 0.003167	 0.000032	 0.000000	 0.000014	0.073505	 0.071031	 0.001336	 0.000000	 0.000597
23	 0.003037	 0.002939	 0.000042	 0.000000	 0.000025	0.076542	 0.073970	 0.001378	 0.000000	 0.000622
24	 0.003603	 0.003536	 0.000024	 0.000000	 0.000024	0.080145	 0.077506	 0.001402	 0.000000	 0.000646
25	 0.003594	 0.003458	 0.000060	 0.000000	 0.000040	0.083739	 0.080964	 0.001462	 0.000000	 0.000686
26	 0.003569	 0.003504	 0.000027	 0.000000	 0.000018	0.087308	 0.084468	 0.001489	 0.000000	 0.000704
27	 0.003453	 0.003353	 0.000041	 0.000000	 0.000026	0.090761	 0.087821	 0.001530	 0.000000	 0.000730
28	 0.003167	 0.003105	 0.000027	 0.000000	 0.000017	0.093928	 0.090926	 0.001557	 0.000000	 0.000747
29	 0.003028	 0.002941	 0.000041	 0.000000	 0.000027	0.096956	 0.093867	 0.001598	 0.000000	 0.000774
30	 0.003139	 0.003062	 0.000044	 0.000000	 0.000017	0.100095	 0.096929	 0.001642	 0.000000	 0.000791
31	 0.003427	 0.003325	 0.000055	 0.000000	 0.000027	0.103522	 0.100254	 0.001697	 0.000000	 0.000818
32	 0.003098	 0.003037	 0.000026	 0.000000	 0.000016	0.106620	 0.103291	 0.001723	 0.000000	 0.000834
33	 0.002991	 0.002888	 0.000055	 0.000000	 0.000029	0.109611	 0.106179	 0.001778	 0.000000	 0.000863
34	 0.003013	 0.002945	 0.000034	 0.000000	 0.000016	0.112624	 0.109124	 0.001812	 0.000000	 0.000879
35	 0.003584	 0.003485	 0.000051	 0.000000	 0.000028	0.116208	 0.112609	 0.001863	 0.000000	 0.000907
36	 0.003350	 0.003278	 0.000037	 0.000000	 0.000017	0.119558	 0.115887	 0.001900	 0.000000	 0.000924
37	 0.003377	 0.003274	 0.000055	 0.000000	 0.000028	0.122935	 0.119161	 0.001955	 0.000000	 0.000952
38	 0.003262	 0.003191	 0.000035	 0.000000	 0.000017	0.126197	 0.122352	 0.001990	 0.000000	 0.000969
39	 0.003479	 0.003378	 0.000045	 0.000000	 0.000028	0.129676	 0.125730	 0.002035	 0.000000	 0.000997
40	 0.003304	 0.003237	 0.000033	 0.000000	 0.000016	0.132980	 0.128967	 0.002068	 0.000000	 0.001013
41	 0.003549	 0.003439	 0.000053	 0.000000	 0.000027	0.136529	 0.132406	 0.002121	 0.000000	 0.001040
42	 0.003482	 0.003416	 0.000033	 0.000000	 0.000016	0.140011	 0.135822	 0.002154	 0.000000	 0.001056
43	 0.003257	 0.003145	 0.000057	 0.000000	 0.000032	0.143268	 0.138967	 0.002211	 0.000000	 0.001088
44	 0.003822	 0.003737	 0.000041	 0.000000	 0.000019	0.147090	 0.142704	 0.002252	 0.000000	 0.001107
45	 0.003416	 0.003299	 0.000062	 0.000000	 0.000032	0.150506	 0.146003	 0.002314	 0.000000	 0.001139
46	 0.003064	 0.002994	 0.000034	 0.000000	 0.000016	0.153570	 0.148997	 0.002348	 0.000000	 0.001155
47	 0.003624	 0.003518	 0.000053	 0.000000	 0.000032	0.157194	 0.152515	 0.002401	 0.000000	 0.001187
48	 0.003168	 0.003097	 0.000034	 0.000000	 0.000018	0.160362	 0.155612	 0.002435	 0.000000	 0.001205
49	 0.003698	 0.003591	 0.000052	 0.000000	 0.000033	0.164060	 0.159203	 0.002487	 0.000000	 0.001238
50	 0.003398	 0.003328	 0.000034	 0.000000	 0.000018	0.167458	 0.162531	 0.002521	 0.000000	 0.001256
51	 0.003231	 0.003126	 0.000052	 0.000000	 0.000032	0.170689	 0.165657	 0.002573	 0.000000	 0.001288
52	 0.003477	 0.003416	 0.000025	 0.000000	 0.000018	0.174166	 0.169073	 0.002598	 0.000000	 0.001306
53	 0.003397	 0.003287	 0.000056	 0.000000	 0.000033	0.177563	 0.172360	 0.002654	 0.000000	 0.001339
54	 0.003316	 0.003246	 0.000034	 0.000000	 0.000018	0.180879	 0.175606	 0.002688	 0.000000	 0.001357
55	 0.003396	 0.003290	 0.000054	 0.000000	 0.000033	0.184275	 0.178896	 0.002742	 0.000000	 0.001390
56	 0.003036	 0.002967	 0.000034	 0.000000	 0.000018	0.187311	 0.181863	 0.002776	 0.000000	 0.001408
57	 0.003559	 0.003455	 0.000051	 0.000000	 0.000033	0.190870	 0.185318	 0.002827	 0.000000	 0.001441
58	 0.003468	 0.003390	 0.000031	 0.000000	 0.000017	0.194338	 0.188708	 0.002858	 0.000000	 0.001458
59	 0.003122	 0.003059	 0.000029	 0.000000	 0.000016	0.197460	 0.191767	 0.002887	 0.000000	 0.001474
60	 0.003231	 0.003123	 0.000050	 0.000000	 0.000029	0.200691	 0.194890	 0.002937	 0.000000	 0.001503
61	 0.003293	 0.003212	 0.000036	 0.000000	 0.000028	0.203984	 0.198102	 0.002973	 0.000000	 0.001531
62	 0.003154	 0.003036	 0.000053	 0.000000	 0.000042	0.207138	 0.201138	 0.003026	 0.000000	 0.001573
63	 0.003414	 0.003342	 0.000035	 0.000000	 0.000018	0.210552	 0.204480	 0.003061	 0.000000	 0.001591
64	 0.003343	 0.003237	 0.000052	 0.000000	 0.000032	0.213895	 0.207717	 0.003113	 0.000000	 0.001623
65	 0.003217	 0.003155	 0.000025	 0.000000	 0.000019	0.217112	 0.210872	 0.003138	 0.000000	 0.001642
66	 0.003446	 0.003342	 0.000052	 0.000000	 0.000032	0.220558	 0.214214	 0.003190	 0.000000	 0.001674
67	 0.003604	 0.003528	 0.000033	 0.000000	 0.000018	0.224162	 0.217742	 0.003223	 0.000000	 0.001692
68	 0.003470	 0.003402	 0.000031	 0.000000	 0.000019	0.227632	 0.221144	 0.003254	 0.000000	 0.001711
69	 0.003551	 0.003437	 0.000053	 0.000000	 0.000033	0.231183	 0.224581	 0.003307	 0.000000	 0.001744
70	 0.003463	 0.003405	 0.000023	 0.000000	 0.000018	0.234646	 0.227986	 0.003330	 0.000000	 0.001762
71	 0.003952	 0.003839	 0.000054	 0.000000	 0.000037	0.238598	 0.231825	 0.003384	 0.000000	 0.001799
72	 0.003320	 0.003260	 0.000023	 0.000000	 0.000020	0.241918	 0.235085	 0.003407	 0.000000	 0.001819
73	 0.003365	 0.003255	 0.000054	 0.000000	 0.000036	0.245283	 0.238340	 0.003461	 0.000000	 0.001855
74	 0.002985	 0.002913	 0.000034	 0.000000	 0.000019	0.248268	 0.241253	 0.003495	 0.000000	 0.001874
75	 0.003414	 0.003317	 0.000044	 0.000000	 0.000035	0.251682	 0.244570	 0.003539	 0.000000	 0.001909
76	 0.003090	 0.003031	 0.000022	 0.000000	 0.000020	0.254772	 0.247601	 0.003561	 0.000000	 0.001929
77	 0.003287	 0.003191	 0.000040	 0.000000	 0.000035	0.258059	 0.250792	 0.003601	 0.000000	 0.001964
78	 0.003437	 0.003374	 0.000026	 0.000000	 0.000018	0.261496	 0.254166	 0.003627	 0.000000	 0.001982
79	 0.003197	 0.003094	 0.000046	 0.000000	 0.000034	0.264693	 0.257260	 0.003673	 0.000000	 0.002016
80	 0.003023	 0.002949	 0.000037	 0.000000	 0.000020	0.267716	 0.260209	 0.003710	 0.000000	 0.002036
81	 0.003653	 0.003541	 0.000052	 0.000000	 0.000038	0.271369	 0.263750	 0.003762	 0.000000	 0.002074
82	 0.003284	 0.003204	 0.000027	 0.000000	 0.000030	0.274653	 0.266954	 0.003789	 0.000000	 0.002104
83	 0.003636	 0.003537	 0.000040	 0.000000	 0.000038	0.278289	 0.270491	 0.003829	 0.000000	 0.002142
84	 0.003031	 0.002953	 0.000040	 0.000000	 0.000020	0.281320	 0.273444	 0.003869	 0.000000	 0.002162
85	 0.003264	 0.003147	 0.000045	 0.000000	 0.000038	0.284584	 0.276591	 0.003914	 0.000000	 0.002200
86	 0.003183	 0.003111	 0.000034	 0.000000	 0.000020	0.287767	 0.279702	 0.003948	 0.000000	 0.002220
87	 0.003651	 0.003537	 0.000054	 0.000000	 0.000039	0.291418	 0.283239	 0.004002	 0.000000	 0.002259
88	 0.003032	 0.002969	 0.000024	 0.000000	 0.000020	0.294450	 0.286208	 0.004026	 0.000000	 0.002279
89	 0.003876	 0.003765	 0.000043	 0.000000	 0.000037	0.298326	 0.289973	 0.004069	 0.000000	 0.002316
90	 0.002904	 0.002835	 0.000031	 0.000000	 0.000020	0.301230	 0.292808	 0.004100	 0.000000	 0.002336
91	 0.003310	 0.003210	 0.000041	 0.000000	 0.000036	0.304540	 0.296018	 0.004141	 0.000000	 0.002372
92	 0.003429	 0.003357	 0.000034	 0.000000	 0.000019	0.307969	 0.299375	 0.004175	 0.000000	 0.002391
93	 0.003260	 0.003147	 0.000053	 0.000000	 0.000037	0.311229	 0.302522	 0.004228	 0.000000	 0.002428
94	 0.002697	 0.002627	 0.000023	 0.000000	 0.000021	0.313926	 0.305149	 0.004251	 0.000000	 0.002449
95	 0.003134	 0.003072	 0.000023	 0.000000	 0.000020	0.317060	 0.308221	 0.004274	 0.000000	 0.002469
96	 0.003663	 0.003563	 0.000043	 0.000000	 0.000038	0.320723	 0.311784	 0.004317	 0.000000	 0.002507
97	 0.004401	 0.004325	 0.000036	 0.000000	 0.000021	0.325124	 0.316109	 0.004353	 0.000000	 0.002528
98	 0.003482	 0.003368	 0.000053	 0.000000	 0.000041	0.328606	 0.319477	 0.004406	 0.000000	 0.002569
99	 0.003930	 0.003853	 0.000035	 0.000000	 0.000021	0.332536	 0.323330	 0.004441	 0.000000	 0.002590
100	 0.003729	 0.003584	 0.000071	 0.000000	 0.000046	0.336265	 0.326914	 0.004512	 0.000000	 0.002636
101	 0.003488	 0.003394	 0.000044	 0.000000	 0.000024	0.339753	 0.330308	 0.004556	 0.000000	 0.002660
102	 0.003188	 0.003065	 0.000051	 0.000000	 0.000045	0.342941	 0.333373	 0.004607	 0.000000	 0.002705
103	 0.003821	 0.003746	 0.000026	 0.000000	 0.000024	0.346762	 0.337119	 0.004633	 0.000000	 0.002729
104	 0.005069	 0.004822	 0.000120	 0.000000	 0.000082	0.351831	 0.341941	 0.004753	 0.000000	 0.002811
105	 0.003707	 0.003622	 0.000041	 0.000000	 0.000023	0.355538	 0.345563	 0.004794	 0.000000	 0.002834
106	 0.003232	 0.003118	 0.000053	 0.000000	 0.000040	0.358770	 0.348681	 0.004847	 0.000000	 0.002874
107	 0.003162	 0.003093	 0.000026	 0.000000	 0.000022	0.361932	 0.351774	 0.004873	 0.000000	 0.002896
108	 0.003763	 0.003640	 0.000056	 0.000000	 0.000042	0.365695	 0.355414	 0.004929	 0.000000	 0.002938
109	 0.003782	 0.003672	 0.000051	 0.000000	 0.000028	0.369477	 0.359086	 0.004980	 0.000000	 0.002966
110	 0.003942	 0.003779	 0.000086	 0.000000	 0.000047	0.373419	 0.362865	 0.005066	 0.000000	 0.003013
111	 0.003293	 0.003198	 0.000044	 0.000000	 0.000025	0.376712	 0.366063	 0.005110	 0.000000	 0.003038
112	 0.004489	 0.004370	 0.000048	 0.000000	 0.000045	0.381201	 0.370433	 0.005158	 0.000000	 0.003083
113	 0.003227	 0.003132	 0.000047	 0.000000	 0.000025	0.384428	 0.373565	 0.005205	 0.000000	 0.003108
114	 0.003907	 0.003792	 0.000053	 0.000000	 0.000041	0.388335	 0.377357	 0.005258	 0.000000	 0.003149
115	 0.003361	 0.003283	 0.000036	 0.000000	 0.000024	0.391696	 0.380640	 0.005294	 0.000000	 0.003173
116	 0.003261	 0.003130	 0.000052	 0.000000	 0.000043	0.394957	 0.383770	 0.005346	 0.000000	 0.003216
117	 0.003971	 0.003892	 0.000035	 0.000000	 0.000022	0.398928	 0.387662	 0.005381	 0.000000	 0.003238
118	 0.003580	 0.003406	 0.000078	 0.000000	 0.000050	0.402508	 0.391068	 0.005459	 0.000000	 0.003288
119	 0.003676	 0.003582	 0.000038	 0.000000	 0.000035	0.406184	 0.394650	 0.005497	 0.000000	 0.003323
120	 0.003090	 0.002961	 0.000057	 0.000000	 0.000053	0.409274	 0.397611	 0.005554	 0.000000	 0.003376
121	 0.003602	 0.003502	 0.000034	 0.000000	 0.000031	0.412876	 0.401113	 0.005588	 0.000000	 0.003407
122	 0.003809	 0.003683	 0.000048	 0.000000	 0.000039	0.416685	 0.404796	 0.005636	 0.000000	 0.003446
123	 0.003779	 0.003676	 0.000037	 0.000000	 0.000039	0.420464	 0.408472	 0.005673	 0.000000	 0.003485
124	 0.004797	 0.004666	 0.000048	 0.000000	 0.000057	0.425261	 0.413138	 0.005721	 0.000000	 0.003542
125	 0.003611	 0.003468	 0.000050	 0.000000	 0.000058	0.428872	 0.416606	 0.005771	 0.000000	 0.003600
126	 0.003461	 0.003299	 0.000076	 0.000000	 0.000060	0.432333	 0.419905	 0.005847	 0.000000	 0.003660
127	 0.003256	 0.003157	 0.000046	 0.000000	 0.000032	0.435589	 0.423062	 0.005893	 0.000000	 0.003692
128	 0.003375	 0.003238	 0.000049	 0.000000	 0.000050	0.438964	 0.426300	 0.005942	 0.000000	 0.003742
129	 0.003927	 0.003854	 0.000028	 0.000000	 0.000023	0.442891	 0.430154	 0.005970	 0.000000	 0.003765
130	 0.003143	 0.003000	 0.000076	 0.000000	 0.000046	0.446034	 0.433154	 0.006046	 0.000000	 0.003811
131	 0.003340	 0.003265	 0.000030	 0.000000	 0.000025	0.449374	 0.436419	 0.006076	 0.000000	 0.003836
132	 0.003415	 0.003295	 0.000053	 0.000000	 0.000046	0.452789	 0.439714	 0.006129	 0.000000	 0.003882
133	 0.003368	 0.003292	 0.000034	 0.000000	 0.000024	0.456157	 0.443006	 0.006163	 0.000000	 0.003906
134	 0.003325	 0.003213	 0.000045	 0.000000	 0.000047	0.459482	 0.446219	 0.006208	 0.000000	 0.003953
135	 0.003247	 0.003182	 0.000023	 0.000000	 0.000024	0.462729	 0.449401	 0.006231	 0.000000	 0.003977
136	 0.003422	 0.003318	 0.000042	 0.000000	 0.000044	0.466151	 0.452719	 0.006273	 0.000000	 0.004021
137	 0.003197	 0.003121	 0.000034	 0.000000	 0.000024	0.469348	 0.455840	 0.006307	 0.000000	 0.004045
138	 0.003229	 0.003109	 0.000051	 0.000000	 0.000047	0.472577	 0.458949	 0.006358	 0.000000	 0.004092
139	 0.003644	 0.003568	 0.000032	 0.000000	 0.000025	0.476221	 0.462517	 0.006390	 0.000000	 0.004117
140	 0.004109	 0.003977	 0.000051	 0.000000	 0.000048	0.480330	 0.466494	 0.006441	 0.000000	 0.004165
141	 0.004260	 0.004172	 0.000041	 0.000000	 0.000025	0.484590	 0.470666	 0.006482	 0.000000	 0.004190
142	 0.004275	 0.004150	 0.000056	 0.000000	 0.000047	0.488865	 0.474816	 0.006538	 0.000000	 0.004237
143	 0.003791	 0.003713	 0.000033	 0.000000	 0.000025	0.492656	 0.478529	 0.006571	 0.000000	 0.004262
144	 0.003456	 0.003305	 0.000065	 0.000000	 0.000062	0.496112	 0.481834	 0.006636	 0.000000	 0.004324
145	 0.003605	 0.003524	 0.000034	 0.000000	 0.000026	0.499717	 0.485358	 0.006670	 0.000000	 0.004350
146	 0.003505	 0.003375	 0.000060	 0.000000	 0.000049	0.503222	 0.488733	 0.006730	 0.000000	 0.004399
147	 0.003308	 0.003232	 0.000032	 0.000000	 0.000026	0.506530	 0.491965	 0.006762	 0.000000	 0.004425
148	 0.003062	 0.002936	 0.000055	 0.000000	 0.000048	0.509592	 0.494901	 0.006817	 0.000000	 0.004473
149	 0.003219	 0.003136	 0.000036	 0.000000	 0.000026	0.512811	 0.498037	 0.006853	 0.000000	 0.004499
150	 0.003645	 0.003523	 0.000054	 0.000000	 0.000047	0.516456	 0.501560	 0.006907	 0.000000	 0.004546
151	 0.003718	 0.003651	 0.000024	 0.000000	 0.000023	0.520174	 0.505211	 0.006931	 0.000000	 0.004569
152	 0.003449	 0.003298	 0.000064	 0.000000	 0.000049	0.523623	 0.508509	 0.006995	 0.000000	 0.004618
153	 0.003438	 0.003371	 0.000023	 0.000000	 0.000023	0.527061	 0.511880	 0.007018	 0.000000	 0.004641
154	 0.003550	 0.003444	 0.000041	 0.000000	 0.000045	0.530611	 0.515324	 0.007059	 0.000000	 0.004686
155	 0.003795	 0.003714	 0.000034	 0.000000	 0.000026	0.534406	 0.519038	 0.007093	 0.000000	 0.004712
156	 0.003455	 0.003331	 0.000051	 0.000000	 0.000051	0.537861	 0.522369	 0.007144	 0.000000	 0.004763
157	 0.003574	 0.003507	 0.000025	 0.000000	 0.000023	0.541435	 0.525876	 0.007169	 0.000000	 0.004786
158	 0.003938	 0.003808	 0.000058	 0.000000	 0.000050	0.545373	 0.529684	 0.007227	 0.000000	 0.004836
159	 0.003668	 0.003583	 0.000037	 0.000000	 0.000026	0.549041	 0.533267	 0.007264	 0.000000	 0.004862
160	 0.004605	 0.004483	 0.000048	 0.000000	 0.000050	0.553646	 0.537750	 0.007312	 0.000000	 0.004912
161	 0.003551	 0.003462	 0.000042	 0.000000	 0.000027	0.557197	 0.541212	 0.007354	 0.000000	 0.004939
162	 0.003114	 0.002997	 0.000045	 0.000000	 0.000049	0.560311	 0.544209	 0.007399	 0.000000	 0.004988
163	 0.003102	 0.003025	 0.000034	 0.000000	 0.000025	0.563413	 0.547234	 0.007433	 0.000000	 0.005013
164	 0.003546	 0.003422	 0.000052	 0.000000	 0.000051	0.566959	 0.550656	 0.007485	 0.000000	 0.005064
165	 0.003508	 0.003430	 0.000036	 0.000000	 0.000025	0.570467	 0.554086	 0.007521	 0.000000	 0.005089
166	 0.003634	 0.003521	 0.000043	 0.000000	 0.000050	0.574101	 0.557607	 0.007564	 0.000000	 0.005139
167	 0.003264	 0.003194	 0.000024	 0.000000	 0.000026	0.577365	 0.560801	 0.007588	 0.000000	 0.005165
168	 0.003279	 0.003167	 0.000042	 0.000000	 0.000051	0.580644	 0.563968	 0.007630	 0.000000	 0.005216
169	 0.003222	 0.003156	 0.000023	 0.000000	 0.000024	0.583866	 0.567124	 0.007653	 0.000000	 0.005240
170	 0.003287	 0.003160	 0.000056	 0.000000	 0.000050	0.587153	 0.570284	 0.007709	 0.000000	 0.005290
171	 0.003766	 0.003693	 0.000025	 0.000000	 0.000029	0.590919	 0.573977	 0.007734	 0.000000	 0.005319
172	 0.003582	 0.003466	 0.000042	 0.000000	 0.000052	0.594501	 0.577443	 0.007776	 0.000000	 0.005371
173	 0.004304	 0.004213	 0.000043	 0.000000	 0.000027	0.598805	 0.581656	 0.007819	 0.000000	 0.005398
174	 0.003361	 0.003234	 0.000054	 0.000000	 0.000051	0.602166	 0.584890	 0.007873	 0.000000	 0.005449
175	 0.003710	 0.003628	 0.000034	 0.000000	 0.000027	0.605876	 0.588518	 0.007907	 0.000000	 0.005476
176	 0.003576	 0.003450	 0.000049	 0.000000	 0.000053	0.609452	 0.591968	 0.007956	 0.000000	 0.005529
177	 0.003785	 0.003696	 0.000035	 0.000000	 0.000035	0.613237	 0.595664	 0.007991	 0.000000	 0.005564
178	 0.003309	 0.003181	 0.000052	 0.000000	 0.000059	0.616546	 0.598845	 0.008043	 0.000000	 0.005623
179	 0.003471	 0.003399	 0.000025	 0.000000	 0.000027	0.620017	 0.602244	 0.008068	 0.000000	 0.005650
180	 0.003561	 0.003415	 0.000061	 0.000000	 0.000058	0.623578	 0.605659	 0.008129	 0.000000	 0.005708
181	 0.002699	 0.002600	 0.000047	 0.000000	 0.000033	0.626277	 0.608259	 0.008176	 0.000000	 0.005741
182	 0.003508	 0.003384	 0.000046	 0.000000	 0.000059	0.629785	 0.611643	 0.008222	 0.000000	 0.005800
183	 0.003260	 0.003176	 0.000032	 0.000000	 0.000033	0.633045	 0.614819	 0.008254	 0.000000	 0.005833
184	 0.003407	 0.003254	 0.000052	 0.000000	 0.000062	0.636452	 0.618073	 0.008306	 0.000000	 0.005895
185	 0.003389	 0.003312	 0.000031	 0.000000	 0.000027	0.639841	 0.621385	 0.008337	 0.000000	 0.005922
186	 0.003797	 0.003676	 0.000045	 0.000000	 0.000054	0.643638	 0.625061	 0.008382	 0.000000	 0.005976
187	 0.003954	 0.003871	 0.000034	 0.000000	 0.000029	0.647592	 0.628932	 0.008416	 0.000000	 0.006005
188	 0.003176	 0.003047	 0.000053	 0.000000	 0.000055	0.650768	 0.631979	 0.008469	 0.000000	 0.006060
189	 0.002995	 0.002920	 0.000033	 0.000000	 0.000024	0.653763	 0.634899	 0.008502	 0.000000	 0.006084
190	 0.003593	 0.003451	 0.000054	 0.000000	 0.000055	0.657356	 0.638350	 0.008556	 0.000000	 0.006139
191	 0.003249	 0.003169	 0.000033	 0.000000	 0.000028	0.660605	 0.641519	 0.008589	 0.000000	 0.006167
192	 0.004022	 0.003896	 0.000053	 0.000000	 0.000054	0.664627	 0.645415	 0.008642	 0.000000	 0.006221
193	 0.003371	 0.003290	 0.000033	 0.000000	 0.000029	0.667998	 0.648705	 0.008675	 0.000000	 0.006250
194	 0.003321	 0.003188	 0.000046	 0.000000	 0.000056	0.671319	 0.651893	 0.008721	 0.000000	 0.006306
195	 0.003235	 0.003146	 0.000032	 0.000000	 0.000036	0.674554	 0.655039	 0.008753	 0.000000	 0.006342
196	 0.003336	 0.003209	 0.000046	 0.000000	 0.000060	0.677890	 0.658248	 0.008799	 0.000000	 0.006402
197	 0.003633	 0.003551	 0.000033	 0.000000	 0.000029	0.681523	 0.661799	 0.008832	 0.000000	 0.006431
198	 0.003025	 0.002885	 0.000052	 0.000000	 0.000056	0.684548	 0.664684	 0.008884	 0.000000	 0.006487
199	 0.003083	 0.002998	 0.000033	 0.000000	 0.000034	0.687631	 0.667682	 0.008917	 0.000000	 0.006521
200	 0.004041	 0.003903	 0.000054	 0.000000	 0.000065	0.691672	 0.671585	 0.008971	 0.000000	 0.006586
201	 0.003307	 0.003214	 0.000040	 0.000000	 0.000034	0.694979	 0.674799	 0.009011	 0.000000	 0.006620
202	 0.003315	 0.003172	 0.000056	 0.000000	 0.000066	0.698294	 0.677971	 0.009067	 0.000000	 0.006686
203	 0.003276	 0.003136	 0.000082	 0.000000	 0.000033	0.701570	 0.681107	 0.009149	 0.000000	 0.006719
204	 0.003774	 0.003628	 0.000055	 0.000000	 0.000057	0.705344	 0.684735	 0.009204	 0.000000	 0.006776
205	 0.003473	 0.003391	 0.000032	 0.000000	 0.000029	0.708817	 0.688126	 0.009236	 0.000000	 0.006805
206	 0.004223	 0.004087	 0.000058	 0.000000	 0.000057	0.713040	 0.692213	 0.009294	 0.000000	 0.006862
207	 0.004224	 0.004142	 0.000034	 0.000000	 0.000028	0.717264	 0.696355	 0.009328	 0.000000	 0.006890
208	 0.003994	 0.003846	 0.000061	 0.000000	 0.000061	0.721258	 0.700201	 0.009389	 0.000000	 0.006951
209	 0.003684	 0.003605	 0.000031	 0.000000	 0.000027	0.724942	 0.703806	 0.009420	 0.000000	 0.006978
210	 0.003624	 0.003493	 0.000053	 0.000000	 0.000057	0.728566	 0.707299	 0.009473	 0.000000	 0.007035
211	 0.003529	 0.003450	 0.000032	 0.000000	 0.000028	0.732095	 0.710749	 0.009505	 0.000000	 0.007063
212	 0.003494	 0.003363	 0.000052	 0.000000	 0.000058	0.735589	 0.714112	 0.009557	 0.000000	 0.007121
213	 0.003483	 0.003408	 0.000024	 0.000000	 0.000030	0.739072	 0.717520	 0.009581	 0.000000	 0.007151
214	 0.003406	 0.003286	 0.000042	 0.000000	 0.000060	0.742478	 0.720806	 0.009623	 0.000000	 0.007211
215	 0.003383	 0.003301	 0.000032	 0.000000	 0.000030	0.745861	 0.724107	 0.009655	 0.000000	 0.007241
216	 0.003447	 0.003311	 0.000055	 0.000000	 0.000057	0.749308	 0.727418	 0.009710	 0.000000	 0.007298
217	 0.003686	 0.003605	 0.000031	 0.000000	 0.000030	0.752994	 0.731023	 0.009741	 0.000000	 0.007328
218	 0.003397	 0.003263	 0.000054	 0.000000	 0.000056	0.756391	 0.734286	 0.009795	 0.000000	 0.007384
219	 0.003721	 0.003639	 0.000032	 0.000000	 0.000030	0.760112	 0.737925	 0.009827	 0.000000	 0.007414
220	 0.003556	 0.003430	 0.000045	 0.000000	 0.000059	0.763668	 0.741355	 0.009872	 0.000000	 0.007473
221	 0.003678	 0.003595	 0.000032	 0.000000	 0.000031	0.767346	 0.744950	 0.009904	 0.000000	 0.007504
222	 0.003748	 0.003611	 0.000054	 0.000000	 0.000060	0.771094	 0.748561	 0.009958	 0.000000	 0.007564
223	 0.003558	 0.003473	 0.000035	 0.000000	 0.000030	0.774652	 0.752034	 0.009993	 0.000000	 0.007594
224	 0.003667	 0.003544	 0.000043	 0.000000	 0.000056	0.778319	 0.755578	 0.010036	 0.000000	 0.007650
225	 0.003383	 0.003284	 0.000046	 0.000000	 0.000031	0.781702	 0.758862	 0.010082	 0.000000	 0.007681
226	 0.003952	 0.003805	 0.000057	 0.000000	 0.000062	0.785654	 0.762667	 0.010139	 0.000000	 0.007743
227	 0.003199	 0.003117	 0.000032	 0.000000	 0.000030	0.788853	 0.765784	 0.010171	 0.000000	 0.007773
228	 0.003398	 0.003258	 0.000056	 0.000000	 0.000061	0.792251	 0.769042	 0.010227	 0.000000	 0.007834
229	 0.003786	 0.003700	 0.000038	 0.000000	 0.000030	0.796037	 0.772742	 0.010265	 0.000000	 0.007864
230	 0.003633	 0.003504	 0.000052	 0.000000	 0.000057	0.799670	 0.776246	 0.010317	 0.000000	 0.007921
231	 0.003356	 0.003275	 0.000032	 0.000000	 0.000029	0.803026	 0.779521	 0.010349	 0.000000	 0.007950
232	 0.004007	 0.003866	 0.000056	 0.000000	 0.000062	0.807033	 0.783387	 0.010405	 0.000000	 0.008012
233	 0.003605	 0.003524	 0.000033	 0.000000	 0.000029	0.810638	 0.786911	 0.010438	 0.000000	 0.008041
234	 0.003692	 0.003556	 0.000054	 0.000000	 0.000059	0.814330	 0.790467	 0.010492	 0.000000	 0.008100
235	 0.003704	 0.003621	 0.000035	 0.000000	 0.000028	0.818034	 0.794088	 0.010527	 0.000000	 0.008128
236	 0.004261	 0.004135	 0.000044	 0.000000	 0.000062	0.822295	 0.798223	 0.010571	 0.000000	 0.008190
237	 0.003774	 0.003694	 0.000032	 0.000000	 0.000030	0.826069	 0.801917	 0.010603	 0.000000	 0.008220
238	 0.003441	 0.003309	 0.000053	 0.000000	 0.000060	0.829510	 0.805226	 0.010656	 0.000000	 0.008280
239	 0.003368	 0.003293	 0.000024	 0.000000	 0.000030	0.832878	 0.808519	 0.010680	 0.000000	 0.008310
240	 0.003284	 0.003142	 0.000058	 0.000000	 0.000061	0.836162	 0.811661	 0.010738	 0.000000	 0.008371
241	 0.003324	 0.003240	 0.000035	 0.000000	 0.000030	0.839486	 0.814901	 0.010773	 0.000000	 0.008401
242	 0.003448	 0.003310	 0.000052	 0.000000	 0.000062	0.842934	 0.818211	 0.010825	 0.000000	 0.008463
243	 0.003619	 0.003534	 0.000033	 0.000000	 0.000031	0.846553	 0.821745	 0.010858	 0.000000	 0.008494
244	 0.003527	 0.003403	 0.000044	 0.000000	 0.000058	0.850080	 0.825148	 0.010902	 0.000000	 0.008552
245	 0.003329	 0.003238	 0.000037	 0.000000	 0.000031	0.853409	 0.828386	 0.010939	 0.000000	 0.008583
246	 0.003766	 0.003639	 0.000042	 0.000000	 0.000062	0.857175	 0.832025	 0.010981	 0.000000	 0.008645
247	 0.003408	 0.003335	 0.000024	 0.000000	 0.000029	0.860583	 0.835360	 0.011005	 0.000000	 0.008674
248	 0.003832	 0.003708	 0.000042	 0.000000	 0.000061	0.864415	 0.839068	 0.011047	 0.000000	 0.008735
249	 0.003387	 0.003318	 0.000023	 0.000000	 0.000030	0.867802	 0.842386	 0.011070	 0.000000	 0.008765
250	 0.004022	 0.003882	 0.000057	 0.000000	 0.000061	0.871824	 0.846268	 0.011127	 0.000000	 0.008826
251	 0.003501	 0.003419	 0.000031	 0.000000	 0.000031	0.875325	 0.849687	 0.011158	 0.000000	 0.008857
252	 0.003422	 0.003270	 0.000063	 0.000000	 0.000064	0.878747	 0.852957	 0.011221	 0.000000	 0.008921
253	 0.003372	 0.003298	 0.000023	 0.000000	 0.000031	0.882119	 0.856255	 0.011244	 0.000000	 0.008952
254	 0.003764	 0.003625	 0.000058	 0.000000	 0.000061	0.885883	 0.859880	 0.011302	 0.000000	 0.009013
255	 0.003604	 0.003524	 0.000035	 0.000000	 0.000029	0.889487	 0.863404	 0.011337	 0.000000	 0.009042
256	 0.003539	 0.003408	 0.000044	 0.000000	 0.000064	0.893026	 0.866812	 0.011381	 0.000000	 0.009106
257	 0.003581	 0.003503	 0.000032	 0.000000	 0.000029	0.896607	 0.870315	 0.011413	 0.000000	 0.009135
258	 0.003656	 0.003518	 0.000052	 0.000000	 0.000067	0.900263	 0.873833	 0.011465	 0.000000	 0.009202
259	 0.003647	 0.003562	 0.000031	 0.000000	 0.000033	0.903910	 0.877395	 0.011496	 0.000000	 0.009235
260	 0.003570	 0.003427	 0.000053	 0.000000	 0.000069	0.907480	 0.880822	 0.011549	 0.000000	 0.009304
261	 0.003749	 0.003666	 0.000031	 0.000000	 0.000034	0.911229	 0.884488	 0.011580	 0.000000	 0.009338
