Iter	 Iter_time	 Master	 Subprob	 Full_Test	 argmax	Iter_acc	 Master_acc	 Subprob_acc	 Full_Test_acc	 argmax_acc
1	 0.000896	 0.000606	 0.000163	 0.000000	 0.000088	0.000896	 0.000606	 0.000163	 0.000000	 0.000088
2	 0.005522	 0.005301	 0.000107	 0.000000	 0.000073	0.006418	 0.005907	 0.000270	 0.000000	 0.000161
3	 0.005368	 0.005170	 0.000070	 0.000000	 0.000081	0.011786	 0.011077	 0.000340	 0.000000	 0.000242
4	 0.004631	 0.004523	 0.000051	 0.000000	 0.000027	0.016417	 0.015600	 0.000391	 0.000000	 0.000269
5	 0.005367	 0.005127	 0.000151	 0.000000	 0.000053	0.021784	 0.020727	 0.000542	 0.000000	 0.000322
6	 0.005342	 0.005209	 0.000053	 0.000000	 0.000030	0.027126	 0.025936	 0.000595	 0.000000	 0.000352
7	 0.006420	 0.006266	 0.000072	 0.000000	 0.000035	0.033546	 0.032202	 0.000667	 0.000000	 0.000387
8	 0.005629	 0.005514	 0.000057	 0.000000	 0.000030	0.039175	 0.037716	 0.000724	 0.000000	 0.000417
9	 0.005405	 0.005237	 0.000096	 0.000000	 0.000042	0.044580	 0.042953	 0.000820	 0.000000	 0.000459
10	 0.005355	 0.005262	 0.000041	 0.000000	 0.000028	0.049935	 0.048215	 0.000861	 0.000000	 0.000487
11	 0.005435	 0.005301	 0.000059	 0.000000	 0.000043	0.055370	 0.053516	 0.000920	 0.000000	 0.000530
12	 0.006197	 0.006074	 0.000060	 0.000000	 0.000031	0.061567	 0.059590	 0.000980	 0.000000	 0.000561
13	 0.005835	 0.005682	 0.000069	 0.000000	 0.000043	0.067402	 0.065272	 0.001049	 0.000000	 0.000604
14	 0.006384	 0.006267	 0.000057	 0.000000	 0.000030	0.073786	 0.071539	 0.001106	 0.000000	 0.000634
15	 0.005551	 0.005413	 0.000061	 0.000000	 0.000042	0.079337	 0.076952	 0.001167	 0.000000	 0.000676
16	 0.005687	 0.005604	 0.000032	 0.000000	 0.000025	0.085024	 0.082556	 0.001199	 0.000000	 0.000701
17	 0.005529	 0.005384	 0.000069	 0.000000	 0.000042	0.090553	 0.087940	 0.001268	 0.000000	 0.000743
18	 0.005867	 0.005766	 0.000031	 0.000000	 0.000027	0.096420	 0.093706	 0.001299	 0.000000	 0.000770
19	 0.006481	 0.006348	 0.000061	 0.000000	 0.000021	0.102901	 0.100054	 0.001360	 0.000000	 0.000791
20	 0.007424	 0.007296	 0.000068	 0.000000	 0.000025	0.110325	 0.107350	 0.001428	 0.000000	 0.000816
21	 0.005937	 0.005792	 0.000071	 0.000000	 0.000037	0.116262	 0.113142	 0.001499	 0.000000	 0.000853
22	 0.005598	 0.005516	 0.000034	 0.000000	 0.000021	0.121860	 0.118658	 0.001533	 0.000000	 0.000874
23	 0.006160	 0.006022	 0.000057	 0.000000	 0.000036	0.128020	 0.124680	 0.001590	 0.000000	 0.000910
24	 0.006547	 0.006423	 0.000058	 0.000000	 0.000035	0.134567	 0.131103	 0.001648	 0.000000	 0.000945
25	 0.006519	 0.006322	 0.000092	 0.000000	 0.000051	0.141086	 0.137425	 0.001740	 0.000000	 0.000996
26	 0.005982	 0.005818	 0.000084	 0.000000	 0.000041	0.147068	 0.143243	 0.001824	 0.000000	 0.001037
27	 0.006018	 0.005857	 0.000082	 0.000000	 0.000046	0.153086	 0.149100	 0.001906	 0.000000	 0.001083
28	 0.006395	 0.006301	 0.000045	 0.000000	 0.000018	0.159481	 0.155401	 0.001951	 0.000000	 0.001101
29	 0.005826	 0.005681	 0.000066	 0.000000	 0.000041	0.165307	 0.161082	 0.002017	 0.000000	 0.001142
30	 0.006491	 0.006370	 0.000061	 0.000000	 0.000018	0.171798	 0.167452	 0.002078	 0.000000	 0.001160
31	 0.006433	 0.006221	 0.000104	 0.000000	 0.000050	0.178231	 0.173673	 0.002182	 0.000000	 0.001210
32	 0.006335	 0.006229	 0.000038	 0.000000	 0.000024	0.184566	 0.179902	 0.002220	 0.000000	 0.001234
33	 0.006050	 0.005958	 0.000035	 0.000000	 0.000018	0.190616	 0.185860	 0.002255	 0.000000	 0.001252
34	 0.005580	 0.005477	 0.000040	 0.000000	 0.000023	0.196196	 0.191337	 0.002295	 0.000000	 0.001275
35	 0.006295	 0.006198	 0.000036	 0.000000	 0.000023	0.202491	 0.197535	 0.002331	 0.000000	 0.001298
36	 0.006553	 0.006426	 0.000055	 0.000000	 0.000027	0.209044	 0.203961	 0.002386	 0.000000	 0.001325
37	 0.005951	 0.005846	 0.000040	 0.000000	 0.000021	0.214995	 0.209807	 0.002426	 0.000000	 0.001346
38	 0.006290	 0.006186	 0.000043	 0.000000	 0.000022	0.221285	 0.215993	 0.002469	 0.000000	 0.001368
39	 0.006001	 0.005904	 0.000035	 0.000000	 0.000022	0.227286	 0.221897	 0.002504	 0.000000	 0.001390
40	 0.005800	 0.005671	 0.000059	 0.000000	 0.000024	0.233086	 0.227568	 0.002563	 0.000000	 0.001414
41	 0.006791	 0.006678	 0.000045	 0.000000	 0.000025	0.239877	 0.234246	 0.002608	 0.000000	 0.001439
42	 0.005432	 0.005290	 0.000061	 0.000000	 0.000035	0.245309	 0.239536	 0.002669	 0.000000	 0.001474
43	 0.006356	 0.006246	 0.000039	 0.000000	 0.000030	0.251665	 0.245782	 0.002708	 0.000000	 0.001504
44	 0.006122	 0.006020	 0.000039	 0.000000	 0.000031	0.257787	 0.251802	 0.002747	 0.000000	 0.001535
45	 0.005537	 0.005385	 0.000066	 0.000000	 0.000053	0.263324	 0.257187	 0.002813	 0.000000	 0.001588
46	 0.007102	 0.007011	 0.000036	 0.000000	 0.000023	0.270426	 0.264198	 0.002849	 0.000000	 0.001611
47	 0.005727	 0.005571	 0.000071	 0.000000	 0.000046	0.276153	 0.269769	 0.002920	 0.000000	 0.001657
48	 0.005611	 0.005530	 0.000032	 0.000000	 0.000021	0.281764	 0.275299	 0.002952	 0.000000	 0.001678
49	 0.005267	 0.005111	 0.000085	 0.000000	 0.000038	0.287031	 0.280410	 0.003037	 0.000000	 0.001716
50	 0.005743	 0.005636	 0.000047	 0.000000	 0.000021	0.292774	 0.286046	 0.003084	 0.000000	 0.001737
51	 0.005487	 0.005390	 0.000041	 0.000000	 0.000024	0.298261	 0.291436	 0.003125	 0.000000	 0.001761
52	 0.006627	 0.006467	 0.000067	 0.000000	 0.000051	0.304888	 0.297903	 0.003192	 0.000000	 0.001812
53	 0.006001	 0.005910	 0.000040	 0.000000	 0.000024	0.310889	 0.303813	 0.003232	 0.000000	 0.001836
54	 0.006017	 0.005851	 0.000086	 0.000000	 0.000051	0.316906	 0.309664	 0.003318	 0.000000	 0.001887
55	 0.005474	 0.005381	 0.000045	 0.000000	 0.000021	0.322380	 0.315045	 0.003363	 0.000000	 0.001908
56	 0.005503	 0.005359	 0.000068	 0.000000	 0.000044	0.327883	 0.320404	 0.003431	 0.000000	 0.001952
57	 0.004876	 0.004800	 0.000030	 0.000000	 0.000019	0.332759	 0.325204	 0.003461	 0.000000	 0.001971
58	 0.004817	 0.004695	 0.000051	 0.000000	 0.000043	0.337576	 0.329899	 0.003512	 0.000000	 0.002014
59	 0.004066	 0.003999	 0.000029	 0.000000	 0.000018	0.341642	 0.333898	 0.003541	 0.000000	 0.002032
60	 0.004081	 0.003954	 0.000058	 0.000000	 0.000042	0.345723	 0.337852	 0.003599	 0.000000	 0.002074
61	 0.003858	 0.003794	 0.000026	 0.000000	 0.000017	0.349581	 0.341646	 0.003625	 0.000000	 0.002091
62	 0.005268	 0.005109	 0.000075	 0.000000	 0.000046	0.354849	 0.346755	 0.003700	 0.000000	 0.002137
63	 0.005189	 0.005099	 0.000044	 0.000000	 0.000020	0.360038	 0.351854	 0.003744	 0.000000	 0.002157
64	 0.003747	 0.003608	 0.000068	 0.000000	 0.000040	0.363785	 0.355462	 0.003812	 0.000000	 0.002197
65	 0.003781	 0.003695	 0.000044	 0.000000	 0.000020	0.367566	 0.359157	 0.003856	 0.000000	 0.002217
66	 0.004301	 0.004170	 0.000063	 0.000000	 0.000041	0.371867	 0.363327	 0.003919	 0.000000	 0.002258
67	 0.004113	 0.004047	 0.000027	 0.000000	 0.000018	0.375980	 0.367374	 0.003946	 0.000000	 0.002276
68	 0.003926	 0.003820	 0.000049	 0.000000	 0.000032	0.379906	 0.371194	 0.003995	 0.000000	 0.002308
69	 0.004239	 0.004173	 0.000027	 0.000000	 0.000019	0.384145	 0.375367	 0.004022	 0.000000	 0.002327
70	 0.004869	 0.004764	 0.000046	 0.000000	 0.000032	0.389014	 0.380131	 0.004068	 0.000000	 0.002359
71	 0.004203	 0.004133	 0.000029	 0.000000	 0.000020	0.393217	 0.384264	 0.004097	 0.000000	 0.002379
72	 0.004212	 0.004083	 0.000066	 0.000000	 0.000034	0.397429	 0.388347	 0.004163	 0.000000	 0.002413
73	 0.004141	 0.004064	 0.000037	 0.000000	 0.000017	0.401570	 0.392411	 0.004200	 0.000000	 0.002430
74	 0.004365	 0.004250	 0.000055	 0.000000	 0.000033	0.405935	 0.396661	 0.004255	 0.000000	 0.002463
75	 0.003836	 0.003771	 0.000027	 0.000000	 0.000018	0.409771	 0.400432	 0.004282	 0.000000	 0.002481
76	 0.003954	 0.003847	 0.000048	 0.000000	 0.000035	0.413725	 0.404279	 0.004330	 0.000000	 0.002516
77	 0.004372	 0.004309	 0.000025	 0.000000	 0.000016	0.418097	 0.408588	 0.004355	 0.000000	 0.002532
78	 0.003979	 0.003875	 0.000045	 0.000000	 0.000032	0.422076	 0.412463	 0.004400	 0.000000	 0.002564
79	 0.004133	 0.004068	 0.000027	 0.000000	 0.000017	0.426209	 0.416531	 0.004427	 0.000000	 0.002581
80	 0.004161	 0.004054	 0.000045	 0.000000	 0.000035	0.430370	 0.420585	 0.004472	 0.000000	 0.002616
81	 0.003906	 0.003841	 0.000027	 0.000000	 0.000018	0.434276	 0.424426	 0.004499	 0.000000	 0.002634
82	 0.004466	 0.004357	 0.000047	 0.000000	 0.000035	0.438742	 0.428783	 0.004546	 0.000000	 0.002669
83	 0.003874	 0.003795	 0.000038	 0.000000	 0.000020	0.442616	 0.432578	 0.004584	 0.000000	 0.002689
84	 0.004192	 0.004064	 0.000060	 0.000000	 0.000045	0.446808	 0.436642	 0.004644	 0.000000	 0.002734
85	 0.003763	 0.003696	 0.000025	 0.000000	 0.000019	0.450571	 0.440338	 0.004669	 0.000000	 0.002753
86	 0.004242	 0.004133	 0.000046	 0.000000	 0.000037	0.454813	 0.444471	 0.004715	 0.000000	 0.002790
87	 0.004034	 0.003963	 0.000025	 0.000000	 0.000024	0.458847	 0.448434	 0.004740	 0.000000	 0.002814
88	 0.004452	 0.004334	 0.000049	 0.000000	 0.000045	0.463299	 0.452768	 0.004789	 0.000000	 0.002859
89	 0.003787	 0.003712	 0.000026	 0.000000	 0.000028	0.467086	 0.456480	 0.004815	 0.000000	 0.002887
90	 0.004429	 0.004301	 0.000047	 0.000000	 0.000044	0.471515	 0.460781	 0.004862	 0.000000	 0.002931
91	 0.004216	 0.004128	 0.000039	 0.000000	 0.000025	0.475731	 0.464909	 0.004901	 0.000000	 0.002956
92	 0.004417	 0.004273	 0.000067	 0.000000	 0.000044	0.480148	 0.469182	 0.004968	 0.000000	 0.003000
93	 0.004110	 0.004042	 0.000028	 0.000000	 0.000019	0.484258	 0.473224	 0.004996	 0.000000	 0.003019
94	 0.004434	 0.004309	 0.000063	 0.000000	 0.000033	0.488692	 0.477533	 0.005059	 0.000000	 0.003052
95	 0.004591	 0.004500	 0.000039	 0.000000	 0.000018	0.493283	 0.482033	 0.005098	 0.000000	 0.003070
96	 0.005140	 0.005066	 0.000031	 0.000000	 0.000018	0.498423	 0.487099	 0.005129	 0.000000	 0.003088
97	 0.004365	 0.004175	 0.000101	 0.000000	 0.000038	0.502788	 0.491274	 0.005230	 0.000000	 0.003126
98	 0.003984	 0.003900	 0.000040	 0.000000	 0.000022	0.506772	 0.495174	 0.005270	 0.000000	 0.003148
99	 0.004409	 0.004284	 0.000052	 0.000000	 0.000038	0.511181	 0.499458	 0.005322	 0.000000	 0.003186
100	 0.004553	 0.004464	 0.000027	 0.000000	 0.000029	0.515734	 0.503922	 0.005349	 0.000000	 0.003215
101	 0.005356	 0.005268	 0.000035	 0.000000	 0.000026	0.521090	 0.509190	 0.005384	 0.000000	 0.003241
102	 0.005416	 0.005211	 0.000093	 0.000000	 0.000070	0.526506	 0.514401	 0.005477	 0.000000	 0.003311
103	 0.005379	 0.005280	 0.000038	 0.000000	 0.000026	0.531885	 0.519681	 0.005515	 0.000000	 0.003337
104	 0.005455	 0.005275	 0.000089	 0.000000	 0.000055	0.537340	 0.524956	 0.005604	 0.000000	 0.003392
105	 0.005336	 0.005252	 0.000032	 0.000000	 0.000023	0.542676	 0.530208	 0.005636	 0.000000	 0.003415
106	 0.004986	 0.004847	 0.000059	 0.000000	 0.000052	0.547662	 0.535055	 0.005695	 0.000000	 0.003467
107	 0.005831	 0.005721	 0.000049	 0.000000	 0.000028	0.553493	 0.540776	 0.005744	 0.000000	 0.003495
108	 0.005331	 0.005192	 0.000055	 0.000000	 0.000051	0.558824	 0.545968	 0.005799	 0.000000	 0.003546
109	 0.005013	 0.004932	 0.000031	 0.000000	 0.000022	0.563837	 0.550900	 0.005830	 0.000000	 0.003568
110	 0.005453	 0.005332	 0.000048	 0.000000	 0.000044	0.569290	 0.556232	 0.005878	 0.000000	 0.003612
111	 0.005051	 0.004964	 0.000034	 0.000000	 0.000024	0.574341	 0.561196	 0.005912	 0.000000	 0.003636
112	 0.004641	 0.004509	 0.000053	 0.000000	 0.000048	0.578982	 0.565705	 0.005965	 0.000000	 0.003684
113	 0.005960	 0.005886	 0.000028	 0.000000	 0.000018	0.584942	 0.571591	 0.005993	 0.000000	 0.003702
114	 0.005503	 0.005339	 0.000066	 0.000000	 0.000057	0.590445	 0.576930	 0.006059	 0.000000	 0.003759
115	 0.006708	 0.006564	 0.000082	 0.000000	 0.000025	0.597153	 0.583494	 0.006141	 0.000000	 0.003784
116	 0.005115	 0.004975	 0.000069	 0.000000	 0.000041	0.602268	 0.588469	 0.006210	 0.000000	 0.003825
117	 0.004669	 0.004584	 0.000027	 0.000000	 0.000019	0.606937	 0.593053	 0.006237	 0.000000	 0.003844
118	 0.006308	 0.006225	 0.000033	 0.000000	 0.000020	0.613245	 0.599278	 0.006270	 0.000000	 0.003864
119	 0.004958	 0.004827	 0.000056	 0.000000	 0.000041	0.618203	 0.604105	 0.006326	 0.000000	 0.003905
120	 0.004623	 0.004538	 0.000029	 0.000000	 0.000031	0.622826	 0.608643	 0.006355	 0.000000	 0.003936
121	 0.005295	 0.005134	 0.000075	 0.000000	 0.000039	0.628121	 0.613777	 0.006430	 0.000000	 0.003975
122	 0.005606	 0.005495	 0.000049	 0.000000	 0.000032	0.633727	 0.619272	 0.006479	 0.000000	 0.004007
123	 0.004988	 0.004847	 0.000058	 0.000000	 0.000051	0.638715	 0.624119	 0.006537	 0.000000	 0.004058
124	 0.004493	 0.004400	 0.000029	 0.000000	 0.000041	0.643208	 0.628519	 0.006566	 0.000000	 0.004099
125	 0.004247	 0.004127	 0.000048	 0.000000	 0.000046	0.647455	 0.632646	 0.006614	 0.000000	 0.004145
126	 0.004121	 0.004050	 0.000029	 0.000000	 0.000019	0.651576	 0.636696	 0.006643	 0.000000	 0.004164
127	 0.004264	 0.004142	 0.000048	 0.000000	 0.000046	0.655840	 0.640838	 0.006691	 0.000000	 0.004210
128	 0.004516	 0.004439	 0.000027	 0.000000	 0.000026	0.660356	 0.645277	 0.006718	 0.000000	 0.004236
129	 0.004826	 0.004708	 0.000048	 0.000000	 0.000043	0.665182	 0.649985	 0.006766	 0.000000	 0.004279
130	 0.004716	 0.004621	 0.000046	 0.000000	 0.000026	0.669898	 0.654606	 0.006812	 0.000000	 0.004305
131	 0.004558	 0.004423	 0.000060	 0.000000	 0.000045	0.674456	 0.659029	 0.006872	 0.000000	 0.004350
132	 0.004562	 0.004480	 0.000027	 0.000000	 0.000019	0.679018	 0.663509	 0.006899	 0.000000	 0.004369
133	 0.005356	 0.005263	 0.000031	 0.000000	 0.000022	0.684374	 0.668772	 0.006930	 0.000000	 0.004391
134	 0.005026	 0.004906	 0.000039	 0.000000	 0.000044	0.689400	 0.673678	 0.006969	 0.000000	 0.004435
135	 0.004568	 0.004416	 0.000062	 0.000000	 0.000052	0.693968	 0.678094	 0.007031	 0.000000	 0.004487
136	 0.004258	 0.004182	 0.000030	 0.000000	 0.000021	0.698226	 0.682276	 0.007061	 0.000000	 0.004508
137	 0.004257	 0.004145	 0.000047	 0.000000	 0.000038	0.702483	 0.686421	 0.007108	 0.000000	 0.004546
138	 0.004881	 0.004777	 0.000046	 0.000000	 0.000021	0.707364	 0.691198	 0.007154	 0.000000	 0.004567
139	 0.005294	 0.005211	 0.000037	 0.000000	 0.000020	0.712658	 0.696409	 0.007191	 0.000000	 0.004587
140	 0.004925	 0.004783	 0.000069	 0.000000	 0.000042	0.717583	 0.701192	 0.007260	 0.000000	 0.004629
141	 0.005342	 0.005241	 0.000033	 0.000000	 0.000029	0.722925	 0.706433	 0.007293	 0.000000	 0.004658
142	 0.005279	 0.005153	 0.000059	 0.000000	 0.000036	0.728204	 0.711586	 0.007352	 0.000000	 0.004694
143	 0.004725	 0.004571	 0.000073	 0.000000	 0.000050	0.732929	 0.716157	 0.007425	 0.000000	 0.004744
144	 0.004293	 0.004209	 0.000040	 0.000000	 0.000021	0.737222	 0.720366	 0.007465	 0.000000	 0.004765
145	 0.004828	 0.004697	 0.000063	 0.000000	 0.000041	0.742050	 0.725063	 0.007528	 0.000000	 0.004806
146	 0.004847	 0.004769	 0.000032	 0.000000	 0.000022	0.746897	 0.729832	 0.007560	 0.000000	 0.004828
147	 0.004850	 0.004723	 0.000051	 0.000000	 0.000037	0.751747	 0.734555	 0.007611	 0.000000	 0.004865
148	 0.005292	 0.005192	 0.000049	 0.000000	 0.000022	0.757039	 0.739747	 0.007660	 0.000000	 0.004887
149	 0.004390	 0.004208	 0.000097	 0.000000	 0.000053	0.761429	 0.743955	 0.007757	 0.000000	 0.004940
150	 0.004382	 0.004312	 0.000028	 0.000000	 0.000020	0.765811	 0.748267	 0.007785	 0.000000	 0.004960
151	 0.005018	 0.004905	 0.000045	 0.000000	 0.000038	0.770829	 0.753172	 0.007830	 0.000000	 0.004998
152	 0.004728	 0.004654	 0.000029	 0.000000	 0.000022	0.775557	 0.757826	 0.007859	 0.000000	 0.005020
153	 0.004660	 0.004541	 0.000050	 0.000000	 0.000039	0.780217	 0.762367	 0.007909	 0.000000	 0.005059
154	 0.004617	 0.004536	 0.000028	 0.000000	 0.000028	0.784834	 0.766903	 0.007937	 0.000000	 0.005087
155	 0.004827	 0.004703	 0.000048	 0.000000	 0.000049	0.789661	 0.771606	 0.007985	 0.000000	 0.005136
156	 0.004247	 0.004170	 0.000028	 0.000000	 0.000028	0.793908	 0.775776	 0.008013	 0.000000	 0.005164
157	 0.004870	 0.004750	 0.000047	 0.000000	 0.000045	0.798778	 0.780526	 0.008060	 0.000000	 0.005209
158	 0.004462	 0.004346	 0.000048	 0.000000	 0.000029	0.803240	 0.784872	 0.008108	 0.000000	 0.005238
159	 0.005484	 0.005384	 0.000040	 0.000000	 0.000029	0.808724	 0.790256	 0.008148	 0.000000	 0.005267
160	 0.004696	 0.004545	 0.000066	 0.000000	 0.000053	0.813420	 0.794801	 0.008214	 0.000000	 0.005320
161	 0.004956	 0.004874	 0.000028	 0.000000	 0.000029	0.818376	 0.799675	 0.008242	 0.000000	 0.005349
162	 0.004519	 0.004391	 0.000052	 0.000000	 0.000049	0.822895	 0.804066	 0.008294	 0.000000	 0.005398
163	 0.004755	 0.004664	 0.000047	 0.000000	 0.000020	0.827650	 0.808730	 0.008341	 0.000000	 0.005418
164	 0.004618	 0.004492	 0.000059	 0.000000	 0.000037	0.832268	 0.813222	 0.008400	 0.000000	 0.005455
165	 0.004433	 0.004352	 0.000027	 0.000000	 0.000020	0.836701	 0.817574	 0.008427	 0.000000	 0.005475
166	 0.005475	 0.005382	 0.000042	 0.000000	 0.000022	0.842176	 0.822956	 0.008469	 0.000000	 0.005497
167	 0.004690	 0.004513	 0.000090	 0.000000	 0.000054	0.846866	 0.827469	 0.008559	 0.000000	 0.005551
168	 0.004879	 0.004783	 0.000041	 0.000000	 0.000028	0.851745	 0.832252	 0.008600	 0.000000	 0.005579
169	 0.004641	 0.004495	 0.000061	 0.000000	 0.000053	0.856386	 0.836747	 0.008661	 0.000000	 0.005632
170	 0.004578	 0.004477	 0.000045	 0.000000	 0.000030	0.860964	 0.841224	 0.008706	 0.000000	 0.005662
171	 0.005071	 0.004932	 0.000064	 0.000000	 0.000049	0.866035	 0.846156	 0.008770	 0.000000	 0.005711
172	 0.005559	 0.005472	 0.000027	 0.000000	 0.000021	0.871594	 0.851628	 0.008797	 0.000000	 0.005732
173	 0.005047	 0.004950	 0.000041	 0.000000	 0.000023	0.876641	 0.856578	 0.008838	 0.000000	 0.005755
174	 0.004550	 0.004406	 0.000056	 0.000000	 0.000054	0.881191	 0.860984	 0.008894	 0.000000	 0.005809
175	 0.004577	 0.004461	 0.000058	 0.000000	 0.000030	0.885768	 0.865445	 0.008952	 0.000000	 0.005839
176	 0.004593	 0.004451	 0.000064	 0.000000	 0.000049	0.890361	 0.869896	 0.009016	 0.000000	 0.005888
177	 0.004413	 0.004333	 0.000029	 0.000000	 0.000029	0.894774	 0.874229	 0.009045	 0.000000	 0.005917
178	 0.004842	 0.004719	 0.000048	 0.000000	 0.000047	0.899616	 0.878948	 0.009093	 0.000000	 0.005964
179	 0.004599	 0.004523	 0.000027	 0.000000	 0.000027	0.904215	 0.883471	 0.009120	 0.000000	 0.005991
180	 0.004161	 0.004034	 0.000049	 0.000000	 0.000049	0.908376	 0.887505	 0.009169	 0.000000	 0.006040
181	 0.004627	 0.004550	 0.000028	 0.000000	 0.000027	0.913003	 0.892055	 0.009197	 0.000000	 0.006067
182	 0.004441	 0.004316	 0.000048	 0.000000	 0.000049	0.917444	 0.896371	 0.009245	 0.000000	 0.006116
183	 0.004883	 0.004788	 0.000045	 0.000000	 0.000028	0.922327	 0.901159	 0.009290	 0.000000	 0.006144
184	 0.004644	 0.004489	 0.000062	 0.000000	 0.000049	0.926971	 0.905648	 0.009352	 0.000000	 0.006193
185	 0.004680	 0.004590	 0.000030	 0.000000	 0.000022	0.931651	 0.910238	 0.009382	 0.000000	 0.006215
186	 0.004717	 0.004603	 0.000036	 0.000000	 0.000025	0.936368	 0.914841	 0.009418	 0.000000	 0.006240
187	 0.004443	 0.004338	 0.000034	 0.000000	 0.000033	0.940811	 0.919179	 0.009452	 0.000000	 0.006273
188	 0.005821	 0.005723	 0.000028	 0.000000	 0.000031	0.946632	 0.924902	 0.009480	 0.000000	 0.006304
189	 0.005104	 0.004970	 0.000050	 0.000000	 0.000039	0.951736	 0.929872	 0.009530	 0.000000	 0.006343
190	 0.005223	 0.005115	 0.000040	 0.000000	 0.000025	0.956959	 0.934987	 0.009570	 0.000000	 0.006368
191	 0.004195	 0.004097	 0.000037	 0.000000	 0.000024	0.961154	 0.939084	 0.009607	 0.000000	 0.006392
192	 0.005134	 0.005037	 0.000049	 0.000000	 0.000024	0.966288	 0.944121	 0.009656	 0.000000	 0.006416
193	 0.004760	 0.004602	 0.000073	 0.000000	 0.000053	0.971048	 0.948723	 0.009729	 0.000000	 0.006469
194	 0.005067	 0.004957	 0.000043	 0.000000	 0.000030	0.976115	 0.953680	 0.009772	 0.000000	 0.006499
195	 0.005084	 0.004965	 0.000036	 0.000000	 0.000035	0.981199	 0.958645	 0.009808	 0.000000	 0.006534
196	 0.004716	 0.004589	 0.000040	 0.000000	 0.000038	0.985915	 0.963234	 0.009848	 0.000000	 0.006572
197	 0.004928	 0.004831	 0.000031	 0.000000	 0.000031	0.990843	 0.968065	 0.009879	 0.000000	 0.006603
198	 0.004701	 0.004605	 0.000049	 0.000000	 0.000022	0.995544	 0.972670	 0.009928	 0.000000	 0.006625
199	 0.004795	 0.004638	 0.000064	 0.000000	 0.000049	1.000339	 0.977308	 0.009992	 0.000000	 0.006674
200	 0.004617	 0.004502	 0.000050	 0.000000	 0.000036	1.004956	 0.981810	 0.010042	 0.000000	 0.006710
201	 0.005695	 0.005549	 0.000067	 0.000000	 0.000050	1.010651	 0.987359	 0.010109	 0.000000	 0.006760
202	 0.005007	 0.004876	 0.000053	 0.000000	 0.000034	1.015658	 0.992235	 0.010162	 0.000000	 0.006794
203	 0.004527	 0.004409	 0.000046	 0.000000	 0.000033	1.020185	 0.996644	 0.010208	 0.000000	 0.006827
204	 0.004557	 0.004452	 0.000042	 0.000000	 0.000039	1.024742	 1.001096	 0.010250	 0.000000	 0.006866
205	 0.005469	 0.005334	 0.000058	 0.000000	 0.000051	1.030211	 1.006430	 0.010308	 0.000000	 0.006917
206	 0.004954	 0.004848	 0.000036	 0.000000	 0.000038	1.035165	 1.011278	 0.010344	 0.000000	 0.006955
207	 0.004643	 0.004502	 0.000057	 0.000000	 0.000054	1.039808	 1.015780	 0.010401	 0.000000	 0.007009
208	 0.005662	 0.005520	 0.000050	 0.000000	 0.000030	1.045470	 1.021300	 0.010451	 0.000000	 0.007039
209	 0.005370	 0.005255	 0.000051	 0.000000	 0.000034	1.050840	 1.026555	 0.010502	 0.000000	 0.007073
210	 0.004508	 0.004375	 0.000054	 0.000000	 0.000049	1.055348	 1.030930	 0.010556	 0.000000	 0.007122
211	 0.004714	 0.004630	 0.000029	 0.000000	 0.000032	1.060062	 1.035560	 0.010585	 0.000000	 0.007154
212	 0.004588	 0.004432	 0.000069	 0.000000	 0.000049	1.064650	 1.039992	 0.010654	 0.000000	 0.007203
213	 0.004269	 0.004153	 0.000048	 0.000000	 0.000031	1.068919	 1.044145	 0.010702	 0.000000	 0.007234
214	 0.005128	 0.005032	 0.000037	 0.000000	 0.000030	1.074047	 1.049177	 0.010739	 0.000000	 0.007264
215	 0.005015	 0.004846	 0.000076	 0.000000	 0.000058	1.079062	 1.054023	 0.010815	 0.000000	 0.007322
216	 0.004511	 0.004411	 0.000032	 0.000000	 0.000032	1.083573	 1.058434	 0.010847	 0.000000	 0.007354
217	 0.005015	 0.004923	 0.000046	 0.000000	 0.000021	1.088588	 1.063357	 0.010893	 0.000000	 0.007375
218	 0.004343	 0.004206	 0.000068	 0.000000	 0.000043	1.092931	 1.067563	 0.010961	 0.000000	 0.007418
219	 0.004909	 0.004804	 0.000043	 0.000000	 0.000024	1.097840	 1.072367	 0.011004	 0.000000	 0.007442
220	 0.005078	 0.004979	 0.000034	 0.000000	 0.000027	1.102918	 1.077346	 0.011038	 0.000000	 0.007469
221	 0.005313	 0.005203	 0.000049	 0.000000	 0.000022	1.108231	 1.082549	 0.011087	 0.000000	 0.007491
222	 0.004760	 0.004649	 0.000052	 0.000000	 0.000025	1.112991	 1.087198	 0.011139	 0.000000	 0.007516
223	 0.004451	 0.004303	 0.000071	 0.000000	 0.000044	1.117442	 1.091501	 0.011210	 0.000000	 0.007560
224	 0.004821	 0.004747	 0.000028	 0.000000	 0.000021	1.122263	 1.096248	 0.011238	 0.000000	 0.007581
225	 0.005266	 0.005119	 0.000067	 0.000000	 0.000041	1.127529	 1.101367	 0.011305	 0.000000	 0.007622
226	 0.004652	 0.004560	 0.000033	 0.000000	 0.000033	1.132181	 1.105927	 0.011338	 0.000000	 0.007655
227	 0.005017	 0.004875	 0.000049	 0.000000	 0.000050	1.137198	 1.110802	 0.011387	 0.000000	 0.007705
228	 0.005263	 0.005168	 0.000031	 0.000000	 0.000032	1.142461	 1.115970	 0.011418	 0.000000	 0.007737
229	 0.004900	 0.004733	 0.000060	 0.000000	 0.000055	1.147361	 1.120703	 0.011478	 0.000000	 0.007792
230	 0.004689	 0.004592	 0.000031	 0.000000	 0.000031	1.152050	 1.125295	 0.011509	 0.000000	 0.007823
231	 0.004651	 0.004535	 0.000048	 0.000000	 0.000030	1.156701	 1.129830	 0.011557	 0.000000	 0.007853
232	 0.004877	 0.004771	 0.000040	 0.000000	 0.000025	1.161578	 1.134601	 0.011597	 0.000000	 0.007878
233	 0.004639	 0.004541	 0.000036	 0.000000	 0.000023	1.166217	 1.139142	 0.011633	 0.000000	 0.007901
234	 0.004784	 0.004669	 0.000049	 0.000000	 0.000025	1.171001	 1.143811	 0.011682	 0.000000	 0.007926
235	 0.004675	 0.004542	 0.000064	 0.000000	 0.000025	1.175676	 1.148353	 0.011746	 0.000000	 0.007951
236	 0.004600	 0.004497	 0.000041	 0.000000	 0.000023	1.180276	 1.152850	 0.011787	 0.000000	 0.007974
237	 0.004439	 0.004349	 0.000032	 0.000000	 0.000024	1.184715	 1.157199	 0.011819	 0.000000	 0.007998
238	 0.004747	 0.004664	 0.000028	 0.000000	 0.000022	1.189462	 1.161863	 0.011847	 0.000000	 0.008020
239	 0.005117	 0.005013	 0.000036	 0.000000	 0.000024	1.194579	 1.166876	 0.011883	 0.000000	 0.008044
240	 0.004956	 0.004856	 0.000035	 0.000000	 0.000024	1.199535	 1.171732	 0.011918	 0.000000	 0.008068
241	 0.005630	 0.005535	 0.000033	 0.000000	 0.000023	1.205165	 1.177267	 0.011951	 0.000000	 0.008091
242	 0.005119	 0.005022	 0.000039	 0.000000	 0.000026	1.210284	 1.182289	 0.011990	 0.000000	 0.008117
243	 0.004849	 0.004709	 0.000055	 0.000000	 0.000054	1.215133	 1.186998	 0.012045	 0.000000	 0.008171
244	 0.004731	 0.004650	 0.000027	 0.000000	 0.000029	1.219864	 1.191648	 0.012072	 0.000000	 0.008200
245	 0.004752	 0.004624	 0.000049	 0.000000	 0.000049	1.224616	 1.196272	 0.012121	 0.000000	 0.008249
246	 0.004741	 0.004657	 0.000031	 0.000000	 0.000030	1.229357	 1.200929	 0.012152	 0.000000	 0.008279
247	 0.005311	 0.005172	 0.000051	 0.000000	 0.000053	1.234668	 1.206101	 0.012203	 0.000000	 0.008332
248	 0.005349	 0.005248	 0.000036	 0.000000	 0.000035	1.240017	 1.211349	 0.012239	 0.000000	 0.008367
249	 0.004672	 0.004540	 0.000051	 0.000000	 0.000051	1.244689	 1.215889	 0.012290	 0.000000	 0.008418
250	 0.005058	 0.004975	 0.000029	 0.000000	 0.000030	1.249747	 1.220864	 0.012319	 0.000000	 0.008448
251	 0.004675	 0.004549	 0.000047	 0.000000	 0.000049	1.254422	 1.225413	 0.012366	 0.000000	 0.008497
252	 0.004870	 0.004770	 0.000032	 0.000000	 0.000038	1.259292	 1.230183	 0.012398	 0.000000	 0.008535
253	 0.005090	 0.004962	 0.000049	 0.000000	 0.000051	1.264382	 1.235145	 0.012447	 0.000000	 0.008586
254	 0.005184	 0.005064	 0.000050	 0.000000	 0.000030	1.269566	 1.240209	 0.012497	 0.000000	 0.008616
255	 0.005258	 0.005136	 0.000048	 0.000000	 0.000033	1.274824	 1.245345	 0.012545	 0.000000	 0.008649
256	 0.005296	 0.005164	 0.000049	 0.000000	 0.000036	1.280120	 1.250509	 0.012594	 0.000000	 0.008685
257	 0.004560	 0.004461	 0.000031	 0.000000	 0.000032	1.284680	 1.254970	 0.012625	 0.000000	 0.008717
258	 0.004634	 0.004546	 0.000029	 0.000000	 0.000026	1.289314	 1.259516	 0.012654	 0.000000	 0.008743
259	 0.004873	 0.004776	 0.000034	 0.000000	 0.000026	1.294187	 1.264292	 0.012688	 0.000000	 0.008769
260	 0.005622	 0.005321	 0.000054	 0.000173	 0.000032	1.299809	 1.269613	 0.012742	 0.000173	 0.008801
261	 0.005107	 0.004623	 0.000121	 0.000233	 0.000080	1.304916	 1.274236	 0.012863	 0.000406	 0.008881
262	 0.004551	 0.004259	 0.000046	 0.000167	 0.000033	1.309467	 1.278495	 0.012909	 0.000573	 0.008914
263	 0.004888	 0.004647	 0.000033	 0.000135	 0.000033	1.314355	 1.283142	 0.012942	 0.000708	 0.008947
264	 0.005229	 0.004926	 0.000028	 0.000201	 0.000032	1.319584	 1.288068	 0.012970	 0.000909	 0.008979
265	 0.005017	 0.004630	 0.000037	 0.000269	 0.000036	1.324601	 1.292698	 0.013007	 0.001178	 0.009015
266	 0.005465	 0.005163	 0.000031	 0.000200	 0.000025	1.330066	 1.297861	 0.013038	 0.001378	 0.009040
267	 0.005427	 0.005187	 0.000042	 0.000122	 0.000028	1.335493	 1.303048	 0.013080	 0.001500	 0.009068
268	 0.004750	 0.004413	 0.000057	 0.000207	 0.000028	1.340243	 1.307461	 0.013137	 0.001707	 0.009096
269	 0.005282	 0.005011	 0.000040	 0.000171	 0.000026	1.345525	 1.312472	 0.013177	 0.001878	 0.009122
270	 0.005294	 0.004877	 0.000055	 0.000270	 0.000049	1.350819	 1.317349	 0.013232	 0.002148	 0.009171
271	 0.004460	 0.004207	 0.000035	 0.000142	 0.000039	1.355279	 1.321556	 0.013267	 0.002290	 0.009210
272	 0.005217	 0.004839	 0.000078	 0.000205	 0.000059	1.360496	 1.326395	 0.013345	 0.002495	 0.009269
273	 0.005597	 0.005048	 0.000059	 0.000407	 0.000041	1.366093	 1.331443	 0.013404	 0.002902	 0.009310
274	 0.005106	 0.004722	 0.000061	 0.000212	 0.000059	1.371199	 1.336165	 0.013465	 0.003114	 0.009369
275	 0.005198	 0.004787	 0.000030	 0.000313	 0.000033	1.376397	 1.340952	 0.013495	 0.003427	 0.009402
276	 0.005688	 0.004952	 0.000055	 0.000561	 0.000071	1.382085	 1.345904	 0.013550	 0.003988	 0.009473
277	 0.005729	 0.005404	 0.000035	 0.000218	 0.000035	1.387814	 1.351308	 0.013585	 0.004206	 0.009508
278	 0.005191	 0.004843	 0.000057	 0.000177	 0.000060	1.393005	 1.356151	 0.013642	 0.004383	 0.009568
279	 0.005419	 0.005000	 0.000090	 0.000222	 0.000054	1.398424	 1.361151	 0.013732	 0.004605	 0.009622
280	 0.004435	 0.004065	 0.000054	 0.000211	 0.000056	1.402859	 1.365216	 0.013786	 0.004816	 0.009678
281	 0.005114	 0.004733	 0.000050	 0.000257	 0.000033	1.407973	 1.369949	 0.013836	 0.005073	 0.009711
282	 0.005064	 0.004636	 0.000053	 0.000266	 0.000046	1.413037	 1.374585	 0.013889	 0.005339	 0.009757
283	 0.005010	 0.004689	 0.000036	 0.000218	 0.000027	1.418047	 1.379274	 0.013925	 0.005557	 0.009784
284	 0.005207	 0.004923	 0.000035	 0.000181	 0.000027	1.423254	 1.384197	 0.013960	 0.005738	 0.009811
285	 0.005579	 0.005059	 0.000073	 0.000321	 0.000080	1.428833	 1.389256	 0.014033	 0.006059	 0.009891
286	 0.005531	 0.005273	 0.000052	 0.000149	 0.000025	1.434364	 1.394529	 0.014085	 0.006208	 0.009916
287	 0.005447	 0.005115	 0.000066	 0.000176	 0.000048	1.439811	 1.399644	 0.014151	 0.006384	 0.009964
288	 0.005026	 0.004750	 0.000035	 0.000148	 0.000041	1.444837	 1.404394	 0.014186	 0.006532	 0.010005
289	 0.005432	 0.005040	 0.000033	 0.000289	 0.000035	1.450269	 1.409434	 0.014219	 0.006821	 0.010040
290	 0.005479	 0.005157	 0.000095	 0.000114	 0.000067	1.455748	 1.414591	 0.014314	 0.006935	 0.010107
291	 0.004983	 0.004735	 0.000054	 0.000114	 0.000038	1.460731	 1.419326	 0.014368	 0.007049	 0.010145
292	 0.005338	 0.005009	 0.000075	 0.000148	 0.000065	1.466069	 1.424335	 0.014443	 0.007197	 0.010210
293	 0.005191	 0.004898	 0.000039	 0.000179	 0.000024	1.471260	 1.429233	 0.014482	 0.007376	 0.010234
294	 0.004688	 0.004216	 0.000039	 0.000366	 0.000026	1.475948	 1.433449	 0.014521	 0.007742	 0.010260
295	 0.005880	 0.005085	 0.000141	 0.000510	 0.000083	1.481828	 1.438534	 0.014662	 0.008252	 0.010343
296	 0.005588	 0.005171	 0.000059	 0.000269	 0.000039	1.487416	 1.443705	 0.014721	 0.008521	 0.010382
297	 0.005870	 0.005298	 0.000043	 0.000444	 0.000038	1.493286	 1.449003	 0.014764	 0.008965	 0.010420
298	 0.004992	 0.004588	 0.000034	 0.000298	 0.000035	1.498278	 1.453591	 0.014798	 0.009263	 0.010455
299	 0.004989	 0.004651	 0.000054	 0.000187	 0.000056	1.503267	 1.458242	 0.014852	 0.009450	 0.010511
300	 0.005092	 0.004772	 0.000053	 0.000197	 0.000035	1.508359	 1.463014	 0.014905	 0.009647	 0.010546
301	 0.005236	 0.004597	 0.000082	 0.000448	 0.000062	1.513595	 1.467611	 0.014987	 0.010095	 0.010608
302	 0.006023	 0.005392	 0.000040	 0.000508	 0.000040	1.519618	 1.473003	 0.015027	 0.010603	 0.010648
303	 0.005766	 0.005230	 0.000063	 0.000366	 0.000065	1.525384	 1.478233	 0.015090	 0.010969	 0.010713
304	 0.005407	 0.004824	 0.000034	 0.000478	 0.000037	1.530791	 1.483057	 0.015124	 0.011447	 0.010750
305	 0.006166	 0.005684	 0.000061	 0.000305	 0.000071	1.536957	 1.488741	 0.015185	 0.011752	 0.010821
306	 0.005995	 0.005738	 0.000040	 0.000133	 0.000040	1.542952	 1.494479	 0.015225	 0.011885	 0.010861
307	 0.005967	 0.005519	 0.000066	 0.000261	 0.000066	1.548919	 1.499998	 0.015291	 0.012146	 0.010927
308	 0.005682	 0.005144	 0.000060	 0.000396	 0.000041	1.554601	 1.505142	 0.015351	 0.012542	 0.010968
309	 0.005587	 0.005096	 0.000073	 0.000313	 0.000061	1.560188	 1.510238	 0.015424	 0.012855	 0.011029
310	 0.006280	 0.005534	 0.000039	 0.000627	 0.000039	1.566468	 1.515772	 0.015463	 0.013482	 0.011068
311	 0.006083	 0.005431	 0.000064	 0.000478	 0.000064	1.572551	 1.521203	 0.015527	 0.013960	 0.011132
312	 0.006639	 0.005766	 0.000048	 0.000731	 0.000045	1.579190	 1.526969	 0.015575	 0.014691	 0.011177
313	 0.005413	 0.004438	 0.000093	 0.000769	 0.000069	1.584603	 1.531407	 0.015668	 0.015460	 0.011246
314	 0.005449	 0.004922	 0.000032	 0.000411	 0.000037	1.590052	 1.536329	 0.015700	 0.015871	 0.011283
315	 0.006887	 0.006265	 0.000077	 0.000389	 0.000095	1.596939	 1.542594	 0.015777	 0.016260	 0.011378
316	 0.006603	 0.006118	 0.000044	 0.000349	 0.000039	1.603542	 1.548712	 0.015821	 0.016609	 0.011417
317	 0.006654	 0.006235	 0.000043	 0.000270	 0.000043	1.610196	 1.554947	 0.015864	 0.016879	 0.011460
318	 0.006957	 0.006569	 0.000039	 0.000271	 0.000029	1.617153	 1.561516	 0.015903	 0.017150	 0.011489
319	 0.006528	 0.006236	 0.000036	 0.000181	 0.000028	1.623681	 1.567752	 0.015939	 0.017331	 0.011517
320	 0.006025	 0.005609	 0.000038	 0.000306	 0.000028	1.629706	 1.573361	 0.015977	 0.017637	 0.011545
321	 0.005937	 0.005621	 0.000036	 0.000202	 0.000027	1.635643	 1.578982	 0.016013	 0.017839	 0.011572
322	 0.005816	 0.005247	 0.000081	 0.000393	 0.000029	1.641459	 1.584229	 0.016094	 0.018232	 0.011601
323	 0.005597	 0.005240	 0.000037	 0.000241	 0.000035	1.647056	 1.589469	 0.016131	 0.018473	 0.011636
324	 0.005329	 0.004873	 0.000048	 0.000340	 0.000034	1.652385	 1.594342	 0.016179	 0.018813	 0.011670
325	 0.005116	 0.004652	 0.000065	 0.000289	 0.000060	1.657501	 1.598994	 0.016244	 0.019102	 0.011730
326	 0.004822	 0.004579	 0.000049	 0.000124	 0.000036	1.662323	 1.603573	 0.016293	 0.019226	 0.011766
327	 0.006116	 0.005555	 0.000096	 0.000331	 0.000082	1.668439	 1.609128	 0.016389	 0.019557	 0.011848
328	 0.004650	 0.004060	 0.000056	 0.000446	 0.000043	1.673089	 1.613188	 0.016445	 0.020003	 0.011891
329	 0.004335	 0.004052	 0.000057	 0.000129	 0.000056	1.677424	 1.617240	 0.016502	 0.020132	 0.011947
330	 0.005289	 0.004809	 0.000029	 0.000385	 0.000033	1.682713	 1.622049	 0.016531	 0.020517	 0.011980
331	 0.005326	 0.004705	 0.000057	 0.000457	 0.000059	1.688039	 1.626754	 0.016588	 0.020974	 0.012039
332	 0.005041	 0.004735	 0.000029	 0.000211	 0.000032	1.693080	 1.631489	 0.016617	 0.021185	 0.012071
333	 0.006160	 0.005466	 0.000075	 0.000487	 0.000073	1.699240	 1.636955	 0.016692	 0.021672	 0.012144
334	 0.005338	 0.005042	 0.000042	 0.000174	 0.000041	1.704578	 1.641997	 0.016734	 0.021846	 0.012185
335	 0.005141	 0.004766	 0.000056	 0.000213	 0.000057	1.709719	 1.646763	 0.016790	 0.022059	 0.012242
336	 0.005692	 0.005004	 0.000033	 0.000587	 0.000033	1.715411	 1.651767	 0.016823	 0.022646	 0.012275
337	 0.004969	 0.004482	 0.000083	 0.000301	 0.000060	1.720380	 1.656249	 0.016906	 0.022947	 0.012335
338	 0.005868	 0.005574	 0.000049	 0.000157	 0.000035	1.726248	 1.661823	 0.016955	 0.023104	 0.012370
339	 0.007579	 0.006922	 0.000051	 0.000516	 0.000042	1.733827	 1.668745	 0.017006	 0.023620	 0.012412
340	 0.006846	 0.006480	 0.000038	 0.000237	 0.000040	1.740673	 1.675225	 0.017044	 0.023857	 0.012452
341	 0.006701	 0.006068	 0.000068	 0.000464	 0.000045	1.747374	 1.681293	 0.017112	 0.024321	 0.012497
342	 0.006532	 0.006111	 0.000071	 0.000239	 0.000056	1.753906	 1.687404	 0.017183	 0.024560	 0.012553
343	 0.006891	 0.006343	 0.000065	 0.000369	 0.000045	1.760797	 1.693747	 0.017248	 0.024929	 0.012598
344	 0.007027	 0.006449	 0.000043	 0.000442	 0.000042	1.767824	 1.700196	 0.017291	 0.025371	 0.012640
345	 0.007305	 0.006836	 0.000052	 0.000286	 0.000060	1.775129	 1.707032	 0.017343	 0.025657	 0.012700
346	 0.006945	 0.006390	 0.000043	 0.000402	 0.000045	1.782074	 1.713422	 0.017386	 0.026059	 0.012745
347	 0.007572	 0.006665	 0.000065	 0.000726	 0.000048	1.789646	 1.720087	 0.017451	 0.026785	 0.012793
348	 0.007637	 0.007195	 0.000045	 0.000318	 0.000032	1.797283	 1.727282	 0.017496	 0.027103	 0.012825
349	 0.007705	 0.006789	 0.000141	 0.000643	 0.000066	1.804988	 1.734071	 0.017637	 0.027746	 0.012891
350	 0.008274	 0.007137	 0.000077	 0.000948	 0.000049	1.813262	 1.741208	 0.017714	 0.028694	 0.012940
351	 0.007222	 0.006707	 0.000050	 0.000362	 0.000044	1.820484	 1.747915	 0.017764	 0.029056	 0.012984
352	 0.007223	 0.006855	 0.000051	 0.000214	 0.000047	1.827707	 1.754770	 0.017815	 0.029270	 0.013031
353	 0.007733	 0.007316	 0.000046	 0.000255	 0.000050	1.835440	 1.762086	 0.017861	 0.029525	 0.013081
354	 0.007390	 0.006779	 0.000047	 0.000468	 0.000033	1.842830	 1.768865	 0.017908	 0.029993	 0.013114
355	 0.007782	 0.007114	 0.000075	 0.000480	 0.000042	1.850612	 1.775979	 0.017983	 0.030473	 0.013156
356	 0.007142	 0.006416	 0.000069	 0.000528	 0.000061	1.857754	 1.782395	 0.018052	 0.031001	 0.013217
357	 0.007518	 0.006834	 0.000044	 0.000528	 0.000046	1.865272	 1.789229	 0.018096	 0.031529	 0.013263
358	 0.007894	 0.007210	 0.000091	 0.000477	 0.000058	1.873166	 1.796439	 0.018187	 0.032006	 0.013321
359	 0.007673	 0.006960	 0.000097	 0.000469	 0.000073	1.880839	 1.803399	 0.018284	 0.032475	 0.013394
360	 0.006924	 0.006131	 0.000063	 0.000633	 0.000042	1.887763	 1.809530	 0.018347	 0.033108	 0.013436
361	 0.006806	 0.006382	 0.000053	 0.000271	 0.000041	1.894569	 1.815912	 0.018400	 0.033379	 0.013477
362	 0.006566	 0.005997	 0.000077	 0.000374	 0.000057	1.901135	 1.821909	 0.018477	 0.033753	 0.013534
363	 0.006770	 0.006073	 0.000059	 0.000533	 0.000044	1.907905	 1.827982	 0.018536	 0.034286	 0.013578
364	 0.007304	 0.006837	 0.000044	 0.000324	 0.000043	1.915209	 1.834819	 0.018580	 0.034610	 0.013621
365	 0.006720	 0.006059	 0.000063	 0.000498	 0.000043	1.921929	 1.840878	 0.018643	 0.035108	 0.013664
366	 0.006243	 0.005652	 0.000067	 0.000385	 0.000070	1.928172	 1.846530	 0.018710	 0.035493	 0.013734
367	 0.006622	 0.006310	 0.000046	 0.000168	 0.000033	1.934794	 1.852840	 0.018756	 0.035661	 0.013767
368	 0.005942	 0.005589	 0.000044	 0.000224	 0.000032	1.940736	 1.858429	 0.018800	 0.035885	 0.013799
369	 0.006858	 0.006070	 0.000077	 0.000598	 0.000060	1.947594	 1.864499	 0.018877	 0.036483	 0.013859
370	 0.006268	 0.005909	 0.000042	 0.000225	 0.000044	1.953862	 1.870408	 0.018919	 0.036708	 0.013903
371	 0.006899	 0.006323	 0.000066	 0.000387	 0.000071	1.960761	 1.876731	 0.018985	 0.037095	 0.013974
372	 0.006417	 0.005481	 0.000087	 0.000698	 0.000078	1.967178	 1.882212	 0.019072	 0.037793	 0.014052
373	 0.005759	 0.005352	 0.000047	 0.000268	 0.000041	1.972937	 1.887564	 0.019119	 0.038061	 0.014093
374	 0.006218	 0.005741	 0.000048	 0.000336	 0.000042	1.979155	 1.893305	 0.019167	 0.038397	 0.014135
375	 0.006731	 0.006140	 0.000050	 0.000444	 0.000045	1.985886	 1.899445	 0.019217	 0.038841	 0.014180
376	 0.006848	 0.006522	 0.000059	 0.000169	 0.000039	1.992734	 1.905967	 0.019276	 0.039010	 0.014219
377	 0.006329	 0.006021	 0.000044	 0.000177	 0.000033	1.999063	 1.911988	 0.019320	 0.039187	 0.014252
378	 0.006237	 0.005618	 0.000034	 0.000508	 0.000029	2.005300	 1.917606	 0.019354	 0.039695	 0.014281
379	 0.006431	 0.005921	 0.000052	 0.000352	 0.000035	2.011731	 1.923527	 0.019406	 0.040047	 0.014316
380	 0.006235	 0.005910	 0.000062	 0.000180	 0.000030	2.017966	 1.929437	 0.019468	 0.040227	 0.014346
381	 0.007070	 0.006530	 0.000065	 0.000345	 0.000056	2.025036	 1.935967	 0.019533	 0.040572	 0.014402
382	 0.006159	 0.005656	 0.000064	 0.000346	 0.000045	2.031195	 1.941623	 0.019597	 0.040918	 0.014447
383	 0.007027	 0.006219	 0.000069	 0.000627	 0.000069	2.038222	 1.947842	 0.019666	 0.041545	 0.014516
384	 0.006464	 0.005697	 0.000044	 0.000633	 0.000045	2.044686	 1.953539	 0.019710	 0.042178	 0.014561
385	 0.006640	 0.006105	 0.000111	 0.000292	 0.000080	2.051326	 1.959644	 0.019821	 0.042470	 0.014641
386	 0.006486	 0.005728	 0.000070	 0.000594	 0.000045	2.057812	 1.965372	 0.019891	 0.043064	 0.014686
387	 0.007358	 0.006926	 0.000080	 0.000237	 0.000068	2.065170	 1.972298	 0.019971	 0.043301	 0.014754
388	 0.006469	 0.005937	 0.000065	 0.000379	 0.000043	2.071639	 1.978235	 0.020036	 0.043680	 0.014797
389	 0.006819	 0.006250	 0.000087	 0.000362	 0.000068	2.078458	 1.984485	 0.020123	 0.044042	 0.014865
390	 0.006622	 0.006085	 0.000053	 0.000374	 0.000047	2.085080	 1.990570	 0.020176	 0.044416	 0.014912
391	 0.007050	 0.005991	 0.000100	 0.000836	 0.000075	2.092130	 1.996561	 0.020276	 0.045252	 0.014987
392	 0.006049	 0.005752	 0.000039	 0.000173	 0.000043	2.098179	 2.002313	 0.020315	 0.045425	 0.015030
393	 0.005823	 0.005100	 0.000070	 0.000530	 0.000075	2.104002	 2.007413	 0.020385	 0.045955	 0.015105
394	 0.007024	 0.006109	 0.000056	 0.000755	 0.000054	2.111026	 2.013522	 0.020441	 0.046710	 0.015159
395	 0.007756	 0.006843	 0.000074	 0.000707	 0.000078	2.118782	 2.020365	 0.020515	 0.047417	 0.015237
396	 0.007564	 0.006192	 0.000048	 0.001225	 0.000051	2.126346	 2.026557	 0.020563	 0.048642	 0.015288
397	 0.005740	 0.005304	 0.000069	 0.000244	 0.000070	2.132086	 2.031861	 0.020632	 0.048886	 0.015358
398	 0.006881	 0.006195	 0.000045	 0.000544	 0.000045	2.138967	 2.038056	 0.020677	 0.049430	 0.015403
399	 0.007024	 0.005793	 0.000080	 0.001021	 0.000078	2.145991	 2.043849	 0.020757	 0.050451	 0.015481
400	 0.006763	 0.005908	 0.000036	 0.000721	 0.000054	2.152754	 2.049757	 0.020793	 0.051172	 0.015535
401	 0.006369	 0.005428	 0.000071	 0.000736	 0.000076	2.159123	 2.055185	 0.020864	 0.051908	 0.015611
402	 0.008612	 0.006520	 0.000057	 0.001932	 0.000050	2.167735	 2.061705	 0.020921	 0.053840	 0.015661
403	 0.007265	 0.006187	 0.000075	 0.000876	 0.000076	2.175000	 2.067892	 0.020996	 0.054716	 0.015737
404	 0.006236	 0.005325	 0.000042	 0.000784	 0.000043	2.181236	 2.073217	 0.021038	 0.055500	 0.015780
405	 0.008333	 0.006177	 0.000089	 0.001952	 0.000069	2.189569	 2.079394	 0.021127	 0.057452	 0.015849
406	 0.008514	 0.006195	 0.000075	 0.002126	 0.000052	2.198083	 2.085589	 0.021202	 0.059578	 0.015901
407	 0.008785	 0.006023	 0.000065	 0.002600	 0.000047	2.206868	 2.091612	 0.021267	 0.062178	 0.015948
408	 0.009051	 0.006951	 0.000095	 0.001873	 0.000077	2.215919	 2.098563	 0.021362	 0.064051	 0.016025
409	 0.010094	 0.006962	 0.000080	 0.002936	 0.000052	2.226013	 2.105525	 0.021442	 0.066987	 0.016077
410	 0.007903	 0.006030	 0.000048	 0.001738	 0.000031	2.233916	 2.111555	 0.021490	 0.068725	 0.016108
411	 0.007314	 0.006262	 0.000049	 0.000905	 0.000041	2.241230	 2.117817	 0.021539	 0.069630	 0.016149
412	 0.007774	 0.006145	 0.000049	 0.001488	 0.000035	2.249004	 2.123962	 0.021588	 0.071118	 0.016184
413	 0.008556	 0.006282	 0.000071	 0.002089	 0.000060	2.257560	 2.130244	 0.021659	 0.073207	 0.016244
