Iter 	incumb_est 	candid_est 	error
1 	-37.361159 	-56.692174 	-0.517409
2 	-37.231304 	-43.588758 	-0.170756
3 	-39.477439 	-39.892239 	-0.010507
4 	-40.537733 	-41.278558 	-0.018275
5 	-39.673693 	-39.952522 	-0.007028
6 	-40.913357 	-41.117500 	-0.004990
7 	-42.020382 	-43.138137 	-0.026600
8 	-42.282289 	-42.607411 	-0.007689
9 	-41.744682 	-42.164522 	-0.010057
10 	-42.010708 	-42.238154 	-0.005414
11 	-41.339085 	-41.589653 	-0.006061
12 	-41.438714 	-41.767197 	-0.007927
13 	-41.012957 	-41.149470 	-0.003329
14 	-40.911145 	-41.327383 	-0.010174
15 	-40.492024 	-40.577096 	-0.002101
16 	-40.474195 	-40.803869 	-0.008145
17 	-40.379890 	-40.444008 	-0.001588
18 	-40.403776 	-40.541298 	-0.003404
19 	-40.072428 	-40.170198 	-0.002440
20 	-40.221808 	-40.491660 	-0.006709
21 	-40.022126 	-40.136350 	-0.002854
22 	-40.304343 	-40.387450 	-0.002062
23 	-40.399666 	-40.529666 	-0.003218
24 	-40.678766 	-40.739478 	-0.001492
25 	-40.476654 	-40.582702 	-0.002620
26 	-40.560115 	-40.779679 	-0.005413
27 	-40.548308 	-40.667357 	-0.002936
28 	-40.424872 	-40.659602 	-0.005807
29 	-40.371879 	-40.543973 	-0.004263
30 	-40.590669 	-40.674924 	-0.002076
31 	-40.643857 	-40.702911 	-0.001453
32 	-40.585493 	-40.644332 	-0.001450
33 	-40.661305 	-40.720609 	-0.001458
34 	-40.607685 	-40.652594 	-0.001106
35 	-40.767786 	-40.800116 	-0.000793
36 	-40.833094 	-40.837144 	-0.000099
37 	-40.810825 	-40.814335 	-0.000086
38 	-40.924979 	-40.928013 	-0.000074
39 	-40.844812 	-40.847427 	-0.000064
40 	-41.019969 	-41.022213 	-0.000055
41 	-41.191337 	-41.204610 	-0.000322
42 	-41.239156 	-41.251279 	-0.000294
43 	-41.190987 	-41.192368 	-0.000034
44 	-41.160592 	-41.163578 	-0.000073
45 	-41.139957 	-41.140925 	-0.000024
46 	-41.129677 	-41.132877 	-0.000078
47 	-41.123069 	-41.123723 	-0.000016
48 	-41.217007 	-41.220411 	-0.000083
49 	-41.088283 	-41.088403 	-0.000003
50 	-41.019436 	-41.019874 	-0.000011
51 	-41.110503 	-41.111723 	-0.000030
52 	-41.095747 	-41.096320 	-0.000014
53 	-41.118955 	-41.119848 	-0.000022
54 	-41.135444 	-41.136158 	-0.000017
55 	-41.127181 	-41.127816 	-0.000015
56 	-41.162346 	-41.163204 	-0.000021
57 	-41.109215 	-41.109649 	-0.000011
58 	-41.074781 	-41.075786 	-0.000024
59 	-41.075832 	-41.076113 	-0.000007
60 	-41.054910 	-41.056062 	-0.000028
61 	-40.985719 	-40.985888 	-0.000004
62 	-41.108240 	-41.108270 	-0.000001
63 	-41.091370 	-41.091459 	-0.000002
64 	-41.133493 	-41.134011 	-0.000013
65 	-40.983821 	-40.984266 	-0.000011
66 	-40.965556 	-40.968541 	-0.000073
67 	-40.961900 	-40.962207 	-0.000007
68 	-40.926680 	-40.929810 	-0.000076
69 	-40.939174 	-40.939374 	-0.000005
70 	-41.013485 	-41.016754 	-0.000080
71 	-41.000098 	-41.000218 	-0.000003
72 	-41.105259 	-41.105572 	-0.000008
73 	-41.058001 	-41.060309 	-0.000056
74 	-41.066770 	-41.067165 	-0.000010
75 	-41.059206 	-41.061153 	-0.000047
76 	-41.139863 	-41.140345 	-0.000012
77 	-41.219488 	-41.221121 	-0.000040
78 	-41.191928 	-41.192501 	-0.000014
79 	-41.207940 	-41.209300 	-0.000033
80 	-41.244695 	-41.245361 	-0.000016
81 	-41.253842 	-41.254966 	-0.000027
82 	-41.311033 	-41.311795 	-0.000018
83 	-41.213849 	-41.213896 	-0.000001
84 	-41.170512 	-41.173271 	-0.000067
85 	-41.137951 	-41.137970 	-0.000000
86 	-41.096012 	-41.098886 	-0.000070
87 	-41.114276 	-41.114280 	-0.000000
88 	-41.085488 	-41.088473 	-0.000073
89 	-41.048727 	-41.048727 	-0.000000
90 	-41.067185 	-41.070279 	-0.000075
91 	-41.150525 	-41.151075 	-0.000013
92 	-41.178790 	-41.179402 	-0.000015
93 	-41.233010 	-41.233735 	-0.000018
94 	-41.311088 	-41.311112 	-0.000001
95 	-41.322736 	-41.322750 	-0.000000
96 	-41.336511 	-41.336823 	-0.000008
97 	-41.233675 	-41.233827 	-0.000004
98 	-41.211701 	-41.211701 	-0.000000
99 	-41.199389 	-41.199389 	-0.000000
100 	-41.156659 	-41.156661 	-0.000000
101 	-41.128160 	-41.128867 	-0.000017
102 	-41.108387 	-41.108398 	-0.000000
103 	-41.157019 	-41.157603 	-0.000014
104 	-41.122962 	-41.122989 	-0.000001
105 	-41.084637 	-41.085114 	-0.000012
106 	-41.115910 	-41.115958 	-0.000001
107 	-41.089350 	-41.089733 	-0.000009
108 	-41.085563 	-41.085637 	-0.000002
109 	-41.120033 	-41.120335 	-0.000007
110 	-41.087785 	-41.087890 	-0.000003
111 	-41.053943 	-41.054177 	-0.000006
112 	-41.043198 	-41.043339 	-0.000003
113 	-41.004143 	-41.004319 	-0.000004
114 	-41.010672 	-41.010851 	-0.000004
115 	-41.076469 	-41.077607 	-0.000028
116 	-41.054638 	-41.054745 	-0.000003
117 	-41.037854 	-41.037943 	-0.000002
118 	-41.046346 	-41.048036 	-0.000041
119 	-41.013477 	-41.013535 	-0.000001
120 	-41.007172 	-41.007263 	-0.000002
121 	-40.956975 	-40.957081 	-0.000003
122 	-40.924824 	-40.924993 	-0.000004
123 	-40.894252 	-40.894389 	-0.000003
124 	-40.890772 	-40.890897 	-0.000003
125 	-40.908392 	-40.908564 	-0.000004
126 	-40.903319 	-40.903408 	-0.000002
127 	-40.916227 	-40.916437 	-0.000005
128 	-40.909037 	-40.909097 	-0.000001
129 	-40.895082 	-40.895332 	-0.000006
130 	-40.954212 	-40.955031 	-0.000020
131 	-40.933723 	-40.933751 	-0.000001
132 	-40.960008 	-40.960028 	-0.000000
133 	-40.952748 	-40.952762 	-0.000000
134 	-40.966077 	-40.966212 	-0.000003
135 	-40.942416 	-40.942420 	-0.000000
136 	-40.938011 	-40.938177 	-0.000004
137 	-40.906544 	-40.906544 	-0.000000
138 	-40.962356 	-40.962406 	-0.000001
139 	-40.972437 	-40.973720 	-0.000031
140 	-41.026460 	-41.026491 	-0.000001
141 	-41.033450 	-41.033473 	-0.000001
142 	-41.086954 	-41.087227 	-0.000007
143 	-41.078040 	-41.078608 	-0.000014
144 	-41.025629 	-41.026605 	-0.000024
145 	-41.026339 	-41.026414 	-0.000002
146 	-40.999011 	-41.000045 	-0.000025
147 	-41.000522 	-41.000574 	-0.000001
148 	-40.935396 	-40.937535 	-0.000052
149 	-40.919728 	-40.919782 	-0.000001
150 	-40.921855 	-40.921880 	-0.000001
151 	-40.899876 	-40.899948 	-0.000002
152 	-40.877863 	-40.877877 	-0.000000
153 	-40.860757 	-40.860851 	-0.000002
154 	-40.872405 	-40.872411 	-0.000000
155 	-40.874029 	-40.874147 	-0.000003
156 	-40.883394 	-40.883395 	-0.000000
157 	-40.876739 	-40.876882 	-0.000004
158 	-40.847712 	-40.847869 	-0.000004
159 	-40.853568 	-40.854131 	-0.000014
160 	-40.833292 	-40.833477 	-0.000005
161 	-40.835711 	-40.836205 	-0.000012
162 	-40.830634 	-40.830849 	-0.000005
163 	-40.878424 	-40.878960 	-0.000013
164 	-40.902407 	-40.902412 	-0.000000
165 	-40.912970 	-40.912972 	-0.000000
166 	-40.876994 	-40.877111 	-0.000003
167 	-40.923219 	-40.923258 	-0.000001
168 	-40.904519 	-40.904556 	-0.000001
169 	-40.885944 	-40.885968 	-0.000001
170 	-40.855295 	-40.855642 	-0.000008
171 	-40.882984 	-40.883039 	-0.000001
172 	-40.870669 	-40.870736 	-0.000002
173 	-40.850211 	-40.850840 	-0.000015
174 	-40.845279 	-40.845365 	-0.000002
175 	-40.811629 	-40.811786 	-0.000004
176 	-40.796410 	-40.796867 	-0.000011
177 	-40.815590 	-40.815717 	-0.000003
178 	-40.824584 	-40.825078 	-0.000012
179 	-40.854153 	-40.854254 	-0.000002
180 	-40.841353 	-40.841886 	-0.000013
181 	-40.823143 	-40.823221 	-0.000002
182 	-40.823995 	-40.824568 	-0.000014
183 	-40.782503 	-40.782512 	-0.000000
184 	-40.765319 	-40.765332 	-0.000000
185 	-40.763053 	-40.763070 	-0.000000
186 	-40.743372 	-40.743393 	-0.000001
187 	-40.745504 	-40.745530 	-0.000001
188 	-40.752466 	-40.752497 	-0.000001
189 	-40.750962 	-40.750999 	-0.000001
190 	-40.748750 	-40.748793 	-0.000001
191 	-40.747300 	-40.747349 	-0.000001
192 	-40.787510 	-40.787570 	-0.000001
193 	-40.757645 	-40.757653 	-0.000000
194 	-40.757279 	-40.757291 	-0.000000
195 	-40.758435 	-40.758450 	-0.000000
196 	-40.739460 	-40.739479 	-0.000000
197 	-40.728692 	-40.728716 	-0.000001
198 	-40.767568 	-40.767657 	-0.000002
199 	-40.755229 	-40.755308 	-0.000002
200 	-40.724237 	-40.724239 	-0.000000
201 	-40.762687 	-40.762848 	-0.000004
202 	-40.797318 	-40.797465 	-0.000004
203 	-40.835521 	-40.836196 	-0.000017
204 	-40.837999 	-40.838010 	-0.000000
205 	-40.834948 	-40.835561 	-0.000015
206 	-40.837405 	-40.837423 	-0.000000
207 	-40.836128 	-40.836683 	-0.000014
208 	-40.873821 	-40.873901 	-0.000002
209 	-40.879315 	-40.879316 	-0.000000
210 	-40.859988 	-40.860050 	-0.000002
211 	-40.879684 	-40.879687 	-0.000000
212 	-40.845051 	-40.845056 	-0.000000
213 	-40.850225 	-40.850232 	-0.000000
214 	-40.886350 	-40.887166 	-0.000020
215 	-40.883550 	-40.883649 	-0.000002
216 	-40.866119 	-40.866208 	-0.000002
217 	-40.827833 	-40.829131 	-0.000032
218 	-40.815254 	-40.815255 	-0.000000
219 	-40.825666 	-40.825667 	-0.000000
220 	-40.810696 	-40.810698 	-0.000000
221 	-40.787423 	-40.787537 	-0.000003
222 	-40.780074 	-40.780308 	-0.000006
223 	-40.756944 	-40.757353 	-0.000010
224 	-40.731127 	-40.731137 	-0.000000
225 	-40.726972 	-40.727848 	-0.000022
226 	-40.727645 	-40.727661 	-0.000000
227 	-40.716439 	-40.717352 	-0.000022
228 	-40.698438 	-40.698461 	-0.000001
229 	-40.684640 	-40.684667 	-0.000001
230 	-40.690431 	-40.690463 	-0.000001
231 	-40.650339 	-40.650550 	-0.000005
232 	-40.669978 	-40.670199 	-0.000005
233 	-40.698378 	-40.698610 	-0.000006
234 	-40.659344 	-40.659587 	-0.000006
235 	-40.669988 	-40.670243 	-0.000006
236 	-40.653075 	-40.653340 	-0.000007
237 	-40.644819 	-40.645096 	-0.000007
238 	-40.653552 	-40.653841 	-0.000007
239 	-40.655247 	-40.655548 	-0.000007
240 	-40.654082 	-40.654394 	-0.000008
241 	-40.668618 	-40.668942 	-0.000008
242 	-40.656063 	-40.656097 	-0.000001
243 	-40.674487 	-40.674836 	-0.000009
244 	-40.671926 	-40.671951 	-0.000001
245 	-40.663155 	-40.663529 	-0.000009
246 	-40.651144 	-40.651162 	-0.000000
247 	-40.673184 	-40.673583 	-0.000010
248 	-40.659277 	-40.659288 	-0.000000
249 	-40.667165 	-40.667590 	-0.000010
250 	-40.664696 	-40.664702 	-0.000000
251 	-40.662980 	-40.663432 	-0.000011
252 	-40.684328 	-40.684331 	-0.000000
253 	-40.705195 	-40.705673 	-0.000012
254 	-40.670251 	-40.670297 	-0.000001
255 	-40.674608 	-40.674659 	-0.000001
256 	-40.662887 	-40.662943 	-0.000001
257 	-40.653187 	-40.653249 	-0.000002
258 	-40.650109 	-40.650176 	-0.000002
259 	-40.652145 	-40.652219 	-0.000002
260 	-40.680056 	-40.680062 	-0.000000
261 	-40.653366 	-40.653397 	-0.000001
262 	-40.642031 	-40.642066 	-0.000001
263 	-40.656449 	-40.656488 	-0.000001
264 	-40.655066 	-40.655109 	-0.000001
265 	-40.674107 	-40.674156 	-0.000001
266 	-40.660165 	-40.660218 	-0.000001
267 	-40.652420 	-40.652478 	-0.000001
268 	-40.631556 	-40.631789 	-0.000006
269 	-40.626099 	-40.626137 	-0.000001
270 	-40.631451 	-40.631703 	-0.000006
271 	-40.634759 	-40.634788 	-0.000001
272 	-40.615760 	-40.616319 	-0.000014
273 	-40.613785 	-40.613792 	-0.000000
274 	-40.602647 	-40.603233 	-0.000014
275 	-40.622475 	-40.622485 	-0.000000
276 	-40.627531 	-40.628143 	-0.000015
277 	-40.643512 	-40.643527 	-0.000000
278 	-40.632740 	-40.633379 	-0.000016
279 	-40.637550 	-40.637571 	-0.000001
280 	-40.652692 	-40.652716 	-0.000001
281 	-40.626014 	-40.626162 	-0.000004
282 	-40.617929 	-40.618085 	-0.000004
283 	-40.632331 	-40.632495 	-0.000004
284 	-40.622046 	-40.623272 	-0.000030
285 	-40.633868 	-40.634047 	-0.000004
286 	-40.658787 	-40.658865 	-0.000002
287 	-40.675970 	-40.675985 	-0.000000
288 	-40.691049 	-40.691066 	-0.000000
289 	-40.677871 	-40.678120 	-0.000006
290 	-40.660415 	-40.660547 	-0.000003
291 	-40.667209 	-40.668960 	-0.000043
292 	-40.690901 	-40.690905 	-0.000000
293 	-40.707769 	-40.707774 	-0.000000
294 	-40.723022 	-40.723589 	-0.000014
295 	-40.746612 	-40.746659 	-0.000001
296 	-40.739586 	-40.739628 	-0.000001
297 	-40.739529 	-40.739567 	-0.000001
298 	-40.732366 	-40.732926 	-0.000014
299 	-40.716686 	-40.716715 	-0.000001
300 	-40.740192 	-40.740364 	-0.000004
301 	-40.753087 	-40.753296 	-0.000005
302 	-40.743402 	-40.743626 	-0.000006
303 	-40.740939 	-40.741127 	-0.000005
304 	-40.732702 	-40.732944 	-0.000006
305 	-40.724947 	-40.725116 	-0.000004
306 	-40.711675 	-40.711933 	-0.000006
307 	-40.725667 	-40.725818 	-0.000004
308 	-40.748534 	-40.748584 	-0.000001
309 	-40.749804 	-40.750245 	-0.000011
310 	-40.739639 	-40.739698 	-0.000001
311 	-40.746118 	-40.746528 	-0.000010
312 	-40.746083 	-40.746152 	-0.000002
313 	-40.768359 	-40.768867 	-0.000012
314 	-40.790825 	-40.790921 	-0.000002
315 	-40.789583 	-40.789672 	-0.000002
316 	-40.792789 	-40.792872 	-0.000002
317 	-40.783003 	-40.783080 	-0.000002
318 	-40.795919 	-40.795989 	-0.000002
319 	-40.802151 	-40.802216 	-0.000002
320 	-40.797003 	-40.797063 	-0.000001
321 	-40.806458 	-40.806513 	-0.000001
322 	-40.828814 	-40.829075 	-0.000006
323 	-40.851379 	-40.851998 	-0.000015
324 	-40.854419 	-40.854419 	-0.000000
325 	-40.860112 	-40.860693 	-0.000014
326 	-40.843371 	-40.843410 	-0.000001
327 	-40.865163 	-40.865820 	-0.000016
328 	-40.856640 	-40.856645 	-0.000000
329 	-40.849546 	-40.850200 	-0.000016
330 	-40.847951 	-40.847954 	-0.000000
331 	-40.847254 	-40.847870 	-0.000015
332 	-40.846777 	-40.846778 	-0.000000
333 	-40.850508 	-40.851088 	-0.000014
334 	-40.841553 	-40.841553 	-0.000000
335 	-40.834132 	-40.834677 	-0.000013
336 	-40.832804 	-40.832804 	-0.000000
337 	-40.854138 	-40.854764 	-0.000015
338 	-40.852915 	-40.852976 	-0.000001
339 	-40.843473 	-40.843529 	-0.000001
340 	-40.831781 	-40.831833 	-0.000001
341 	-40.817590 	-40.817591 	-0.000000
342 	-40.797273 	-40.797297 	-0.000001
343 	-40.807235 	-40.807261 	-0.000001
344 	-40.813962 	-40.813991 	-0.000001
345 	-40.829029 	-40.829061 	-0.000001
346 	-40.841113 	-40.841148 	-0.000001
347 	-40.840602 	-40.840640 	-0.000001
348 	-40.860570 	-40.861036 	-0.000011
349 	-40.881093 	-40.881096 	-0.000000
350 	-40.892862 	-40.892864 	-0.000000
351 	-40.893609 	-40.893610 	-0.000000
352 	-40.884347 	-40.884347 	-0.000000
353 	-40.888738 	-40.888738 	-0.000000
354 	-40.902093 	-40.902093 	-0.000000
355 	-40.895874 	-40.895874 	-0.000000
356 	-40.889691 	-40.889691 	-0.000000
357 	-40.892147 	-40.892147 	-0.000000
358 	-40.912243 	-40.912297 	-0.000001
359 	-40.912519 	-40.912569 	-0.000001
360 	-40.932609 	-40.932830 	-0.000005
361 	-40.910377 	-40.910460 	-0.000002
362 	-40.930583 	-40.930869 	-0.000007
363 	-40.924328 	-40.924604 	-0.000007
364 	-40.935836 	-40.936101 	-0.000006
365 	-40.918856 	-40.918969 	-0.000003
366 	-40.906655 	-40.906762 	-0.000003
367 	-40.907559 	-40.907660 	-0.000002
368 	-40.900232 	-40.900233 	-0.000000
369 	-40.897264 	-40.897353 	-0.000002
370 	-40.908002 	-40.908004 	-0.000000
371 	-40.897692 	-40.897770 	-0.000002
372 	-40.917956 	-40.917992 	-0.000001
373 	-40.931591 	-40.931623 	-0.000001
374 	-40.922655 	-40.922684 	-0.000001
375 	-40.913941 	-40.913966 	-0.000001
376 	-40.902580 	-40.902603 	-0.000001
377 	-40.902813 	-40.902834 	-0.000001
378 	-40.895895 	-40.895913 	-0.000000
379 	-40.887076 	-40.887092 	-0.000000
380 	-40.907210 	-40.907341 	-0.000003
381 	-40.927438 	-40.927793 	-0.000009
382 	-40.928078 	-40.930373 	-0.000056
383 	-40.922835 	-40.923167 	-0.000008
384 	-40.936863 	-40.939184 	-0.000057
385 	-40.956176 	-40.956496 	-0.000008
386 	-40.950458 	-40.950883 	-0.000010
387 	-40.933544 	-40.933924 	-0.000009
388 	-40.937629 	-40.939761 	-0.000052
389 	-40.918188 	-40.918381 	-0.000005
390 	-40.898680 	-40.900008 	-0.000032
391 	-40.907454 	-40.907524 	-0.000002
392 	-40.899028 	-40.900380 	-0.000033
393 	-40.898732 	-40.898793 	-0.000001
394 	-40.903584 	-40.904958 	-0.000034
395 	-40.914168 	-40.914220 	-0.000001
396 	-40.909798 	-40.911196 	-0.000034
397 	-40.907310 	-40.907355 	-0.000001
398 	-40.905320 	-40.906741 	-0.000035
399 	-40.905955 	-40.905993 	-0.000001
400 	-40.919326 	-40.920771 	-0.000035
401 	-40.912552 	-40.912583 	-0.000001
402 	-40.904323 	-40.905790 	-0.000036
403 	-40.902564 	-40.902590 	-0.000001
404 	-40.894997 	-40.896488 	-0.000036
405 	-40.874194 	-40.874194 	-0.000000
406 	-40.877085 	-40.877085 	-0.000000
407 	-40.895972 	-40.896014 	-0.000001
408 	-40.883058 	-40.883060 	-0.000000
409 	-40.890172 	-40.890173 	-0.000000
410 	-40.890383 	-40.890384 	-0.000000
411 	-40.887781 	-40.887781 	-0.000000
412 	-40.882311 	-40.884088 	-0.000043
413 	-40.874434 	-40.874434 	-0.000000
